#
# There is insufficient memory for the Java Runtime Environment to continue.
# Native memory allocation (mmap) failed to map 479199232 bytes for committing reserved memory.
# Possible reasons:
#   The system is out of physical RAM or swap space
#   In 32 bit mode, the process size limit was hit
# Possible solutions:
#   Reduce memory load on the system
#   Increase physical memory or swap space
#   Check if swap backing store is full
#   Use 64 bit Java on a 64 bit OS
#   Decrease Java heap size (-Xmx/-Xms)
#   Decrease number of Java threads
#   Decrease Java thread stack sizes (-Xss)
#   Set larger code cache with -XX:ReservedCodeCacheSize=
# This output file may be truncated or incomplete.
#
#  Out of Memory Error (os_linux.cpp:2627), pid=21199, tid=139915323975424
#
# JRE version: Java(TM) SE Runtime Environment (8.0_91-b14) (build 1.8.0_91-b14)
# Java VM: Java HotSpot(TM) 64-Bit Server VM (25.91-b14 mixed mode linux-amd64 compressed oops)
# Failed to write core dump. Core dumps have been disabled. To enable core dumping, try "ulimit -c unlimited" before starting Java again
#

---------------  T H R E A D  ---------------

Current thread (0x00007f40ac13f000):  VMThread [stack: 0x00007f40931f2000,0x00007f40932f3000] [id=21206]

Stack: [0x00007f40931f2000,0x00007f40932f3000],  sp=0x00007f40932f1160,  free space=1020k
Native frames: (J=compiled Java code, j=interpreted, Vv=VM code, C=native code)
V  [libjvm.so+0xabc18a]  VMError::report_and_die()+0x2ba
V  [libjvm.so+0x4fafeb]  report_vm_out_of_memory(char const*, int, unsigned long, VMErrorType, char const*)+0x8b
V  [libjvm.so+0x91cbb3]  os::Linux::commit_memory_impl(char*, unsigned long, bool)+0x103
V  [libjvm.so+0x91d109]  os::pd_commit_memory(char*, unsigned long, unsigned long, bool)+0x29
V  [libjvm.so+0x91740a]  os::commit_memory(char*, unsigned long, unsigned long, bool)+0x2a
V  [libjvm.so+0x98b033]  PSVirtualSpace::expand_by(unsigned long)+0x53
V  [libjvm.so+0x98c438]  PSYoungGen::resize_generation(unsigned long, unsigned long)+0xf8
V  [libjvm.so+0x98b592]  PSYoungGen::resize(unsigned long, unsigned long)+0x22
V  [libjvm.so+0x98886b]  PSScavenge::invoke_no_policy()+0xf3b
V  [libjvm.so+0x988ff1]  PSScavenge::invoke()+0x41
V  [libjvm.so+0x9408b0]  ParallelScavengeHeap::failed_mem_allocate(unsigned long)+0x70
V  [libjvm.so+0xabdba7]  VM_ParallelGCFailedAllocation::doit()+0x97
V  [libjvm.so+0xac55d5]  VM_Operation::evaluate()+0x55
V  [libjvm.so+0xac39aa]  VMThread::evaluate_operation(VM_Operation*)+0xba
V  [libjvm.so+0xac3d2e]  VMThread::loop()+0x1ce
V  [libjvm.so+0xac41a0]  VMThread::run()+0x70
V  [libjvm.so+0x91ef78]  java_start(Thread*)+0x108

VM_Operation (0x00007f40b4ac18d0): ParallelGCFailedAllocation, mode: safepoint, requested by thread 0x00007f40ac00a000


---------------  P R O C E S S  ---------------

Java Threads: ( => current thread )
  0x00007f4038006800 JavaThread "NS-map-thread-2" [_thread_blocked, id=21220, stack(0x00007f4090e78000,0x00007f4090f79000)]
  0x00007f4038003000 JavaThread "NS-map-thread-1" [_thread_blocked, id=21219, stack(0x00007f4090f79000,0x00007f409107a000)]
  0x00007f40ac6bb000 JavaThread "NS-master-thread-0" [_thread_blocked, id=21218, stack(0x00007f409107a000,0x00007f409117b000)]
  0x00007f40ac5e9800 JavaThread "ProgressMeterDaemon" daemon [_thread_blocked, id=21217, stack(0x00007f4091784000,0x00007f4091885000)]
  0x00007f40ac18f800 JavaThread "Service Thread" daemon [_thread_blocked, id=21213, stack(0x00007f409227b000,0x00007f409237c000)]
  0x00007f40ac184800 JavaThread "C1 CompilerThread2" daemon [_thread_blocked, id=21212, stack(0x00007f409237c000,0x00007f409247d000)]
  0x00007f40ac182800 JavaThread "C2 CompilerThread1" daemon [_thread_blocked, id=21211, stack(0x00007f409247d000,0x00007f409257e000)]
  0x00007f40ac17f800 JavaThread "C2 CompilerThread0" daemon [_thread_blocked, id=21210, stack(0x00007f409257e000,0x00007f409267f000)]
  0x00007f40ac17e000 JavaThread "Signal Dispatcher" daemon [_thread_blocked, id=21209, stack(0x00007f409267f000,0x00007f4092780000)]
  0x00007f40ac14b000 JavaThread "Finalizer" daemon [_thread_blocked, id=21208, stack(0x00007f4092ff0000,0x00007f40930f1000)]
  0x00007f40ac146800 JavaThread "Reference Handler" daemon [_thread_blocked, id=21207, stack(0x00007f40930f1000,0x00007f40931f2000)]
  0x00007f40ac00a000 JavaThread "main" [_thread_blocked, id=21201, stack(0x00007f40b49c3000,0x00007f40b4ac4000)]

Other Threads:
=>0x00007f40ac13f000 VMThread [stack: 0x00007f40931f2000,0x00007f40932f3000] [id=21206]
  0x00007f40ac192800 WatcherThread [stack: 0x00007f409217a000,0x00007f409227b000] [id=21214]

VM state:at safepoint (normal execution)

VM Mutex/Monitor currently owned by a thread:  ([mutex/lock_event])
[0x00007f40ac006340] Threads_lock - owner thread: 0x00007f40ac13f000
[0x00007f40ac006840] Heap_lock - owner thread: 0x00007f40ac00a000

Heap:
 PSYoungGen      total 5051392K, used 28068K [0x000000066ab00000, 0x00000007a3700000, 0x00000007c0000000)
  eden space 4988928K, 0% used [0x000000066ab00000,0x000000066ab00000,0x000000079b300000)
  from space 62464K, 44% used [0x000000079bd00000,0x000000079d869328,0x000000079fa00000)
  to   space 4096K, 0% used [0x00000007a3300000,0x00000007a3300000,0x00000007a3700000)
 ParOldGen       total 473088K, used 224525K [0x00000003c0000000, 0x00000003dce00000, 0x000000066ab00000)
  object space 473088K, 47% used [0x00000003c0000000,0x00000003cdb43690,0x00000003dce00000)
 Metaspace       used 19381K, capacity 19709K, committed 19840K, reserved 1067008K
  class space    used 2026K, capacity 2082K, committed 2176K, reserved 1048576K

Card table byte_map: [0x00007f409afff000,0x00007f409d000000] byte_map_base: 0x00007f40991ff000

Marking Bits: (ParMarkBitMap*) 0x00007f40b3ea3d60
 Begin Bits: [0x00007f405c000000, 0x00007f406c000000)
 End Bits:   [0x00007f406c000000, 0x00007f407c000000)

Polling page: 0x00007f40b4aec000

CodeCache: size=245760Kb used=16248Kb max_used=16919Kb free=229511Kb
 bounds [0x00007f409d000000, 0x00007f409e140000, 0x00007f40ac000000]
 total_blobs=4534 nmethods=4079 adapters=367
 compilation: enabled

Compilation events (10 events):
Event: 533,957 Thread 0x00007f40ac184800 6292       3       org.broadinstitute.gatk.tools.walkers.haplotypecaller.graphs.BaseGraph::incomingEdgeOf (10 bytes)
Event: 538,328 Thread 0x00007f40ac184800 nmethod 6292 0x00007f409d5ba910 code [0x00007f409d5baaa0, 0x00007f409d5badd8]
Event: 538,831 Thread 0x00007f40ac184800 6294       3       htsjdk.variant.variantcontext.GenotypesContext::subsetToSamples (80 bytes)
Event: 543,232 Thread 0x00007f40ac182800 nmethod 6286 0x00007f409d6dfb10 code [0x00007f409d6dfd20, 0x00007f409d6e08f8]
Event: 543,232 Thread 0x00007f40ac17f800 nmethod 6285 0x00007f409d2573d0 code [0x00007f409d257620, 0x00007f409d258220]
Event: 543,879 Thread 0x00007f40ac184800 nmethod 6294 0x00007f409e08ee50 code [0x00007f409e08f0e0, 0x00007f409e0901d8]
Event: 544,579 Thread 0x00007f40ac184800 6288       3       org.broadinstitute.gatk.tools.walkers.annotator.VariantOverlapAnnotator::getLoc (9 bytes)
Event: 544,579 Thread 0x00007f40ac17f800 6287       4       java.util.AbstractCollection::toArray (147 bytes)
Event: 553,251 Thread 0x00007f40ac182800 6298       4       java.lang.Long::toString (52 bytes)
Event: 556,524 Thread 0x00007f40ac184800 nmethod 6288 0x00007f409d6b6f50 code [0x00007f409d6b7120, 0x00007f409d6b7a28]

GC Heap History (10 events):
Event: 80,027 GC heap after
Heap after GC invocations=43 (full 4):
 PSYoungGen      total 3935744K, used 54224K [0x000000066ab00000, 0x0000000782d00000, 0x00000007c0000000)
  eden space 3877888K, 0% used [0x000000066ab00000,0x000000066ab00000,0x0000000757600000)
  from space 57856K, 93% used [0x0000000757600000,0x000000075aaf4238,0x000000075ae80000)
  to   space 65536K, 0% used [0x000000077ed00000,0x000000077ed00000,0x0000000782d00000)
 ParOldGen       total 346112K, used 274627K [0x00000003c0000000, 0x00000003d5200000, 0x000000066ab00000)
  object space 346112K, 79% used [0x00000003c0000000,0x00000003d0c30fb8,0x00000003d5200000)
 Metaspace       used 17496K, capacity 17766K, committed 17920K, reserved 1064960K
  class space    used 1926K, capacity 2009K, committed 2048K, reserved 1048576K
}
Event: 91,190 GC heap before
{Heap before GC invocations=44 (full 4):
 PSYoungGen      total 3935744K, used 3932112K [0x000000066ab00000, 0x0000000782d00000, 0x00000007c0000000)
  eden space 3877888K, 100% used [0x000000066ab00000,0x0000000757600000,0x0000000757600000)
  from space 57856K, 93% used [0x0000000757600000,0x000000075aaf4238,0x000000075ae80000)
  to   space 65536K, 0% used [0x000000077ed00000,0x000000077ed00000,0x0000000782d00000)
 ParOldGen       total 346112K, used 274627K [0x00000003c0000000, 0x00000003d5200000, 0x000000066ab00000)
  object space 346112K, 79% used [0x00000003c0000000,0x00000003d0c30fb8,0x00000003d5200000)
 Metaspace       used 17496K, capacity 17766K, committed 17920K, reserved 1064960K
  class space    used 1926K, capacity 2009K, committed 2048K, reserved 1048576K
Event: 100,278 GC heap after
Heap after GC invocations=44 (full 4):
 PSYoungGen      total 4523520K, used 2156K [0x000000066ab00000, 0x000000078d980000, 0x00000007c0000000)
  eden space 4457984K, 0% used [0x000000066ab00000,0x000000066ab00000,0x000000077ac80000)
  from space 65536K, 3% used [0x000000077ed00000,0x000000077ef1b0a0,0x0000000782d00000)
  to   space 66048K, 0% used [0x000000077ac80000,0x000000077ac80000,0x000000077ed00000)
 ParOldGen       total 495616K, used 423803K [0x00000003c0000000, 0x00000003de400000, 0x000000066ab00000)
  object space 495616K, 85% used [0x00000003c0000000,0x00000003d9ddef88,0x00000003de400000)
 Metaspace       used 17496K, capacity 17766K, committed 17920K, reserved 1064960K
  class space    used 1926K, capacity 2009K, committed 2048K, reserved 1048576K
}
Event: 100,318 GC heap before
{Heap before GC invocations=45 (full 5):
 PSYoungGen      total 4523520K, used 2156K [0x000000066ab00000, 0x000000078d980000, 0x00000007c0000000)
  eden space 4457984K, 0% used [0x000000066ab00000,0x000000066ab00000,0x000000077ac80000)
  from space 65536K, 3% used [0x000000077ed00000,0x000000077ef1b0a0,0x0000000782d00000)
  to   space 66048K, 0% used [0x000000077ac80000,0x000000077ac80000,0x000000077ed00000)
 ParOldGen       total 495616K, used 423803K [0x00000003c0000000, 0x00000003de400000, 0x000000066ab00000)
  object space 495616K, 85% used [0x00000003c0000000,0x00000003d9ddef88,0x00000003de400000)
 Metaspace       used 17496K, capacity 17766K, committed 17920K, reserved 1064960K
  class space    used 1926K, capacity 2009K, committed 2048K, reserved 1048576K
Event: 120,612 GC heap after
Heap after GC invocations=45 (full 5):
 PSYoungGen      total 4523520K, used 0K [0x000000066ab00000, 0x000000078d980000, 0x00000007c0000000)
  eden space 4457984K, 0% used [0x000000066ab00000,0x000000066ab00000,0x000000077ac80000)
  from space 65536K, 0% used [0x000000077ed00000,0x000000077ed00000,0x0000000782d00000)
  to   space 66048K, 0% used [0x000000077ac80000,0x000000077ac80000,0x000000077ed00000)
 ParOldGen       total 473088K, used 224501K [0x00000003c0000000, 0x00000003dce00000, 0x000000066ab00000)
  object space 473088K, 47% used [0x00000003c0000000,0x00000003cdb3d690,0x00000003dce00000)
 Metaspace       used 17496K, capacity 17766K, committed 17920K, reserved 1064960K
  class space    used 1926K, capacity 2009K, committed 2048K, reserved 1048576K
}
Event: 148,017 GC heap before
{Heap before GC invocations=46 (full 5):
 PSYoungGen      total 4523520K, used 4457984K [0x000000066ab00000, 0x000000078d980000, 0x00000007c0000000)
  eden space 4457984K, 100% used [0x000000066ab00000,0x000000077ac80000,0x000000077ac80000)
  from space 65536K, 0% used [0x000000077ed00000,0x000000077ed00000,0x0000000782d00000)
  to   space 66048K, 0% used [0x000000077ac80000,0x000000077ac80000,0x000000077ed00000)
 ParOldGen       total 473088K, used 224501K [0x00000003c0000000, 0x00000003dce00000, 0x000000066ab00000)
  object space 473088K, 47% used [0x00000003c0000000,0x00000003cdb3d690,0x00000003dce00000)
 Metaspace       used 17511K, capacity 17766K, committed 17920K, reserved 1064960K
  class space    used 1926K, capacity 2009K, committed 2048K, reserved 1048576K
Event: 153,783 GC heap after
Heap after GC invocations=46 (full 5):
 PSYoungGen      total 4524032K, used 21800K [0x000000066ab00000, 0x00000007a7000000, 0x00000007c0000000)
  eden space 4457984K, 0% used [0x000000066ab00000,0x000000066ab00000,0x000000077ac80000)
  from space 66048K, 33% used [0x000000077ac80000,0x000000077c1ca310,0x000000077ed00000)
  to   space 62464K, 0% used [0x00000007a3300000,0x00000007a3300000,0x00000007a7000000)
 ParOldGen       total 473088K, used 224509K [0x00000003c0000000, 0x00000003dce00000, 0x000000066ab00000)
  object space 473088K, 47% used [0x00000003c0000000,0x00000003cdb3f690,0x00000003dce00000)
 Metaspace       used 17511K, capacity 17766K, committed 17920K, reserved 1064960K
  class space    used 1926K, capacity 2009K, committed 2048K, reserved 1048576K
}
Event: 382,394 GC heap before
{Heap before GC invocations=47 (full 5):
 PSYoungGen      total 4524032K, used 4479784K [0x000000066ab00000, 0x00000007a7000000, 0x00000007c0000000)
  eden space 4457984K, 100% used [0x000000066ab00000,0x000000077ac80000,0x000000077ac80000)
  from space 66048K, 33% used [0x000000077ac80000,0x000000077c1ca310,0x000000077ed00000)
  to   space 62464K, 0% used [0x00000007a3300000,0x00000007a3300000,0x00000007a7000000)
 ParOldGen       total 473088K, used 224509K [0x00000003c0000000, 0x00000003dce00000, 0x000000066ab00000)
  object space 473088K, 47% used [0x00000003c0000000,0x00000003cdb3f690,0x00000003dce00000)
 Metaspace       used 18906K, capacity 19185K, committed 19328K, reserved 1067008K
  class space    used 2020K, capacity 2082K, committed 2176K, reserved 1048576K
Event: 382,604 GC heap after
Heap after GC invocations=47 (full 5):
 PSYoungGen      total 4993024K, used 3614K [0x000000066ab00000, 0x00000007a3700000, 0x00000007c0000000)
  eden space 4988928K, 0% used [0x000000066ab00000,0x000000066ab00000,0x000000079b300000)
  from space 4096K, 88% used [0x00000007a3300000,0x00000007a3687970,0x00000007a3700000)
  to   space 62464K, 0% used [0x000000079bd00000,0x000000079bd00000,0x000000079fa00000)
 ParOldGen       total 473088K, used 224517K [0x00000003c0000000, 0x00000003dce00000, 0x000000066ab00000)
  object space 473088K, 47% used [0x00000003c0000000,0x00000003cdb41690,0x00000003dce00000)
 Metaspace       used 18906K, capacity 19185K, committed 19328K, reserved 1067008K
  class space    used 2020K, capacity 2082K, committed 2176K, reserved 1048576K
}
Event: 561,795 GC heap before
{Heap before GC invocations=48 (full 5):
 PSYoungGen      total 4993024K, used 4992542K [0x000000066ab00000, 0x00000007a3700000, 0x00000007c0000000)
  eden space 4988928K, 100% used [0x000000066ab00000,0x000000079b300000,0x000000079b300000)
  from space 4096K, 88% used [0x00000007a3300000,0x00000007a3687970,0x00000007a3700000)
  to   space 62464K, 0% used [0x000000079bd00000,0x000000079bd00000,0x000000079fa00000)
 ParOldGen       total 473088K, used 224517K [0x00000003c0000000, 0x00000003dce00000, 0x000000066ab00000)
  object space 473088K, 47% used [0x00000003c0000000,0x00000003cdb41690,0x00000003dce00000)
 Metaspace       used 19381K, capacity 19709K, committed 19840K, reserved 1067008K
  class space    used 2026K, capacity 2082K, committed 2176K, reserved 1048576K

Deoptimization events (10 events):
Event: 483,357 Thread 0x00007f4038003000 Uncommon trap: reason=unstable_if action=reinterpret pc=0x00007f409d3275ec method=org.broadinstitute.gatk.engine.traversals.TraverseActiveRegions$ActiveRegionIterator.hasNext()Z @ 22
Event: 485,134 Thread 0x00007f40ac5e9800 Uncommon trap: reason=class_check action=maybe_recompile pc=0x00007f409ddc3b90 method=sun.nio.cs.StreamEncoder.writeBytes()V @ 120
Event: 489,555 Thread 0x00007f4038006800 Uncommon trap: reason=unstable_if action=reinterpret pc=0x00007f409d31645c method=org.broadinstitute.gatk.utils.sam.ReadUtils.getReadCoordinateForReferenceCoordinate(ILhtsjdk/samtools/Cigar;IZ)Lorg/broadinstitute/gatk/utils/collections/Pair; @ 468
Event: 493,404 Thread 0x00007f4038006800 Uncommon trap: reason=unstable_if action=reinterpret pc=0x00007f409de7a990 method=htsjdk.samtools.SAMRecord.getNotPrimaryAlignmentFlag()Z @ 11
Event: 493,716 Thread 0x00007f4038006800 Uncommon trap: reason=unstable_if action=reinterpret pc=0x00007f409dfba3d8 method=htsjdk.samtools.SAMUtils.compressedBasesToBytes(I[BI)[B @ 54
Event: 497,343 Thread 0x00007f4038003000 Uncommon trap: reason=unstable_if action=reinterpret pc=0x00007f409d88fc78 method=java.util.LinkedList.node(I)Ljava/util/LinkedList$Node; @ 49
Event: 502,204 Thread 0x00007f4038003000 Uncommon trap: reason=unstable_if action=reinterpret pc=0x00007f409da8338c method=htsjdk.tribble.readers.LongLineBufferedReader.readLine(Z)Ljava/lang/String; @ 60
Event: 502,213 Thread 0x00007f4038003000 Uncommon trap: reason=unstable_if action=reinterpret pc=0x00007f409d8a8104 method=org.broadinstitute.gatk.engine.datasources.providers.IntervalOverlappingRODsFromStream.readOverlappingFutureFeatures(Lorg/broadinstitute/gatk/utils/GenomeLoc;)V @ 7
Event: 505,341 Thread 0x00007f4038003000 Uncommon trap: reason=unstable_if action=reinterpret pc=0x00007f409d9a55bc method=htsjdk.samtools.SAMUtils.compressedBasesToBytes(I[BI)[B @ 54
Event: 519,650 Thread 0x00007f4038003000 Uncommon trap: reason=intrinsic action=make_not_entrant pc=0x00007f409dc00d00 method=org.broadinstitute.gatk.utils.MathUtils.normalizeFromLog10([DZZ)[D @ 64

Internal exceptions (10 events):
Event: 4,308 Thread 0x00007f40ac00a000 Implicit null exception at 0x00007f409d380e35 to 0x00007f409d381045
Event: 4,308 Thread 0x00007f40ac00a000 Implicit null exception at 0x00007f409d37c92f to 0x00007f409d37c999
Event: 5,238 Thread 0x00007f40ac00a000 Exception <a 'java/lang/NoSuchFieldError': method resolution failed> (0x000000066f29a5a0) thrown at [/HUDSON/workspace/8-2-build-linux-amd64/jdk8u91/6644/hotspot/src/share/vm/prims/methodHandles.cpp, line 1146]
Event: 5,240 Thread 0x00007f40ac00a000 Exception <a 'java/lang/NoSuchFieldError': method resolution failed> (0x000000066f2a7c60) thrown at [/HUDSON/workspace/8-2-build-linux-amd64/jdk8u91/6644/hotspot/src/share/vm/prims/methodHandles.cpp, line 1146]
Event: 22,522 Thread 0x00007f4038006800 Implicit null exception at 0x00007f409d75c529 to 0x00007f409d75cf79
Event: 373,238 Thread 0x00007f4038006800 Implicit null exception at 0x00007f409d4b737b to 0x00007f409d4b79c5
Event: 373,238 Thread 0x00007f4038003000 Implicit null exception at 0x00007f409d4b737b to 0x00007f409d4b79c5
Event: 373,926 Thread 0x00007f4038006800 Exception <a 'java/lang/NoSuchMethodError': java.lang.Object.lambda$maxBy$1(Ljava/util/Comparator;Ljava/lang/Object;Ljava/lang/Object;)Ljava/lang/Object;> (0x000000072ade9a98) thrown at [/HUDSON/workspace/8-2-build-linux-amd64/jdk8u91/6644/hotspot/src/sha
Event: 373,927 Thread 0x00007f4038003000 Exception <a 'java/lang/NoSuchMethodError': java.lang.Object.lambda$maxBy$1(Ljava/util/Comparator;Ljava/lang/Object;Ljava/lang/Object;)Ljava/lang/Object;> (0x00000007291b5bd0) thrown at [/HUDSON/workspace/8-2-build-linux-amd64/jdk8u91/6644/hotspot/src/sha
Event: 374,479 Thread 0x00007f4038006800 Implicit null exception at 0x00007f409d17dcb2 to 0x00007f409d17dd89

Events (10 events):
Event: 505,341 Thread 0x00007f4038003000 DEOPT PACKING pc=0x00007f409d9a55bc sp=0x00007f4091077c40
Event: 505,341 Thread 0x00007f4038003000 DEOPT UNPACKING pc=0x00007f409d005229 sp=0x00007f4091077c00 mode 2
Event: 519,650 Thread 0x00007f4038003000 Uncommon trap: trap_request=0xffffffcc fr.pc=0x00007f409dc00d00
Event: 519,650 Thread 0x00007f4038003000 DEOPT PACKING pc=0x00007f409dc00d00 sp=0x00007f4091077610
Event: 519,945 Thread 0x00007f4038003000 DEOPT UNPACKING pc=0x00007f409d005229 sp=0x00007f4091077588 mode 2
Event: 533,122 Thread 0x00007f40ac184800 flushing nmethod 0x00007f409d18a010
Event: 538,328 Thread 0x00007f40ac184800 flushing nmethod 0x00007f409d198ad0
Event: 538,402 Thread 0x00007f40ac184800 flushing nmethod 0x00007f409d1f9f10
Event: 543,401 Thread 0x00007f40ac182800 flushing nmethod 0x00007f409d2831d0
Event: 558,630 Executing VM operation: ParallelGCFailedAllocation


Dynamic libraries:
00400000-00401000 r-xp 00000000 08:06 269548                             /apps/jdk1.8.0_91/bin/java
00600000-00601000 rw-p 00000000 08:06 269548                             /apps/jdk1.8.0_91/bin/java
01a44000-01a65000 rw-p 00000000 00:00 0                                  [heap]
3c0000000-3dce00000 rw-p 00000000 00:00 0 
3dce00000-66ab00000 ---p 00000000 00:00 0 
66ab00000-7a3700000 rw-p 00000000 00:00 0 
7c0000000-7c0220000 rw-p 00000000 00:00 0 
7c0220000-800000000 ---p 00000000 00:00 0 
7f402c000000-7f402c1cb000 rw-p 00000000 00:00 0 
7f402c1cb000-7f4030000000 ---p 00000000 00:00 0 
7f4030000000-7f403031a000 rw-p 00000000 00:00 0 
7f403031a000-7f4034000000 ---p 00000000 00:00 0 
7f4034000000-7f4034021000 rw-p 00000000 00:00 0 
7f4034021000-7f4038000000 ---p 00000000 00:00 0 
7f4038000000-7f4038021000 rw-p 00000000 00:00 0 
7f4038021000-7f403c000000 ---p 00000000 00:00 0 
7f403c000000-7f403c021000 rw-p 00000000 00:00 0 
7f403c021000-7f4040000000 ---p 00000000 00:00 0 
7f4040000000-7f4040021000 rw-p 00000000 00:00 0 
7f4040021000-7f4044000000 ---p 00000000 00:00 0 
7f4044000000-7f404589b000 rw-p 00000000 00:00 0 
7f404589b000-7f4048000000 ---p 00000000 00:00 0 
7f4048000000-7f4048deb000 rw-p 00000000 00:00 0 
7f4048deb000-7f404c000000 ---p 00000000 00:00 0 
7f404c000000-7f404c021000 rw-p 00000000 00:00 0 
7f404c021000-7f4050000000 ---p 00000000 00:00 0 
7f4050000000-7f4051bb6000 rw-p 00000000 00:00 0 
7f4051bb6000-7f4054000000 ---p 00000000 00:00 0 
7f4054000000-7f4054021000 rw-p 00000000 00:00 0 
7f4054021000-7f4058000000 ---p 00000000 00:00 0 
7f4058000000-7f4058021000 rw-p 00000000 00:00 0 
7f4058021000-7f405c000000 ---p 00000000 00:00 0 
7f405c000000-7f407c000000 rw-p 00000000 00:00 0 
7f407c000000-7f407c021000 rw-p 00000000 00:00 0 
7f407c021000-7f4080000000 ---p 00000000 00:00 0 
7f4080000000-7f408028c000 rw-p 00000000 00:00 0 
7f408028c000-7f4084000000 ---p 00000000 00:00 0 
7f4084000000-7f4084021000 rw-p 00000000 00:00 0 
7f4084021000-7f4088000000 ---p 00000000 00:00 0 
7f408c000000-7f408c021000 rw-p 00000000 00:00 0 
7f408c021000-7f4090000000 ---p 00000000 00:00 0 
7f40903a7000-7f40904e7000 rw-p 00000000 00:00 0 
7f40904e7000-7f40905a7000 ---p 00000000 00:00 0 
7f40905a7000-7f40905bd000 r-xp 00000000 08:06 655580                     /lib/x86_64-linux-gnu/libgcc_s.so.1
7f40905bd000-7f40907bc000 ---p 00016000 08:06 655580                     /lib/x86_64-linux-gnu/libgcc_s.so.1
7f40907bc000-7f40907bd000 rw-p 00015000 08:06 655580                     /lib/x86_64-linux-gnu/libgcc_s.so.1
7f40907bd000-7f40908a3000 r-xp 00000000 08:06 1445463                    /usr/lib/x86_64-linux-gnu/libstdc++.so.6.0.19
7f40908a3000-7f4090aa2000 ---p 000e6000 08:06 1445463                    /usr/lib/x86_64-linux-gnu/libstdc++.so.6.0.19
7f4090aa2000-7f4090aaa000 r--p 000e5000 08:06 1445463                    /usr/lib/x86_64-linux-gnu/libstdc++.so.6.0.19
7f4090aaa000-7f4090aac000 rw-p 000ed000 08:06 1445463                    /usr/lib/x86_64-linux-gnu/libstdc++.so.6.0.19
7f4090aac000-7f4090ac1000 rw-p 00000000 00:00 0 
7f4090ac1000-7f4090b2c000 r-xp 00000000 08:06 1709757                    /tmp/libVectorLoglessPairHMM438212591361411853.so
7f4090b2c000-7f4090d2b000 ---p 0006b000 08:06 1709757                    /tmp/libVectorLoglessPairHMM438212591361411853.so
7f4090d2b000-7f4090d2e000 rw-p 0006a000 08:06 1709757                    /tmp/libVectorLoglessPairHMM438212591361411853.so
7f4090d2e000-7f4090e78000 rw-p 00000000 00:00 0 
7f4090e78000-7f4090e7b000 ---p 00000000 00:00 0 
7f4090e7b000-7f4090f79000 rw-p 00000000 00:00 0                          [stack:21220]
7f4090f79000-7f4090f7c000 ---p 00000000 00:00 0 
7f4090f7c000-7f409107a000 rw-p 00000000 00:00 0                          [stack:21219]
7f409107a000-7f409107d000 ---p 00000000 00:00 0 
7f409107d000-7f409137b000 rw-p 00000000 00:00 0                          [stack:21218]
7f409137b000-7f409157b000 rw-p 00000000 00:00 0 
7f409157b000-7f4091584000 r-xp 00000000 08:06 271880                     /apps/jdk1.8.0_91/jre/lib/amd64/libmanagement.so
7f4091584000-7f4091783000 ---p 00009000 08:06 271880                     /apps/jdk1.8.0_91/jre/lib/amd64/libmanagement.so
7f4091783000-7f4091784000 rw-p 00008000 08:06 271880                     /apps/jdk1.8.0_91/jre/lib/amd64/libmanagement.so
7f4091784000-7f4091787000 ---p 00000000 00:00 0 
7f4091787000-7f4091a85000 rw-p 00000000 00:00 0                          [stack:21217]
7f4091a85000-7f4091a96000 r-xp 00000000 08:06 271875                     /apps/jdk1.8.0_91/jre/lib/amd64/libnio.so
7f4091a96000-7f4091c95000 ---p 00011000 08:06 271875                     /apps/jdk1.8.0_91/jre/lib/amd64/libnio.so
7f4091c95000-7f4091c96000 rw-p 00010000 08:06 271875                     /apps/jdk1.8.0_91/jre/lib/amd64/libnio.so
7f4091c96000-7f4091cac000 r-xp 00000000 08:06 271872                     /apps/jdk1.8.0_91/jre/lib/amd64/libnet.so
7f4091cac000-7f4091eac000 ---p 00016000 08:06 271872                     /apps/jdk1.8.0_91/jre/lib/amd64/libnet.so
7f4091eac000-7f4091ead000 rw-p 00016000 08:06 271872                     /apps/jdk1.8.0_91/jre/lib/amd64/libnet.so
7f4091ead000-7f40920ad000 rw-p 00000000 00:00 0 
7f40920ad000-7f409217a000 r--s 00c6f000 08:06 1338948                    /usr/local/src/gatk/GenomeAnalysisTK.jar
7f409217a000-7f409217b000 ---p 00000000 00:00 0 
7f409217b000-7f409227b000 rw-p 00000000 00:00 0                          [stack:21214]
7f409227b000-7f409227e000 ---p 00000000 00:00 0 
7f409227e000-7f409237c000 rw-p 00000000 00:00 0                          [stack:21213]
7f409237c000-7f409237f000 ---p 00000000 00:00 0 
7f409237f000-7f409247d000 rw-p 00000000 00:00 0                          [stack:21212]
7f409247d000-7f4092480000 ---p 00000000 00:00 0 
7f4092480000-7f409257e000 rw-p 00000000 00:00 0                          [stack:21211]
7f409257e000-7f4092581000 ---p 00000000 00:00 0 
7f4092581000-7f409267f000 rw-p 00000000 00:00 0                          [stack:21210]
7f409267f000-7f4092682000 ---p 00000000 00:00 0 
7f4092682000-7f4092780000 rw-p 00000000 00:00 0                          [stack:21209]
7f4092780000-7f4092ff0000 r--p 00000000 08:06 1447491                    /usr/lib/locale/locale-archive
7f4092ff0000-7f4092ff3000 ---p 00000000 00:00 0 
7f4092ff3000-7f40930f1000 rw-p 00000000 00:00 0                          [stack:21208]
7f40930f1000-7f40930f4000 ---p 00000000 00:00 0 
7f40930f4000-7f40931f2000 rw-p 00000000 00:00 0                          [stack:21207]
7f40931f2000-7f40931f3000 ---p 00000000 00:00 0 
7f40931f3000-7f4094000000 rw-p 00000000 00:00 0                          [stack:21206]
7f4094000000-7f4094021000 rw-p 00000000 00:00 0 
7f4094021000-7f4098000000 ---p 00000000 00:00 0 
7f4098093000-7f40982e4000 rw-p 00000000 00:00 0 
7f40982e4000-7f40984bd000 r--s 03d1f000 08:06 271666                     /apps/jdk1.8.0_91/jre/lib/rt.jar
7f40984bd000-7f409adfd000 rw-p 00000000 00:00 0 
7f409adfd000-7f409adfe000 ---p 00000000 00:00 0 
7f409adfe000-7f409aefe000 rw-p 00000000 00:00 0                          [stack:21205]
7f409aefe000-7f409aeff000 ---p 00000000 00:00 0 
7f409aeff000-7f409b0e6000 rw-p 00000000 00:00 0                          [stack:21204]
7f409b0e6000-7f409c554000 ---p 00000000 00:00 0 
7f409c554000-7f409cf1b000 rw-p 00000000 00:00 0 
7f409cf1b000-7f409cfff000 ---p 00000000 00:00 0 
7f409cfff000-7f409d000000 rw-p 00000000 00:00 0 
7f409d000000-7f409e140000 rwxp 00000000 00:00 0 
7f409e140000-7f40ac000000 ---p 00000000 00:00 0 
7f40ac000000-7f40ac6bd000 rw-p 00000000 00:00 0 
7f40ac6bd000-7f40b0000000 ---p 00000000 00:00 0 
7f40b0013000-7f40b0016000 r--s 0001a000 08:06 271888                     /apps/jdk1.8.0_91/jre/lib/jce.jar
7f40b0016000-7f40b001a000 r--s 00097000 08:06 271718                     /apps/jdk1.8.0_91/jre/lib/jsse.jar
7f40b0036000-7f40b0037000 ---p 00000000 00:00 0 
7f40b0037000-7f40b0137000 rw-p 00000000 00:00 0                          [stack:21203]
7f40b0137000-7f40b0138000 ---p 00000000 00:00 0 
7f40b0138000-7f40b031f000 rw-p 00000000 00:00 0                          [stack:21202]
7f40b031f000-7f40b178e000 ---p 00000000 00:00 0 
7f40b178e000-7f40b17d3000 rw-p 00000000 00:00 0 
7f40b17d3000-7f40b1b4e000 ---p 00000000 00:00 0 
7f40b1b4e000-7f40b1b68000 r-xp 00000000 08:06 271868                     /apps/jdk1.8.0_91/jre/lib/amd64/libzip.so
7f40b1b68000-7f40b1d68000 ---p 0001a000 08:06 271868                     /apps/jdk1.8.0_91/jre/lib/amd64/libzip.so
7f40b1d68000-7f40b1d69000 rw-p 0001a000 08:06 271868                     /apps/jdk1.8.0_91/jre/lib/amd64/libzip.so
7f40b1d69000-7f40b1d73000 r-xp 00000000 08:06 656189                     /lib/x86_64-linux-gnu/libnss_files-2.19.so
7f40b1d73000-7f40b1f72000 ---p 0000a000 08:06 656189                     /lib/x86_64-linux-gnu/libnss_files-2.19.so
7f40b1f72000-7f40b1f73000 r--p 00009000 08:06 656189                     /lib/x86_64-linux-gnu/libnss_files-2.19.so
7f40b1f73000-7f40b1f74000 rw-p 0000a000 08:06 656189                     /lib/x86_64-linux-gnu/libnss_files-2.19.so
7f40b1f74000-7f40b1f7f000 r-xp 00000000 08:06 656180                     /lib/x86_64-linux-gnu/libnss_nis-2.19.so
7f40b1f7f000-7f40b217e000 ---p 0000b000 08:06 656180                     /lib/x86_64-linux-gnu/libnss_nis-2.19.so
7f40b217e000-7f40b217f000 r--p 0000a000 08:06 656180                     /lib/x86_64-linux-gnu/libnss_nis-2.19.so
7f40b217f000-7f40b2180000 rw-p 0000b000 08:06 656180                     /lib/x86_64-linux-gnu/libnss_nis-2.19.so
7f40b2180000-7f40b2197000 r-xp 00000000 08:06 656175                     /lib/x86_64-linux-gnu/libnsl-2.19.so
7f40b2197000-7f40b2396000 ---p 00017000 08:06 656175                     /lib/x86_64-linux-gnu/libnsl-2.19.so
7f40b2396000-7f40b2397000 r--p 00016000 08:06 656175                     /lib/x86_64-linux-gnu/libnsl-2.19.so
7f40b2397000-7f40b2398000 rw-p 00017000 08:06 656175                     /lib/x86_64-linux-gnu/libnsl-2.19.so
7f40b2398000-7f40b239a000 rw-p 00000000 00:00 0 
7f40b239a000-7f40b23a3000 r-xp 00000000 08:06 656174                     /lib/x86_64-linux-gnu/libnss_compat-2.19.so
7f40b23a3000-7f40b25a2000 ---p 00009000 08:06 656174                     /lib/x86_64-linux-gnu/libnss_compat-2.19.so
7f40b25a2000-7f40b25a3000 r--p 00008000 08:06 656174                     /lib/x86_64-linux-gnu/libnss_compat-2.19.so
7f40b25a3000-7f40b25a4000 rw-p 00009000 08:06 656174                     /lib/x86_64-linux-gnu/libnss_compat-2.19.so
7f40b25a4000-7f40b25ce000 r-xp 00000000 08:06 271863                     /apps/jdk1.8.0_91/jre/lib/amd64/libjava.so
7f40b25ce000-7f40b27ce000 ---p 0002a000 08:06 271863                     /apps/jdk1.8.0_91/jre/lib/amd64/libjava.so
7f40b27ce000-7f40b27d0000 rw-p 0002a000 08:06 271863                     /apps/jdk1.8.0_91/jre/lib/amd64/libjava.so
7f40b27d0000-7f40b27dd000 r-xp 00000000 08:06 271867                     /apps/jdk1.8.0_91/jre/lib/amd64/libverify.so
7f40b27dd000-7f40b29dd000 ---p 0000d000 08:06 271867                     /apps/jdk1.8.0_91/jre/lib/amd64/libverify.so
7f40b29dd000-7f40b29df000 rw-p 0000d000 08:06 271867                     /apps/jdk1.8.0_91/jre/lib/amd64/libverify.so
7f40b29df000-7f40b29e6000 r-xp 00000000 08:06 656184                     /lib/x86_64-linux-gnu/librt-2.19.so
7f40b29e6000-7f40b2be5000 ---p 00007000 08:06 656184                     /lib/x86_64-linux-gnu/librt-2.19.so
7f40b2be5000-7f40b2be6000 r--p 00006000 08:06 656184                     /lib/x86_64-linux-gnu/librt-2.19.so
7f40b2be6000-7f40b2be7000 rw-p 00007000 08:06 656184                     /lib/x86_64-linux-gnu/librt-2.19.so
7f40b2be7000-7f40b2cec000 r-xp 00000000 08:06 656163                     /lib/x86_64-linux-gnu/libm-2.19.so
7f40b2cec000-7f40b2eeb000 ---p 00105000 08:06 656163                     /lib/x86_64-linux-gnu/libm-2.19.so
7f40b2eeb000-7f40b2eec000 r--p 00104000 08:06 656163                     /lib/x86_64-linux-gnu/libm-2.19.so
7f40b2eec000-7f40b2eed000 rw-p 00105000 08:06 656163                     /lib/x86_64-linux-gnu/libm-2.19.so
7f40b2eed000-7f40b3bad000 r-xp 00000000 08:06 271846                     /apps/jdk1.8.0_91/jre/lib/amd64/server/libjvm.so
7f40b3bad000-7f40b3dad000 ---p 00cc0000 08:06 271846                     /apps/jdk1.8.0_91/jre/lib/amd64/server/libjvm.so
7f40b3dad000-7f40b3e85000 rw-p 00cc0000 08:06 271846                     /apps/jdk1.8.0_91/jre/lib/amd64/server/libjvm.so
7f40b3e85000-7f40b3ed0000 rw-p 00000000 00:00 0 
7f40b3ed0000-7f40b408a000 r-xp 00000000 08:06 656185                     /lib/x86_64-linux-gnu/libc-2.19.so
7f40b408a000-7f40b428a000 ---p 001ba000 08:06 656185                     /lib/x86_64-linux-gnu/libc-2.19.so
7f40b428a000-7f40b428e000 r--p 001ba000 08:06 656185                     /lib/x86_64-linux-gnu/libc-2.19.so
7f40b428e000-7f40b4290000 rw-p 001be000 08:06 656185                     /lib/x86_64-linux-gnu/libc-2.19.so
7f40b4290000-7f40b4295000 rw-p 00000000 00:00 0 
7f40b4295000-7f40b4298000 r-xp 00000000 08:06 656169                     /lib/x86_64-linux-gnu/libdl-2.19.so
7f40b4298000-7f40b4497000 ---p 00003000 08:06 656169                     /lib/x86_64-linux-gnu/libdl-2.19.so
7f40b4497000-7f40b4498000 r--p 00002000 08:06 656169                     /lib/x86_64-linux-gnu/libdl-2.19.so
7f40b4498000-7f40b4499000 rw-p 00003000 08:06 656169                     /lib/x86_64-linux-gnu/libdl-2.19.so
7f40b4499000-7f40b44ae000 r-xp 00000000 08:06 271481                     /apps/jdk1.8.0_91/lib/amd64/jli/libjli.so
7f40b44ae000-7f40b46ae000 ---p 00015000 08:06 271481                     /apps/jdk1.8.0_91/lib/amd64/jli/libjli.so
7f40b46ae000-7f40b46af000 rw-p 00015000 08:06 271481                     /apps/jdk1.8.0_91/lib/amd64/jli/libjli.so
7f40b46af000-7f40b46c8000 r-xp 00000000 08:06 656176                     /lib/x86_64-linux-gnu/libpthread-2.19.so
7f40b46c8000-7f40b48c7000 ---p 00019000 08:06 656176                     /lib/x86_64-linux-gnu/libpthread-2.19.so
7f40b48c7000-7f40b48c8000 r--p 00018000 08:06 656176                     /lib/x86_64-linux-gnu/libpthread-2.19.so
7f40b48c8000-7f40b48c9000 rw-p 00019000 08:06 656176                     /lib/x86_64-linux-gnu/libpthread-2.19.so
7f40b48c9000-7f40b48cd000 rw-p 00000000 00:00 0 
7f40b48cd000-7f40b48f0000 r-xp 00000000 08:06 656177                     /lib/x86_64-linux-gnu/ld-2.19.so
7f40b48f2000-7f40b49c3000 rw-p 00000000 00:00 0 
7f40b49c3000-7f40b49c6000 ---p 00000000 00:00 0 
7f40b49c6000-7f40b4ac8000 rw-p 00000000 00:00 0                          [stack:21201]
7f40b4ae2000-7f40b4ae3000 rw-p 00000000 00:00 0 
7f40b4ae3000-7f40b4aeb000 rw-s 00000000 08:06 1835590                    /tmp/hsperfdata_azza/21199
7f40b4aeb000-7f40b4aec000 rw-p 00000000 00:00 0 
7f40b4aec000-7f40b4aed000 ---p 00000000 00:00 0 
7f40b4aed000-7f40b4aef000 rw-p 00000000 00:00 0 
7f40b4aef000-7f40b4af0000 r--p 00022000 08:06 656177                     /lib/x86_64-linux-gnu/ld-2.19.so
7f40b4af0000-7f40b4af1000 rw-p 00023000 08:06 656177                     /lib/x86_64-linux-gnu/ld-2.19.so
7f40b4af1000-7f40b4af2000 rw-p 00000000 00:00 0 
7ffe37a62000-7ffe37a84000 rw-p 00000000 00:00 0                          [stack]
7ffe37ae9000-7ffe37aeb000 r-xp 00000000 00:00 0                          [vdso]
7ffe37aeb000-7ffe37aed000 r--p 00000000 00:00 0                          [vvar]
ffffffffff600000-ffffffffff601000 r-xp 00000000 00:00 0                  [vsyscall]

VM Arguments:
jvm_args: -Xmx16g 
java_command: /usr/local/src/gatk/GenomeAnalysisTK.jar -T HaplotypeCaller -R /home/azza/swift-project/Workshop_low_pass/ref/human_g1k_v37_chr20.fa -I /home/azza/swift-project/Results/HG00108.lowcoverage.chr20.smallregion/realign/HG00108.lowcoverage.chr20.smallregion.20.recalibrated.bam --dbsnp /home/azza/swift-project/Workshop_low_pass/ref/dbsnp_135.b37.chr20.smallregion.vcf -o /home/azza/swift-project/Results/HG00108.lowcoverage.chr20.smallregion/variant/HG00108.lowcoverage.chr20.smallregion.20.raw.g.vcf --emitRefConfidence GVCF -gt_mode DISCOVERY -A Coverage -A FisherStrand -A StrandOddsRatio -A HaplotypeScore -A MappingQualityRankSumTest -A QualByDepth -A RMSMappingQuality -A ReadPosRankSumTest -stand_call_conf 30 -stand_emit_conf 30 --sample_ploidy 2 -nt 1 -nct 2 -L 20
java_class_path (initial): /usr/local/src/gatk/GenomeAnalysisTK.jar
Launcher Type: SUN_STANDARD

Environment Variables:
PATH=/usr/local/sbin:/usr/local/bin:/usr/sbin:/usr/bin:/sbin:/bin:/usr/games:/usr/local/games:/usr/src/vt:/usr/src/plink-1.07-x86_64:/usr/src/admixture_linux-1.3.0:/usr/src/cufflinks-2.2.1.Linux_x86_64:/usr/bin/gdlib-config:/usr/local/src/circos-0.69-3/bin:/usr/local/src/swift-t-0.9.1/turbine/bin:/usr/local/src/swift-t-0.9.1/stc/bin:/usr/local/src/swift-0.96.2/bin
SHELL=/bin/bash
DISPLAY=:0.0

Signal Handlers:
SIGSEGV: [libjvm.so+0xabca10], sa_mask[0]=11111111011111111101111111111110, sa_flags=SA_RESTART|SA_SIGINFO
SIGBUS: [libjvm.so+0xabca10], sa_mask[0]=11111111011111111101111111111110, sa_flags=SA_RESTART|SA_SIGINFO
SIGFPE: [libjvm.so+0x919a20], sa_mask[0]=11111111011111111101111111111110, sa_flags=SA_RESTART|SA_SIGINFO
SIGPIPE: [libjvm.so+0x919a20], sa_mask[0]=11111111011111111101111111111110, sa_flags=SA_RESTART|SA_SIGINFO
SIGXFSZ: [libjvm.so+0x919a20], sa_mask[0]=11111111011111111101111111111110, sa_flags=SA_RESTART|SA_SIGINFO
SIGILL: [libjvm.so+0x919a20], sa_mask[0]=11111111011111111101111111111110, sa_flags=SA_RESTART|SA_SIGINFO
SIGUSR1: SIG_DFL, sa_mask[0]=00000000000000000000000000000000, sa_flags=none
SIGUSR2: [libjvm.so+0x91b050], sa_mask[0]=00000000000000000000000000000000, sa_flags=SA_RESTART|SA_SIGINFO
SIGHUP: [libjvm.so+0x91c450], sa_mask[0]=11111111011111111101111111111110, sa_flags=SA_RESTART|SA_SIGINFO
SIGINT: [libjvm.so+0x91c450], sa_mask[0]=11111111011111111101111111111110, sa_flags=SA_RESTART|SA_SIGINFO
SIGTERM: [libjvm.so+0x91c450], sa_mask[0]=11111111011111111101111111111110, sa_flags=SA_RESTART|SA_SIGINFO
SIGQUIT: [libjvm.so+0x91c450], sa_mask[0]=11111111011111111101111111111110, sa_flags=SA_RESTART|SA_SIGINFO


---------------  S Y S T E M  ---------------

OS:DISTRIB_ID=Ubuntu
DISTRIB_RELEASE=14.04
DISTRIB_CODENAME=trusty
DISTRIB_DESCRIPTION="Ubuntu 14.04.5 LTS"

uname:Linux 3.16.0-60-generic #80~14.04.1-Ubuntu SMP Wed Jan 20 13:37:48 UTC 2016 x86_64
libc:glibc 2.19 NPTL 2.19 
rlimit: STACK 8192k, CORE 0k, NPROC 23374, NOFILE 4096, AS infinity
load average:16,16 8,64 4,70

/proc/meminfo:
MemTotal:        6005332 kB
MemFree:          113460 kB
MemAvailable:      60332 kB
Buffers:             468 kB
Cached:           110196 kB
SwapCached:         4240 kB
Active:          4916308 kB
Inactive:         787380 kB
Active(anon):    4901428 kB
Inactive(anon):   769436 kB
Active(file):      14880 kB
Inactive(file):    17944 kB
Unevictable:          32 kB
Mlocked:              32 kB
SwapTotal:       1999868 kB
SwapFree:            164 kB
Dirty:                32 kB
Writeback:             0 kB
AnonPages:       5589532 kB
Mapped:            42492 kB
Shmem:             77104 kB
Slab:              62372 kB
SReclaimable:      29852 kB
SUnreclaim:        32520 kB
KernelStack:        9664 kB
PageTables:        46872 kB
NFS_Unstable:          0 kB
Bounce:                0 kB
WritebackTmp:          0 kB
CommitLimit:     5002532 kB
Committed_AS:   14546836 kB
VmallocTotal:   34359738367 kB
VmallocUsed:      356180 kB
VmallocChunk:   34359302200 kB
HardwareCorrupted:     0 kB
AnonHugePages:   1841152 kB
HugePages_Total:       0
HugePages_Free:        0
HugePages_Rsvd:        0
HugePages_Surp:        0
Hugepagesize:       2048 kB
DirectMap4k:      100040 kB
DirectMap2M:     6084608 kB


CPU:total 4 (2 cores per cpu, 2 threads per core) family 6 model 58 stepping 9, cmov, cx8, fxsr, mmx, sse, sse2, sse3, ssse3, sse4.1, sse4.2, popcnt, avx, aes, clmul, erms, ht, tsc, tscinvbit, tscinv

/proc/cpuinfo:
processor	: 0
vendor_id	: GenuineIntel
cpu family	: 6
model		: 58
model name	: Intel(R) Core(TM) i5-3317U CPU @ 1.70GHz
stepping	: 9
microcode	: 0xc
cpu MHz		: 854.050
cache size	: 3072 KB
physical id	: 0
siblings	: 4
core id		: 0
cpu cores	: 2
apicid		: 0
initial apicid	: 0
fpu		: yes
fpu_exception	: yes
cpuid level	: 13
wp		: yes
flags		: fpu vme de pse tsc msr pae mce cx8 apic sep mtrr pge mca cmov pat pse36 clflush dts acpi mmx fxsr sse sse2 ss ht tm pbe syscall nx rdtscp lm constant_tsc arch_perfmon pebs bts rep_good nopl xtopology nonstop_tsc aperfmperf eagerfpu pni pclmulqdq dtes64 monitor ds_cpl vmx est tm2 ssse3 cx16 xtpr pdcm pcid sse4_1 sse4_2 x2apic popcnt tsc_deadline_timer aes xsave avx f16c rdrand lahf_lm ida arat epb xsaveopt pln pts dtherm tpr_shadow vnmi flexpriority ept vpid fsgsbase smep erms
bogomips	: 3392.23
clflush size	: 64
cache_alignment	: 64
address sizes	: 36 bits physical, 48 bits virtual
power management:

processor	: 1
vendor_id	: GenuineIntel
cpu family	: 6
model		: 58
model name	: Intel(R) Core(TM) i5-3317U CPU @ 1.70GHz
stepping	: 9
microcode	: 0xc
cpu MHz		: 854.183
cache size	: 3072 KB
physical id	: 0
siblings	: 4
core id		: 1
cpu cores	: 2
apicid		: 2
initial apicid	: 2
fpu		: yes
fpu_exception	: yes
cpuid level	: 13
wp		: yes
flags		: fpu vme de pse tsc msr pae mce cx8 apic sep mtrr pge mca cmov pat pse36 clflush dts acpi mmx fxsr sse sse2 ss ht tm pbe syscall nx rdtscp lm constant_tsc arch_perfmon pebs bts rep_good nopl xtopology nonstop_tsc aperfmperf eagerfpu pni pclmulqdq dtes64 monitor ds_cpl vmx est tm2 ssse3 cx16 xtpr pdcm pcid sse4_1 sse4_2 x2apic popcnt tsc_deadline_timer aes xsave avx f16c rdrand lahf_lm ida arat epb xsaveopt pln pts dtherm tpr_shadow vnmi flexpriority ept vpid fsgsbase smep erms
bogomips	: 3392.23
clflush size	: 64
cache_alignment	: 64
address sizes	: 36 bits physical, 48 bits virtual
power management:

processor	: 2
vendor_id	: GenuineIntel
cpu family	: 6
model		: 58
model name	: Intel(R) Core(TM) i5-3317U CPU @ 1.70GHz
stepping	: 9
microcode	: 0xc
cpu MHz		: 862.484
cache size	: 3072 KB
physical id	: 0
siblings	: 4
core id		: 0
cpu cores	: 2
apicid		: 1
initial apicid	: 1
fpu		: yes
fpu_exception	: yes
cpuid level	: 13
wp		: yes
flags		: fpu vme de pse tsc msr pae mce cx8 apic sep mtrr pge mca cmov pat pse36 clflush dts acpi mmx fxsr sse sse2 ss ht tm pbe syscall nx rdtscp lm constant_tsc arch_perfmon pebs bts rep_good nopl xtopology nonstop_tsc aperfmperf eagerfpu pni pclmulqdq dtes64 monitor ds_cpl vmx est tm2 ssse3 cx16 xtpr pdcm pcid sse4_1 sse4_2 x2apic popcnt tsc_deadline_timer aes xsave avx f16c rdrand lahf_lm ida arat epb xsaveopt pln pts dtherm tpr_shadow vnmi flexpriority ept vpid fsgsbase smep erms
bogomips	: 3392.23
clflush size	: 64
cache_alignment	: 64
address sizes	: 36 bits physical, 48 bits virtual
power management:

processor	: 3
vendor_id	: GenuineIntel
cpu family	: 6
model		: 58
model name	: Intel(R) Core(TM) i5-3317U CPU @ 1.70GHz
stepping	: 9
microcode	: 0xc
cpu MHz		: 876.031
cache size	: 3072 KB
physical id	: 0
siblings	: 4
core id		: 1
cpu cores	: 2
apicid		: 3
initial apicid	: 3
fpu		: yes
fpu_exception	: yes
cpuid level	: 13
wp		: yes
flags		: fpu vme de pse tsc msr pae mce cx8 apic sep mtrr pge mca cmov pat pse36 clflush dts acpi mmx fxsr sse sse2 ss ht tm pbe syscall nx rdtscp lm constant_tsc arch_perfmon pebs bts rep_good nopl xtopology nonstop_tsc aperfmperf eagerfpu pni pclmulqdq dtes64 monitor ds_cpl vmx est tm2 ssse3 cx16 xtpr pdcm pcid sse4_1 sse4_2 x2apic popcnt tsc_deadline_timer aes xsave avx f16c rdrand lahf_lm ida arat epb xsaveopt pln pts dtherm tpr_shadow vnmi flexpriority ept vpid fsgsbase smep erms
bogomips	: 3392.23
clflush size	: 64
cache_alignment	: 64
address sizes	: 36 bits physical, 48 bits virtual
power management:



Memory: 4k page, physical 6005332k(113460k free), swap 1999868k(164k free)

vm_info: Java HotSpot(TM) 64-Bit Server VM (25.91-b14) for linux-amd64 JRE (1.8.0_91-b14), built on Apr  1 2016 00:57:21 by "java_re" with gcc 4.3.0 20080428 (Red Hat 4.3.0-8)

time: Tue Sep 27 23:27:55 2016
elapsed time: 590 seconds (0d 0h 9m 50s)

