WARN  VCcallingPipeline.swift:144:27: Variable usage warning. Variable ploidy is not used
WARN  VCcallingPipeline.swift:144:46: Variable usage warning. Variable ploidy is not used
WARN  VCcallingPipeline.swift:131:3: Variable usage warning. Mapped variable recalibratedbam is not written
WARN  VCcallingPipeline.swift:131:3: Variable usage warning. Mapped variable rawvariant is not written
WARN  VCcallingPipeline.swift:131:3: Variable usage warning. Variable recalparmsdbsnp is not used
WARN  VCcallingPipeline.swift:131:3: Variable usage warning. Variable recalparms is not used
WARN  VCcallingPipeline.swift:131:3: Variable usage warning. Mapped variable realignedbam is not written
WARN  VCcallingPipeline.swift:144:27: Variable usage warning. Variable ploidy is not used
WARN  VCcallingPipeline.swift:144:46: Variable usage warning. Variable ploidy is not used
WARN  VCcallingPipeline.swift:131:3: Variable usage warning. Mapped variable recalibratedbam is not written
WARN  VCcallingPipeline.swift:131:3: Variable usage warning. Mapped variable rawvariant is not written
WARN  VCcallingPipeline.swift:131:3: Variable usage warning. Variable recalparmsdbsnp is not used
WARN  VCcallingPipeline.swift:131:3: Variable usage warning. Variable recalparms is not used
WARN  VCcallingPipeline.swift:131:3: Variable usage warning. Mapped variable realignedbam is not written
WARN  VCcallingPipeline.swift:144:27: Variable usage warning. Variable ploidy is not used
WARN  VCcallingPipeline.swift:144:46: Variable usage warning. Variable ploidy is not used
WARN  VCcallingPipeline.swift:131:3: Variable usage warning. Mapped variable recalibratedbam is not written
WARN  VCcallingPipeline.swift:131:3: Variable usage warning. Mapped variable rawvariant is not written
WARN  VCcallingPipeline.swift:131:3: Variable usage warning. Variable recalparmsdbsnp is not used
WARN  VCcallingPipeline.swift:131:3: Variable usage warning. Variable recalparms is not used
WARN  VCcallingPipeline.swift:131:3: Variable usage warning. Mapped variable realignedbam is not written
WARN  VCcallingPipeline.swift:144:27: Variable usage warning. Variable ploidy is not used
WARN  VCcallingPipeline.swift:144:46: Variable usage warning. Variable ploidy is not used
WARN  VCcallingPipeline.swift:131:3: Variable usage warning. Mapped variable recalibratedbam is not written
WARN  VCcallingPipeline.swift:131:3: Variable usage warning. Mapped variable rawvariant is not written
WARN  VCcallingPipeline.swift:131:3: Variable usage warning. Variable recalparmsdbsnp is not used
WARN  VCcallingPipeline.swift:131:3: Variable usage warning. Variable recalparms is not used
WARN  VCcallingPipeline.swift:131:3: Variable usage warning. Mapped variable realignedbam is not written
   0.000 WORK TYPES: WORK
   0.000 WORKERS: 1 RANKS: 0 - 0
   0.000 SERVERS: 1 RANKS: 1 - 1
   0.000 WORK WORKERS: 1 RANKS: 0 - 0
   0.010 function:swift:constants
   0.010 allocated string: c:s_-4=<1>
   0.010 store: <1>=""""
   0.010 allocated string: c:s_compressio=<2>
   0.010 store: <2>="--compression 1"
   0.010 allocated string: c:s_markDuplic=<3>
   0.010 store: <3>="--markDuplicates"
   0.010 allocated string: c:s_s_knownSit=<4>
   0.010 store: <4>="s/^/ --knownSites /g"
   0.010 allocated string: c:s_s_known_g=<5>
   0.010 store: <5>="s/^/ -known /g"
   0.010 allocated string: c:s_u=<6>
   0.010 store: <6>="-u"
   0.011 function: __entry
   0.011 allocated t:7=<7> u:vars=<8> t:11=<9> t:13=<10> t:15=<11>
   0.011 allocated t:18=<12> t:21=<13> t:25=<14> t:38=<15> t:192=<16>
   0.011 allocated t:197=<17> t:200=<18> t:321=<19> t:359=<20> t:373=<21>
   0.011 allocated t:376=<22> t:17=<23> t:37=<24> t:220=<25> u:indices=<26>
   0.011 allocated t:367=<27> t:394=<28> t:358=<29> t:372=<30>
   0.011 argv(runfile) => HgG0.lowcoverage.chr20.parameters-azza
   0.011 store: <31>=path HgG0.lowcoverage.chr20.parameters-azza
   0.012 creating reference: <8>["SAMPLEINFORMATION"] <- <*7> (string)
   0.012 creating reference: <8>["SAMPLELB"] <- <*9> (string)
   0.012 creating reference: <8>["SAMPLEPL"] <- <*10> (string)
   0.012 creating reference: <8>["SAMPLECN"] <- <*11> (string)
   0.012 creating reference: <8>["OUTPUTDIR"] <- <*12> (string)
   0.012 creating reference: <8>["DELIVERYFOLDER"] <- <*13> (string)
   0.012 creating reference: <8>["TMPDIR"] <- <*14> (string)
   0.012 creating reference: <8>["MARKDUPLICATESTOOL"] <- <*15> (string)
   0.012 creating reference: <8>["DUP_CUTOFF"] <- <*16> (string)
   0.012 creating reference: <8>["MAP_CUTOFF"] <- <*17> (string)
   0.012 creating reference: <8>["SAMTOOLSDIR"] <- <*18> (string)
   0.012 creating reference: <8>["CHRNAMES"] <- <*19> (string)
   0.012 creating reference: <8>["PBSCORES"] <- <*20> (string)
   0.012 creating reference: <8>["REFGENOMEDIR"] <- <*21> (string)
   0.012 creating reference: <8>["INDELDIR"] <- <*22> (string)
   0.012 allocated u:keyValuePair=<33>
   0.013 build_rec: <33>
   0.013 insert: <8>["SAMPLEINFORMATION"]=</home/azza/swift-project/Dataset/HgG0.lowcoverage.chr20.sampleinfo>
   0.013 allocated u:keyValuePair=<34>
   0.013 build_rec: <34>
   0.013 insert: <8>["OUTPUTDIR"]=</home/azza/swift-project/Results>
   0.013 allocated u:keyValuePair=<35>
   0.013 build_rec: <35>
   0.013 insert: <8>["TMPDIR"]=</home/azza/swift-project/tmp>
   0.014 allocated u:keyValuePair=<36>
   0.014 build_rec: <36>
   0.014 insert: <8>["EMAIL"]=<aeahmed@illinois.edu>
   0.014 allocated u:keyValuePair=<37>
   0.014 build_rec: <37>
   0.014 insert: <8>["REPORTTICKET"]=<5747>
   0.014 allocated u:keyValuePair=<38>
   0.014 build_rec: <38>
   0.014 insert: <8>["RUNMETHOD"]=<QSUB>
   0.014 allocated u:keyValuePair=<39>
   0.014 build_rec: <39>
   0.014 insert: <8>["ANALYSIS"]=<REALIGN_ONLY>
   0.014 allocated u:keyValuePair=<40>
   0.014 build_rec: <40>
   0.014 insert: <8>["INPUTFORMAT"]=<FASTQ>
   0.014 allocated u:keyValuePair=<41>
   0.014 build_rec: <41>
   0.015 insert: <8>["PAIRED"]=<1>
   0.015 allocated u:keyValuePair=<42>
   0.015 build_rec: <42>
   0.015 insert: <8>["READLENGTH"]=<100>
   0.015 allocated u:keyValuePair=<43>
   0.015 build_rec: <43>
   0.015 insert: <8>["MULTISAMPLE"]=<NO>
   0.015 allocated u:keyValuePair=<44>
   0.015 build_rec: <44>
   0.015 insert: <8>["PROVENANCE"]=<>
   0.015 allocated u:keyValuePair=<45>
   0.015 build_rec: <45>
   0.015 insert: <8>["SAMPLEID"]=<synthetic>
   0.015 allocated u:keyValuePair=<46>
   0.015 build_rec: <46>
   0.015 insert: <8>["SAMPLELB"]=<synthetic>
   0.015 allocated u:keyValuePair=<47>
   0.015 build_rec: <47>
   0.016 insert: <8>["SAMPLEPL"]=<illumina>
   0.016 allocated u:keyValuePair=<48>
   0.016 build_rec: <48>
   0.016 insert: <8>["SAMPLEPU"]=<synthetic>
   0.016 allocated u:keyValuePair=<49>
   0.016 build_rec: <49>
   0.016 insert: <8>["SAMPLESM"]=<synthetic>
   0.016 allocated u:keyValuePair=<50>
   0.016 build_rec: <50>
   0.016 insert: <8>["SAMPLECN"]=<synthetic>
   0.016 allocated u:keyValuePair=<51>
   0.016 build_rec: <51>
   0.016 insert: <8>["MARKDUPLICATESTOOL"]=<>
   0.016 allocated u:keyValuePair=<52>
   0.016 build_rec: <52>
   0.016 insert: <8>["ALIGNERTOOL"]=<BWAMEM>
   0.017 allocated u:keyValuePair=<53>
   0.017 build_rec: <53>
   0.017 insert: <8>["BWAMEMPARAMS"]=<-k 32 -I 300,30>
   0.017 allocated u:keyValuePair=<54>
   0.017 build_rec: <54>
   0.017 insert: <8>["NOVOALIGNPARAMS"]=<>
   0.017 allocated u:keyValuePair=<55>
   0.017 build_rec: <55>
   0.017 insert: <8>["CHRNAMES"]=<20>
   0.017 allocated u:keyValuePair=<56>
   0.017 build_rec: <56>
   0.017 insert: <8>["BWAINDEX"]=</home/azza/swift-project/Workshop_low_pass/ref/human_g1k_v37_chr20.fa>
   0.017 allocated u:keyValuePair=<57>
   0.017 build_rec: <57>
   0.017 insert: <8>["NOVOALIGNINDEX"]=</home/azza/swift-project/Workshop_low_pass/ref/human_g1k_v37_chr20.nix>
   0.017 allocated u:keyValuePair=<58>
   0.017 build_rec: <58>
   0.018 insert: <8>["MAP_CUTOFF"]=<95>
   0.018 allocated u:keyValuePair=<59>
   0.018 build_rec: <59>
   0.018 insert: <8>["DUP_CUTOFF"]=<1>
   0.018 allocated u:keyValuePair=<60>
   0.018 build_rec: <60>
   0.018 insert: <8>["MARKDUP"]=<YES>
   0.018 allocated u:keyValuePair=<61>
   0.018 build_rec: <61>
   0.018 insert: <8>["ADAPTERS"]=</usr/local/src/Trimmomatic-0.36/adapters/TruSeq3-PE-2.fa>
   0.018 allocated u:keyValuePair=<62>
   0.018 build_rec: <62>
   0.018 insert: <8>["REFGENOMEDIR"]=</home/azza/swift-project/Workshop_low_pass/ref>
   0.018 allocated u:keyValuePair=<63>
   0.018 build_rec: <63>
   0.018 insert: <8>["REFGENOME"]=<human_g1k_v37_chr20.fa>
   0.018 allocated u:keyValuePair=<64>
   0.018 build_rec: <64>
   0.019 insert: <8>["DBSNP"]=<dbsnp_135.b37.chr20.smallregion.vcf.gz>
   0.019 allocated u:keyValuePair=<65>
   0.019 build_rec: <65>
   0.019 insert: <8>["INDELDIR"]=<IndelsByChr>
   0.019 allocated u:keyValuePair=<66>
   0.019 build_rec: <66>
   0.019 insert: <8>["OMNI"]=<1000G_omni2.5.b37.sites.PASS.chr20.smallregion.vcf.gz>
   0.019 allocated u:keyValuePair=<67>
   0.019 build_rec: <67>
   0.019 insert: <8>["DELIVERYFOLDER"]=<delivery>
   0.019 allocated u:keyValuePair=<68>
   0.019 build_rec: <68>
   0.019 insert: <8>["JAVADIR"]=</usr/bin/java>
   0.019 allocated u:keyValuePair=<69>
   0.019 build_rec: <69>
   0.019 insert: <8>["FASTQCDIR"]=</usr/bin/fastqc>
   0.019 allocated u:keyValuePair=<70>
   0.019 build_rec: <70>
   0.020 insert: <8>["TRIMMOMATICDIR"]=</usr/local/src/Trimmomatic-0.36>
   0.020 allocated u:keyValuePair=<71>
   0.020 build_rec: <71>
   0.020 insert: <8>["PICARDDIR"]=</usr/local/src/picard/build/libs/picard-2.5.0-gradle-17-g960bc00-SNAPSHOT-all.jar>
   0.020 allocated u:keyValuePair=<72>
   0.020 build_rec: <72>
   0.020 insert: <8>["BWADIR"]=</usr/bin/bwa>
   0.020 allocated u:keyValuePair=<73>
   0.020 build_rec: <73>
   0.020 insert: <8>["SAMBLASTERDIR"]=</usr/local/bin/samblaster>
   0.020 allocated u:keyValuePair=<74>
   0.020 build_rec: <74>
   0.020 insert: <8>["SAMTOOLSDIR"]=</usr/local/bin/samtools>
   0.020 allocated u:keyValuePair=<75>
   0.020 build_rec: <75>
   0.020 insert: <8>["NOVOCRAFTDIR"]=</usr/local/src/novocraft>
   0.020 allocated u:keyValuePair=<76>
   0.020 build_rec: <76>
   0.021 insert: <8>["PBSNODES"]=<1>
   0.021 allocated u:keyValuePair=<77>
   0.021 build_rec: <77>
   0.021 insert: <8>["PBSCORES"]=<2>
   0.021 allocated u:keyValuePair=<78>
   0.021 build_rec: <78>
   0.021 insert: <8>["PBSQUEUE"]=<default>
   0.021 allocated u:keyValuePair=<79>
   0.021 build_rec: <79>
   0.021 insert: <8>["PBSWALLTIME"]=<04:00:00>
   0.021 rule: <7> => __entry-call_foreign-input_file 9 10 11 23 12 16 17 18 25 14 29 27 24 30 15 28 7 26 {file 32 is_mapped 0} 8
   0.021 rule: <12> <13> => __entry-async_op-strcat-13 23 12 13
   0.021 rule: <15> => __entry-async_op-eq_string-2 24 15
   0.021 rule: <16> => __entry-async_op-parse_float-4 16 25
   0.021 rule: <19> => __entry-call_foreign-split-3 19 26
   0.021 rule: <20> => __entry-async_op-parse_int 29 20
   0.021 rule: <21> <22> => __entry-async_op-strcat-14 30 21 22
   0.021 rule: <14> => __entry-optmerged-2 14 27 28
   0.022 store: <32>=path /home/azza/swift-project/Dataset/HgG0.lowcoverage.chr20.sampleinfo
   0.023 allocated u:sampleInfo=<80> u:read1=<81> u:read2=<82> u:rgheader=<83> t:24=<84>
   0.023 allocated t:29=<85> u:stat=<86> t:202=<87> t:205=<88> t:208=<89>
   0.023 allocated u:perc_mapped=<90> t:215=<91>
   0.023 build_rec: <80>
   0.023 store: <81>="/home/azza/swift-project/Dataset/HG00108.lowcoverage.chr20.smallregion_1.fastq"
   0.023 store: <82>="/home/azza/swift-project/Dataset/HG00108.lowcoverage.chr20.smallregion_2.fastq"
trace: #############     END ALIGNMENT-DEDUPLICATION BLOCK                   ############
trace: ########   ALIGNMENT QC TEST   FOR SAMPLE,HG00108.lowcoverage.chr20.smallregion,             ###############
trace: #############   WRAP UP the align_dedup stage   ############
   0.023 rule: <24> => __entry-if1 12 18 84 14 85 29 24 15 /home/azza/swift-project/Dataset/HG00108.lowcoverage.chr20.smallregion_1.fastq /home/azza/swift-project/Dataset/HG00108.lowcoverage.chr20.smallregion_2.fastq HG00108.lowcoverage.chr20.smallregion {file 93 is_mapped 1} {file 94 is_mapped 1} 81 82 83 8
   0.023 rule: <26> => __entry-foreach-wait2 12 18 29 27 30 28 HG00108.lowcoverage.chr20.smallregion {HG00108.lowcoverage.chr20.smallregion /home/azza/swift-project/Dataset/HG00108.lowcoverage.chr20.smallregion_1.fastq /home/azza/swift-project/Dataset/HG00108.lowcoverage.chr20.smallregion_2.fastq} {####   Realign-Vcall script for SAMPLE HG00108.lowcoverage.chr20.smallregion chr=} {#######   REALIGN-RECALIBRATION BLOCK STARTS HERE   HG00108.lowcoverage.chr20.smallregion} {file 94 is_mapped 1} 26
   0.023 rule: <9> <10> <11> => __entry-async_op-sprintf 9 10 11 HG00108.lowcoverage.chr20.smallregion 83
   0.023 rule: <23> => __entry-copy_in_filename-2 23 {file 92 is_mapped 1}
   0.023 rule: <14> => __entry-async_op-strcat-8 84 14 HG00108.lowcoverage.chr20.smallregion {file 93 is_mapped 1}
   0.023 rule: <12> => __entry-async_op-strcat-9 12 18 85 HG00108.lowcoverage.chr20.smallregion {file 94 is_mapped 1} {file 95 is_mapped 1} 86
   0.023 rule: <16> => __entry-call_foreign-trace 16
   0.023 rule: <17> => __entry-call_foreign-trace-1 17
   0.023 rule: => __entry-call_foreign-split {86.4} 87
   0.023 rule: => __entry-call_foreign-split-1 {86.0} 88
   0.023 rule: => __entry-call_foreign-split-2 {86.3} 89
   0.023 rule: => __entry-async_op-parse_float 89.0 88.0 16 17 91 25 HG00108.lowcoverage.chr20.smallregion 90 {file 92 is_mapped 1}
   0.024 rule: => __entry-async_op-parse_float-3 {87.0} 91
   0.024 store: <27>="/home/azza/swift-project/tmp/recal_foundfiles.txt"
   0.024 store: <28>="/home/azza/swift-project/tmp/real_foundfiles.txt"
trace: ########   QC rule2: mapped_reads cutoff >= ,95,           ###############
trace: ########   QC rule1: duplication cutoff <= ,1,          ###############
   0.024 store: <85>="/home/azza/swift-project/Results/align/HG00108.lowcoverage.chr20.smallregion.wdups.sorted.bam"
   0.024 rule: <18> <94> => samtools_flagstat-app-leaf1 18 /home/azza/swift-project/Results/align/HG00108.lowcoverage.chr20.smallregion.wdups.sorted.bam /home/azza/swift-project/Results/align/HG00108.lowcoverage.chr20.smallregion.wdups.sorted.bam.flagstats {file 94 is_mapped 1} {file 95 is_mapped 1} 86
   0.024 store: <84>="/home/azza/swift-project/tmp/align/HG00108.lowcoverage.chr20.smallregion.nodups.sam"
   0.025 store: <83>="@RG	ID:HG00108.lowcoverage.chr20.smallregion	LB:synthetic	PL:illumina	PU:HG00108.lowcoverage.chr20.smallregion	SM:HG00108.lowcoverage.chr20.smallregion	CN:synthetic"
   0.025 store: <30>="/home/azza/swift-project/Workshop_low_pass/ref/IndelsByChr/"
   0.025 store: <29>=2
   0.025 build_rec: <26>
   0.025 store: <25>=1
   0.026 allocated t:361=<96> t:379=<97>
trace: ####   Realign-Vcall script for SAMPLE HG00108.lowcoverage.chr20.smallregion chr=20                             #######
trace: #######   REALIGN-RECALIBRATION BLOCK STARTS HERE   HG00108.lowcoverage.chr20.smallregion20        ######
   0.026 store: <96>="20"
   0.026 function: samtools_view
   0.026 rule: <94> <18> <29> <96> => samtools_view-app-leaf1 {94.0} {98.0} 1 {file 94 is_mapped 1} {file 98 is_mapped 1} {18} {29} {96}
   0.026 store: <97>="*20.vcf"
   0.026 function: __ol:find
   0.026 rule: <30> <97> => find-app-leaf1 {103.0} 1 {30} {file 103 is_mapped 1} {97}
   0.026 function: sed
   0.027 rule: <4> <103> => sed-app-leaf1 {103.0} {104.0} 0 {4} {file 103 is_mapped 1} {file 104 is_mapped 0}
   0.027 function: __ol:find
   0.027 rule: <30> <97> => find-app-leaf1 {105.0} 1 {30} {file 105 is_mapped 1} {97}
   0.027 function: sed
   0.027 rule: <5> <103> => sed-app-leaf1 {103.0} {106.0} 0 {5} {file 103 is_mapped 1} {file 106 is_mapped 0}
   0.027 rule: <12> => __entry-async_op-strcat-7 12 18 HG00108.lowcoverage.chr20.smallregion 20 {HG00108.lowcoverage.chr20.smallregion /home/azza/swift-project/Dataset/HG00108.lowcoverage.chr20.smallregion_1.fastq /home/azza/swift-project/Dataset/HG00108.lowcoverage.chr20.smallregion_2.fastq.20.wdups.sorted.bam} {file 98 is_mapped 1} {file 102 is_mapped 1}
   0.027 rule: <27> => __entry-copy_in_filename 27 {file 103 is_mapped 1}
   0.027 rule: <28> => __entry-copy_in_filename-1 28 {file 105 is_mapped 1}
   0.027 rule: <106> => __entry-call_foreign-read {file 106 is_mapped 0}
   0.027 store: <24>=0
   0.028 rule: <12> => __entry-async_op-strcat-3 12 HG00108.lowcoverage.chr20.smallregion {file 107 is_mapped 1}
   0.028 rule: <15> => __entry-async_op-eq_string 12 18 84 14 85 29 15 /home/azza/swift-project/Dataset/HG00108.lowcoverage.chr20.smallregion_1.fastq /home/azza/swift-project/Dataset/HG00108.lowcoverage.chr20.smallregion_2.fastq HG00108.lowcoverage.chr20.smallregion {file 107 is_mapped 1} {file 93 is_mapped 1} {file 94 is_mapped 1} 81 82 83 8
   0.029 exec: /usr/bin/find /home/azza/swift-project/Workshop_low_pass/ref/IndelsByChr/ -name *20.vcf {stdout /home/azza/swift-project/tmp/real_foundfiles.txt}
   0.029 shell: /usr/bin/find /home/azza/swift-project/Workshop_low_pass/ref/IndelsByChr/ -name *20.vcf {stdout /home/azza/swift-project/tmp/real_foundfiles.txt}
   0.030 shell command duration: 0.001
   0.031 allocated t:137=<108> t:173=<109> t:174=<110>
trace: ##CASE DEFAULT: dedup tool is ## NOVOSORT ##. We use one command for dup-sort ##
   0.031 creating reference: <8>["ALIGNERTOOL"] <- <*108> (string)
   0.031 creating reference: <8>["NOVOCRAFTDIR"] <- <*110> (string)
   0.031 function: novosort
   0.031 rule: <107> <109> <3> <29> <14> => novosort-app-leaf1 {107.0} {94.0} 1 {file 107 is_mapped 1} {109} {file 94 is_mapped 1} {3} {29} {14}
   0.032 rule: <108> => __entry-async_op-eq_string-1 108 110 18 84 29 /home/azza/swift-project/Dataset/HG00108.lowcoverage.chr20.smallregion_1.fastq /home/azza/swift-project/Dataset/HG00108.lowcoverage.chr20.smallregion_2.fastq {file 107 is_mapped 1} {file 93 is_mapped 1} 81 82 83 8
   0.032 rule: <110> => __entry-async_op-strcat-6 109 110
   0.032 store: <109>="/usr/local/src/novocraft/novosort"
   0.032 allocated t:140=<111> t:142=<112> t:144=<113>
   0.032 creating reference: <8>["BWADIR"] <- <*111> (string)
   0.032 creating reference: <8>["BWAINDEX"] <- <*112> (string)
   0.032 creating reference: <8>["BWAMEMPARAMS"] <- <*113> (string)
   0.032 function: bwa_mem
   0.032 rule: <112> <29> <111> <113> <81> <82> <83> => bwa_mem-app-leaf1 {112} {29} {93.0} 1 {111} {113} {file 93 is_mapped 1} {81} {82} {83}
   0.032 function: samtools_view
   0.033 rule: <93> <18> <29> <6> => samtools_view-app-leaf1 {93.0} {107.0} 1 {file 93 is_mapped 1} {file 107 is_mapped 1} {18} {29} {6}
   0.033 exec: __v:bwadir mem -M {-k 32 -I 300,30} -t 2 -R {@RG	ID:HG00108.lowcoverage.chr20.smallregion	LB:synthetic	PL:illumina	PU:HG00108.lowcoverage.chr20.smallregion	SM:HG00108.lowcoverage.chr20.smallregion	CN:synthetic} /home/azza/swift-project/Workshop_low_pass/ref/human_g1k_v37_chr20.fa /home/azza/swift-project/Dataset/HG00108.lowcoverage.chr20.smallregion_1.fastq /home/azza/swift-project/Dataset/HG00108.lowcoverage.chr20.smallregion_2.fastq {stdout /home/azza/swift-project/tmp/align/HG00108.lowcoverage.chr20.smallregion.nodups.sam}
   0.033 shell: /usr/bin/bwa mem -M {-k 32 -I 300,30} -t 2 -R {@RG	ID:HG00108.lowcoverage.chr20.smallregion	LB:synthetic	PL:illumina	PU:HG00108.lowcoverage.chr20.smallregion	SM:HG00108.lowcoverage.chr20.smallregion	CN:synthetic} /home/azza/swift-project/Workshop_low_pass/ref/human_g1k_v37_chr20.fa /home/azza/swift-project/Dataset/HG00108.lowcoverage.chr20.smallregion_1.fastq /home/azza/swift-project/Dataset/HG00108.lowcoverage.chr20.smallregion_2.fastq {stdout /home/azza/swift-project/tmp/align/HG00108.lowcoverage.chr20.smallregion.nodups.sam}
[M::main_mem] read 60512 sequences (5506592 bp)...
[M::mem_pestat] # candidate unique pairs for (FF, FR, RF, RR): (2, 25851, 0, 0)
[M::mem_pestat] skip orientation FF as there are not enough pairs
[M::mem_pestat] analyzing insert size distribution for orientation FR...
[M::mem_pestat] (25, 50, 75) percentile: (458, 467, 475)
[M::mem_pestat] low and high boundaries for computing mean and std.dev: (424, 509)
[M::mem_pestat] mean and std.dev: (466.37, 12.53)
[M::mem_pestat] low and high boundaries for proper pairs: (407, 526)
[M::mem_pestat] skip orientation RF as there are not enough pairs
[M::mem_pestat] skip orientation RR as there are not enough pairs
[M::worker2@1] performed mate-SW for 7378 reads
[M::worker2@0] performed mate-SW for 7829 reads
[main] Version: 0.7.5a-r405
[main] CMD: /usr/bin/bwa mem -M -k 32 -I 300,30 -t 2 -R @RG	ID:HG00108.lowcoverage.chr20.smallregion	LB:synthetic	PL:illumina	PU:HG00108.lowcoverage.chr20.smallregion	SM:HG00108.lowcoverage.chr20.smallregion	CN:synthetic /home/azza/swift-project/Workshop_low_pass/ref/human_g1k_v37_chr20.fa /home/azza/swift-project/Dataset/HG00108.lowcoverage.chr20.smallregion_1.fastq /home/azza/swift-project/Dataset/HG00108.lowcoverage.chr20.smallregion_2.fastq
[main] Real time: 2.629 sec; CPU: 4.405 sec
   2.670 shell command duration: 2.636
   2.670 exec: /usr/bin/find /home/azza/swift-project/Workshop_low_pass/ref/IndelsByChr/ -name *20.vcf {stdout /home/azza/swift-project/tmp/recal_foundfiles.txt}
   2.671 shell: /usr/bin/find /home/azza/swift-project/Workshop_low_pass/ref/IndelsByChr/ -name *20.vcf {stdout /home/azza/swift-project/tmp/recal_foundfiles.txt}
   2.674 shell command duration: 0.003
   2.675 exec: __v:samtoolsdir view -@ 2 -bS /home/azza/swift-project/tmp/align/HG00108.lowcoverage.chr20.smallregion.nodups.sam -u {stdout /home/azza/swift-project/Results/align/HG00108.lowcoverage.chr20.smallregion.nodups.bam}
   2.675 shell: /usr/local/bin/samtools view -@ 2 -bS /home/azza/swift-project/tmp/align/HG00108.lowcoverage.chr20.smallregion.nodups.sam -u {stdout /home/azza/swift-project/Results/align/HG00108.lowcoverage.chr20.smallregion.nodups.bam}
   3.238 shell command duration: 0.563
   3.239 exec: sed {s/^/ -known /g} /home/azza/swift-project/tmp/recal_foundfiles.txt {stdout /tmp/tcl_mM2QtZ.turbine}
   3.239 shell: sed {s/^/ -known /g} /home/azza/swift-project/tmp/recal_foundfiles.txt {stdout /tmp/tcl_mM2QtZ.turbine}
   3.243 shell command duration: 0.004
   3.243 store: <106>=path /tmp/tcl_mM2QtZ.turbine
   3.244 exec: __v:novosortdir --index --tmpdir /home/azza/swift-project/tmp --threads 2 /home/azza/swift-project/Results/align/HG00108.lowcoverage.chr20.smallregion.nodups.bam -o /home/azza/swift-project/Results/align/HG00108.lowcoverage.chr20.smallregion.wdups.sorted.bam {}
   3.244 shell: /usr/local/src/novocraft/novosort --index --tmpdir /home/azza/swift-project/tmp --threads 2 /home/azza/swift-project/Results/align/HG00108.lowcoverage.chr20.smallregion.nodups.bam -o /home/azza/swift-project/Results/align/HG00108.lowcoverage.chr20.smallregion.wdups.sorted.bam 
# novosort (V1.03.09) - Build May 18 2016 @ 16:23:46
# (C) 2012 NovoCraft Technologies Sdn Bhd.
# /usr/local/src/novocraft/novosort --index --tmpdir /home/azza/swift-project/tmp --threads 2 /home/azza/swift-project/Results/align/HG00108.lowcoverage.chr20.smallregion.nodups.bam -o /home/azza/swift-project/Results/align/HG00108.lowcoverage.chr20.smallregion.wdups.sorted.bam
# License expires in 1.0 days.
# License file: /usr/local/src/novocraft/novoalign.lic
# Licensed to University of Khartoum
# Worker Threads: 2
# Process Headers..
# File /home/azza/swift-project/Results/align/HG00108.lowcoverage.chr20.smallregion.nodups.bam
# Sort Phase..
#   Sort Buffers: 3
# File /home/azza/swift-project/Results/align/HG00108.lowcoverage.chr20.smallregion.nodups.bam, 60529 alignment records
# Merge Phase...
# 1 memory buffers
#  60529 alignments merged.
# Saving BAM index.
# Done.
#       Elapsed Time: 0.0 (min.)
#           CPU Time: 0.0 (min.)
   3.684 shell command duration: 0.439
trace: 

 -known /home/azza/swift-project/Workshop_low_pass/ref/IndelsByChr/1kg.pilot_release.merged.indels.sites.hg19.chr20.vcf 


   3.685 exec: __v:samtoolsdir:1 flagstat /home/azza/swift-project/Results/align/HG00108.lowcoverage.chr20.smallregion.wdups.sorted.bam {stdout /home/azza/swift-project/Results/align/HG00108.lowcoverage.chr20.smallregion.wdups.sorted.bam.flagstats}
   3.685 shell: /usr/local/bin/samtools flagstat /home/azza/swift-project/Results/align/HG00108.lowcoverage.chr20.smallregion.wdups.sorted.bam {stdout /home/azza/swift-project/Results/align/HG00108.lowcoverage.chr20.smallregion.wdups.sorted.bam.flagstats}
   3.763 shell command duration: 0.079
   3.764 build_rec: <86>
   3.764 exec: sed {s/^/ --knownSites /g} /home/azza/swift-project/tmp/recal_foundfiles.txt {stdout /tmp/tcl_1ijfOx.turbine}
   3.764 shell: sed {s/^/ --knownSites /g} /home/azza/swift-project/tmp/recal_foundfiles.txt {stdout /tmp/tcl_1ijfOx.turbine}
   3.766 shell command duration: 0.001
   3.766 store: <104>=path /tmp/tcl_1ijfOx.turbine
   3.766 build_rec: <89>
   3.766 build_rec: <87>
   3.766 build_rec: <88>
   3.766 store: <91>=5865100.0
   3.766 rule: <91> => __entry-async_op-div_float 91 60529 90
   3.766 rule: <25> => __entry-async_op-parse_float-1 89.0 16 17 25 HG00108.lowcoverage.chr20.smallregion 60529 90 {file 92 is_mapped 1}
   3.766 rule: <18> <98> => samtools_index-app-leaf1 18 /home/azza/swift-project/Results/HG00108.lowcoverage.chr20.smallregion/realign/HG00108.lowcoverage.chr20.smallregion.20.wdups.sorted.bam {HG00108.lowcoverage.chr20.smallregion /home/azza/swift-project/Dataset/HG00108.lowcoverage.chr20.smallregion_1.fastq /home/azza/swift-project/Dataset/HG00108.lowcoverage.chr20.smallregion_2.fastq.20.wdups.sorted.bam} {file 98 is_mapped 1} {file 102 is_mapped 1}
   3.767 rule: <17> <90> => __entry-async_op-parse_float-2 16 17 HG00108.lowcoverage.chr20.smallregion 0.0 {#####  HG00108.lowcoverage.chr20.smallregion} 90 {file 92 is_mapped 1}
   3.767 rule: <16> => __entry-async_op-strcat-12 16 {#####  HG00108.lowcoverage.chr20.smallregion passed first filter percent_duplicates with value0.0, maximum cutoff is }
   3.767 exec: __v:samtoolsdir view -@ 2 -bS /home/azza/swift-project/Results/align/HG00108.lowcoverage.chr20.smallregion.wdups.sorted.bam 20 {stdout /home/azza/swift-project/Results/HG00108.lowcoverage.chr20.smallregion/realign/HG00108.lowcoverage.chr20.smallregion.20.wdups.sorted.bam}
   3.767 shell: /usr/local/bin/samtools view -@ 2 -bS /home/azza/swift-project/Results/align/HG00108.lowcoverage.chr20.smallregion.wdups.sorted.bam 20 {stdout /home/azza/swift-project/Results/HG00108.lowcoverage.chr20.smallregion/realign/HG00108.lowcoverage.chr20.smallregion.20.wdups.sorted.bam}
   4.373 shell command duration: 0.605
trace: #####  HG00108.lowcoverage.chr20.smallregion passed first filter percent_duplicates with value0.0, maximum cutoff is 1
   4.374 exec: __v:samtoolsdir index /home/azza/swift-project/Results/HG00108.lowcoverage.chr20.smallregion/realign/HG00108.lowcoverage.chr20.smallregion.20.wdups.sorted.bam {stdout {HG00108.lowcoverage.chr20.smallregion /home/azza/swift-project/Dataset/HG00108.lowcoverage.chr20.smallregion_1.fastq /home/azza/swift-project/Dataset/HG00108.lowcoverage.chr20.smallregion_2.fastq.20.wdups.sorted.bam}}
   4.374 shell: /usr/local/bin/samtools index /home/azza/swift-project/Results/HG00108.lowcoverage.chr20.smallregion/realign/HG00108.lowcoverage.chr20.smallregion.20.wdups.sorted.bam {stdout HG00108.lowcoverage.chr20.smallregion /home/azza/swift-project/Dataset/HG00108.lowcoverage.chr20.smallregion_1.fastq /home/azza/swift-project/Dataset/HG00108.lowcoverage.chr20.smallregion_2.fastq.20.wdups.sorted.bam}
   4.503 shell command duration: 0.128
   4.503 store: <90>=96.8973549868658
   4.504 store: <23>="/home/azza/swift-project/Results/delivery/docs/QC_test_results.txt"
   4.505 allocated t:249=<114>
   4.505 function: echo
   4.505 rule: <114> => echo-app-leaf1 {92.0} 1 {file 92 is_mapped 1} {114}
trace: #####  HG00108.lowcoverage.chr20.smallregion passed second filter map_cutoff with value96.8973549868658, minimum cutoff is 95
   4.505 rule: <16> => __entry-async_op-strcat-10 16 114 96.8973549868658 95 {HG00108.lowcoverage.chr20.smallregion	QCTEST	PASS
	rule1 ok: percent_duplication=0.0<? duplication_cutoff=}
   4.505 store: <114>="HG00108.lowcoverage.chr20.smallregion	QCTEST	PASS
	rule1 ok: percent_duplication=0.0<? duplication_cutoff=1
	rule2 ok: percent_mapped=96.8973549868658>? mapping_cutoff=95"
   4.506 exec: echo {HG00108.lowcoverage.chr20.smallregion	QCTEST	PASS
	rule1 ok: percent_duplication=0.0<? duplication_cutoff=1
	rule2 ok: percent_mapped=96.8973549868658>? mapping_cutoff=95} {stdout /home/azza/swift-project/Results/delivery/docs/QC_test_results.txt}
   4.506 shell: echo {HG00108.lowcoverage.chr20.smallregion	QCTEST	PASS
	rule1 ok: percent_duplication=0.0<? duplication_cutoff=1
	rule2 ok: percent_mapped=96.8973549868658>? mapping_cutoff=95} {stdout /home/azza/swift-project/Results/delivery/docs/QC_test_results.txt}
   4.508 shell command duration: 0.003
   4.603 turbine finalizing
   4.596 turbine finalizing
