WARN  VCcallingPipeline.swift:77:35: Variable usage warning. Variable qcfile is assigned on some code paths but not others
WARN  VCcallingPipeline.swift:77:35: Variable usage warning. Variable qcfile might be assigned twice
WARN  VCcallingPipeline.swift:93:36: Variable usage warning. Variable qcfile is assigned on some code paths but not others
WARN  VCcallingPipeline.swift:93:36: Variable usage warning. Variable qcfile might be assigned twice
WARN  VCcallingPipeline.swift:107:10: Variable usage warning. Variable qcfile is assigned on some code paths but not others
WARN  VCcallingPipeline.swift:107:10: Variable usage warning. Variable qcfile might be assigned twice
WARN  VCcallingPipeline.swift:132:16: Variable usage warning. Variable qcfile is assigned on some code paths but not others
WARN  VCcallingPipeline.swift:132:16: Variable usage warning. Variable qcfile might be assigned twice
WARN  VCcallingPipeline.swift:193:34: Variable usage warning. Variable qcfile is assigned on some code paths but not others
WARN  VCcallingPipeline.swift:193:34: Variable usage warning. Variable qcfile might be assigned twice
WARN  VCcallingPipeline.swift:198:37: Variable usage warning. Variable qcfile is assigned on some code paths but not others
WARN  VCcallingPipeline.swift:198:37: Variable usage warning. Variable qcfile might be assigned twice
WARN  VCcallingPipeline.swift:193:34: Variable usage warning. Variable qcfile is assigned on some code paths but not others
WARN  VCcallingPipeline.swift:193:34: Variable usage warning. Variable qcfile might be assigned twice
WARN  VCcallingPipeline.swift:198:37: Variable usage warning. Variable qcfile is assigned on some code paths but not others
WARN  VCcallingPipeline.swift:198:37: Variable usage warning. Variable qcfile might be assigned twice
WARN  VCcallingPipeline.swift:158:7: Variable usage warning. Variable qcfile is assigned on some code paths but not others
WARN  VCcallingPipeline.swift:158:7: Variable usage warning. Variable qcfile might be assigned twice
WARN  VCcallingPipeline.swift:219:29: Variable usage warning. Variable qcfile is assigned on some code paths but not others
WARN  VCcallingPipeline.swift:219:29: Variable usage warning. Variable qcfile might be assigned twice
WARN  VCcallingPipeline.swift:34:2: Variable usage warning. Variable chromosomes_processing_done might be read and not written, possibly leading to deadlock
WARN  VCcallingPipeline.swift:34:2: Variable usage warning. Mapped variable qcfile might not be written
WARN  VCcallingPipeline.swift:77:35: Variable usage warning. Variable qcfile is assigned on some code paths but not others
WARN  VCcallingPipeline.swift:77:35: Variable usage warning. Variable qcfile might be assigned twice
WARN  VCcallingPipeline.swift:93:36: Variable usage warning. Variable qcfile is assigned on some code paths but not others
WARN  VCcallingPipeline.swift:93:36: Variable usage warning. Variable qcfile might be assigned twice
WARN  VCcallingPipeline.swift:107:10: Variable usage warning. Variable qcfile is assigned on some code paths but not others
WARN  VCcallingPipeline.swift:107:10: Variable usage warning. Variable qcfile might be assigned twice
WARN  VCcallingPipeline.swift:132:16: Variable usage warning. Variable qcfile is assigned on some code paths but not others
WARN  VCcallingPipeline.swift:132:16: Variable usage warning. Variable qcfile might be assigned twice
WARN  VCcallingPipeline.swift:193:34: Variable usage warning. Variable qcfile is assigned on some code paths but not others
WARN  VCcallingPipeline.swift:193:34: Variable usage warning. Variable qcfile might be assigned twice
WARN  VCcallingPipeline.swift:198:37: Variable usage warning. Variable qcfile is assigned on some code paths but not others
WARN  VCcallingPipeline.swift:198:37: Variable usage warning. Variable qcfile might be assigned twice
WARN  VCcallingPipeline.swift:193:34: Variable usage warning. Variable qcfile is assigned on some code paths but not others
WARN  VCcallingPipeline.swift:193:34: Variable usage warning. Variable qcfile might be assigned twice
WARN  VCcallingPipeline.swift:198:37: Variable usage warning. Variable qcfile is assigned on some code paths but not others
WARN  VCcallingPipeline.swift:198:37: Variable usage warning. Variable qcfile might be assigned twice
WARN  VCcallingPipeline.swift:158:7: Variable usage warning. Variable qcfile is assigned on some code paths but not others
WARN  VCcallingPipeline.swift:158:7: Variable usage warning. Variable qcfile might be assigned twice
WARN  VCcallingPipeline.swift:219:29: Variable usage warning. Variable qcfile is assigned on some code paths but not others
WARN  VCcallingPipeline.swift:219:29: Variable usage warning. Variable qcfile might be assigned twice
WARN  VCcallingPipeline.swift:34:2: Variable usage warning. Variable chromosomes_processing_done might be read and not written, possibly leading to deadlock
WARN  VCcallingPipeline.swift:34:2: Variable usage warning. Mapped variable qcfile might not be written
WARN  VCcallingPipeline.swift:4: Variable usage warning. Variable samples_processing_done might be read and not written, possibly leading to deadlock
   0.000 WORK TYPES: WORK
   0.000 WORKERS: 1 RANKS: 0 - 0
   0.000 SERVERS: 1 RANKS: 1 - 1
   0.000 WORK WORKERS: 1 RANKS: 0 - 0
   0.001 function:swift:constants
   0.010 allocated string: c:s__GATKCombi-2=<1>
   0.010 store: <1>="*.GATKCombineGVCF.raw.vcf"
   0.010 allocated string: c:s_sknownSite=<2>
   0.010 store: <2>="s/^/--knownSites /g"
   0.010 allocated string: c:s_sknown_g=<3>
   0.010 store: <3>="s/^/-known /g"
   0.010 allocated string: c:s_svariant_g=<4>
   0.010 store: <4>="s/^/--variant /g"
   0.010 function: __entry
   0.011 allocated t:7=<5> t:777=<6> t:778=<7> t:779=<8> t:781=<9>
   0.011 allocated t:786=<10> u:samples_processing_done=<11> u:vars=<12> t:11=<13> t:13=<14>
   0.011 allocated t:15=<15> t:35=<16> t:80=<17> t:340=<18> t:345=<19>
   0.011 allocated t:348=<20> t:453=<21> t:79=<22> t:368=<23> u:indices=<24>
   0.011 argv(runfile) => HgG0.lowcoverage.chr20.parameters-azza
   0.011 store: <26>=path HgG0.lowcoverage.chr20.parameters-azza
   0.027 creating reference: <12>["SAMPLEINFORMATION"] <- <*5> (string)
trace: ####    Now launching joint_genotyping script for all SAMPLEs: each 200 together        ##########
   0.027 creating reference: <12>["OUTPUTDIR"] <- <*8> (string)
   0.027 creating reference: <12>["DELIVERYFOLDER"] <- <*9> (string)
   0.027 creating reference: <12>["TMPDIR"] <- <*10> (string)
   0.027 creating reference: <12>["SAMPLELB"] <- <*13> (string)
   0.027 creating reference: <12>["SAMPLEPL"] <- <*14> (string)
   0.027 creating reference: <12>["SAMPLECN"] <- <*15> (string)
   0.027 creating reference: <12>["MARKDUPLICATESTOOL"] <- <*17> (string)
   0.027 creating reference: <12>["DUP_CUTOFF"] <- <*18> (string)
   0.027 creating reference: <12>["MAP_CUTOFF"] <- <*19> (string)
   0.027 creating reference: <12>["SAMTOOLSDIR"] <- <*20> (string)
   0.027 creating reference: <12>["CHRNAMES"] <- <*21> (string)
   0.027 allocated u:keyValuePair=<29>
   0.028 build_rec: <29>
   0.028 insert: <12>["SAMPLEINFORMATION"]=</home/azza/swift-project/Dataset/HgG0.lowcoverage.chr20.sampleinfo>
   0.028 allocated u:keyValuePair=<30>
   0.028 build_rec: <30>
   0.028 insert: <12>["OUTPUTDIR"]=</home/azza/swift-project/Results>
   0.028 allocated u:keyValuePair=<31>
   0.028 build_rec: <31>
   0.028 insert: <12>["TMPDIR"]=</home/azza/swift-project/tmp>
   0.028 allocated u:keyValuePair=<32>
   0.028 build_rec: <32>
   0.029 insert: <12>["EMAIL"]=<aeahmed@illinois.edu>
   0.029 allocated u:keyValuePair=<33>
   0.029 build_rec: <33>
   0.029 insert: <12>["REPORTTICKET"]=<5747>
   0.029 allocated u:keyValuePair=<34>
   0.029 build_rec: <34>
   0.029 insert: <12>["RUNMETHOD"]=<QSUB>
   0.029 allocated u:keyValuePair=<35>
   0.029 build_rec: <35>
   0.029 insert: <12>["ANALYSIS"]=<REALIGN_ONLY>
   0.029 allocated u:keyValuePair=<36>
   0.029 build_rec: <36>
   0.029 insert: <12>["INPUTFORMAT"]=<FASTQ>
   0.030 allocated u:keyValuePair=<37>
   0.030 build_rec: <37>
   0.030 insert: <12>["PAIRED"]=<1>
   0.030 allocated u:keyValuePair=<38>
   0.030 build_rec: <38>
   0.030 insert: <12>["READLENGTH"]=<100>
   0.030 allocated u:keyValuePair=<39>
   0.030 build_rec: <39>
   0.030 insert: <12>["MULTISAMPLE"]=<NO>
   0.030 allocated u:keyValuePair=<40>
   0.030 build_rec: <40>
   0.030 insert: <12>["PROVENANCE"]=<>
   0.030 allocated u:keyValuePair=<41>
   0.030 build_rec: <41>
   0.030 insert: <12>["SAMPLEID"]=<synthetic>
   0.030 allocated u:keyValuePair=<42>
   0.030 build_rec: <42>
   0.030 insert: <12>["SAMPLELB"]=<synthetic>
   0.031 allocated u:keyValuePair=<43>
   0.031 build_rec: <43>
   0.031 insert: <12>["SAMPLEPL"]=<illumina>
   0.031 allocated u:keyValuePair=<44>
   0.031 build_rec: <44>
   0.031 insert: <12>["SAMPLEPU"]=<synthetic>
   0.031 allocated u:keyValuePair=<45>
   0.031 build_rec: <45>
   0.031 insert: <12>["SAMPLESM"]=<synthetic>
   0.031 allocated u:keyValuePair=<46>
   0.031 build_rec: <46>
   0.031 insert: <12>["SAMPLECN"]=<synthetic>
   0.031 allocated u:keyValuePair=<47>
   0.031 build_rec: <47>
   0.031 insert: <12>["MARKDUPLICATESTOOL"]=<SAMBLASTER>
   0.031 allocated u:keyValuePair=<48>
   0.031 build_rec: <48>
   0.031 insert: <12>["ALIGNERTOOL"]=<BWAMEM>
   0.032 allocated u:keyValuePair=<49>
   0.032 build_rec: <49>
   0.032 insert: <12>["BWAMEMPARAMS"]=<-k 32 -I 300,30>
   0.032 allocated u:keyValuePair=<50>
   0.032 build_rec: <50>
   0.032 insert: <12>["NOVOALIGNPARAMS"]=<>
   0.032 allocated u:keyValuePair=<51>
   0.032 build_rec: <51>
   0.032 insert: <12>["CHRNAMES"]=<20>
   0.032 allocated u:keyValuePair=<52>
   0.032 build_rec: <52>
   0.032 insert: <12>["BWAINDEX"]=</home/azza/swift-project/Workshop_low_pass/ref/human_g1k_v37_chr20.fa>
   0.032 allocated u:keyValuePair=<53>
   0.032 build_rec: <53>
   0.032 insert: <12>["NOVOALIGNINDEX"]=</home/azza/swift-project/Workshop_low_pass/ref/human_g1k_v37_chr20.nix>
   0.032 allocated u:keyValuePair=<54>
   0.032 build_rec: <54>
   0.032 insert: <12>["MAP_CUTOFF"]=<95>
   0.032 allocated u:keyValuePair=<55>
   0.032 build_rec: <55>
   0.033 insert: <12>["DUP_CUTOFF"]=<1>
   0.033 allocated u:keyValuePair=<56>
   0.033 build_rec: <56>
   0.033 insert: <12>["MARKDUP"]=<YES>
   0.033 allocated u:keyValuePair=<57>
   0.033 build_rec: <57>
   0.033 insert: <12>["ADAPTERS"]=</usr/local/src/Trimmomatic-0.36/adapters/TruSeq3-PE-2.fa>
   0.033 allocated u:keyValuePair=<58>
   0.033 build_rec: <58>
   0.033 insert: <12>["REFGENOMEDIR"]=</home/azza/swift-project/Workshop_low_pass/ref>
   0.033 allocated u:keyValuePair=<59>
   0.033 build_rec: <59>
   0.033 insert: <12>["REFGENOME"]=<human_g1k_v37_chr20.fa>
   0.033 allocated u:keyValuePair=<60>
   0.033 build_rec: <60>
   0.033 insert: <12>["DBSNP"]=<dbsnp_135.b37.chr20.smallregion.vcf>
   0.033 allocated u:keyValuePair=<61>
   0.033 build_rec: <61>
   0.034 insert: <12>["INDELDIR"]=<IndelsByChr>
   0.034 allocated u:keyValuePair=<62>
   0.034 build_rec: <62>
   0.034 insert: <12>["OMNI"]=<1000G_omni2.5.b37.sites.PASS.chr20.smallregion.vcf.gz>
   0.034 allocated u:keyValuePair=<63>
   0.034 build_rec: <63>
   0.034 insert: <12>["DELIVERYFOLDER"]=<delivery>
   0.034 allocated u:keyValuePair=<64>
   0.034 build_rec: <64>
   0.034 insert: <12>["JAVADIR"]=</usr/bin/java>
   0.034 allocated u:keyValuePair=<65>
   0.034 build_rec: <65>
   0.034 insert: <12>["FASTQCDIR"]=</usr/bin/fastqc>
   0.034 allocated u:keyValuePair=<66>
   0.034 build_rec: <66>
   0.034 insert: <12>["TRIMMOMATICDIR"]=</usr/local/src/Trimmomatic-0.36>
   0.034 allocated u:keyValuePair=<67>
   0.034 build_rec: <67>
   0.034 insert: <12>["PICARDDIR"]=</usr/local/src/picard/build/libs/picard-2.5.0-gradle-17-g960bc00-SNAPSHOT-all.jar>
   0.035 allocated u:keyValuePair=<68>
   0.035 build_rec: <68>
   0.035 insert: <12>["BWADIR"]=</usr/bin/bwa>
   0.035 allocated u:keyValuePair=<69>
   0.035 build_rec: <69>
   0.035 insert: <12>["SAMBLASTERDIR"]=</usr/local/bin/samblaster>
   0.035 allocated u:keyValuePair=<70>
   0.035 build_rec: <70>
   0.035 insert: <12>["SAMTOOLSDIR"]=</usr/local/bin/samtools>
   0.035 allocated u:keyValuePair=<71>
   0.035 build_rec: <71>
   0.035 insert: <12>["NOVOCRAFTDIR"]=</usr/local/src/novocraft>
   0.035 allocated u:keyValuePair=<72>
   0.035 build_rec: <72>
   0.035 insert: <12>["GATKDIR"]=</usr/local/src/gatk>
   0.035 allocated u:keyValuePair=<73>
   0.035 build_rec: <73>
   0.035 insert: <12>["PBSNODES"]=<1>
   0.035 allocated u:keyValuePair=<74>
   0.035 build_rec: <74>
   0.036 insert: <12>["PBSCORES"]=<2>
   0.036 allocated u:keyValuePair=<75>
   0.036 build_rec: <75>
   0.036 insert: <12>["PBSQUEUE"]=<default>
   0.036 allocated u:keyValuePair=<76>
   0.036 build_rec: <76>
   0.036 insert: <12>["PBSWALLTIME"]=<04:00:00>
   0.036 rule: <11> => __entry-explicit-wait4 6 7 {file 25 is_mapped 1} 11 {file 28 is_mapped 1} 12
   0.036 rule: <5> => __entry-call_foreign-input_file 13 14 15 18 19 20 16 23 5 7 8 10 22 17 24 {file 27 is_mapped 0} 11 12
   0.036 rule: <10> => __entry-async_op-strcat-14 10 {file 28 is_mapped 1}
   0.036 rule: <17> => __entry-async_op-eq_string-2 22 17
   0.036 rule: <18> => __entry-async_op-parse_float-4 18 23
   0.036 rule: <21> => __entry-call_foreign-split-3 21 24
   0.036 rule: <8> <9> => __entry-optmerged-11 16 6 7 8 9 {file 25 is_mapped 1}
   0.037 store: <27>=path /home/azza/swift-project/Dataset/HgG0.lowcoverage.chr20.sampleinfo
   0.043 rule: => __entry-foreach-wait1 13 14 15 18 19 20 16 23 7 8 10 22 17 {0 {HG00108.lowcoverage.chr20.smallregion /home/azza/swift-project/Dataset/HG00108.lowcoverage.chr20.smallregion_1.fastq /home/azza/swift-project/Dataset/HG00108.lowcoverage.chr20.smallregion_2.fastq}} 24 11 12
   0.044 store: <7>="/home/azza/swift-project/Results/delivery"
   0.044 store: <16>="/home/azza/swift-project/Results/delivery/docs/QC_test_results.txt"
   0.044 store: <6>="/home/azza/swift-project/Results/delivery/jointVCFs/jointVCFcalled.vcf"
   0.045 allocated u:sampleInfo=<77> u:read1=<78> u:read2=<79> u:rgheader=<80> u:VarcallDir=<81>
   0.045 allocated u:RealignDir=<82> t:26=<83> t:31=<84> t:33=<85> t:42=<86>
   0.045 allocated t:64=<87> t:70=<88> u:stat=<89> t:350=<90> t:353=<91>
   0.045 allocated t:356=<92> u:perc_mapped=<93> t:363=<94> u:chromosomes_processing_done=<95> u:chr_bamList=<96>
   0.045 allocated t:730=<97> u:chr_vcfList=<98>
   0.045 build_rec: <77>
   0.045 store: <78>="/home/azza/swift-project/Dataset/HG00108.lowcoverage.chr20.smallregion_1.fastq"
   0.045 store: <79>="/home/azza/swift-project/Dataset/HG00108.lowcoverage.chr20.smallregion_2.fastq"
trace: #############     END ALIGNMENT-DEDUPLICATION BLOCK                   ############
trace: ########   ALIGNMENT QC TEST   FOR SAMPLE,HG00108.lowcoverage.chr20.smallregion,             ###############
trace: #############   WRAP UP the align_dedup stage   ############
trace: #######   MERGE BAMS BLOCK STARTS HERE  FOR             HG00108.lowcoverage.chr20.smallregion      ######
trace: #######   MERGE VCFs BLOCK STARTS HERE  FOR             HG00108.lowcoverage.chr20.smallregion       ######
   0.045 function: sed
   0.046 rule: <4> <108> => sed-app-leaf1 {108.0} {109.0} 0 {4} {file 108 is_mapped 1} {file 109 is_mapped 0}
   0.046 rule: <22> => __entry-if1 83 20 87 8 10 22 17 /home/azza/swift-project/Dataset/HG00108.lowcoverage.chr20.smallregion_1.fastq /home/azza/swift-project/Dataset/HG00108.lowcoverage.chr20.smallregion_2.fastq HG00108.lowcoverage.chr20.smallregion {file 106 is_mapped 1} {file 99 is_mapped 1} {file 102 is_mapped 1} 78 79 80 12
   0.046 rule: <95> => __entry-explicit-wait3 82 81 84 20 86 97 10 HG00108.lowcoverage.chr20.smallregion 96 {file 107 is_mapped 1} {file 108 is_mapped 1} 95 {file 103 is_mapped 1} {file 100 is_mapped 1} {file 102 is_mapped 1} 12
   0.046 rule: <13> <14> <15> => __entry-async_op-sprintf 13 14 15 HG00108.lowcoverage.chr20.smallregion 80
   0.046 rule: <16> => __entry-copy_in_filename 16 {file 102 is_mapped 1}
   0.046 rule: <7> => __entry-async_op-dircat-1 86 97 7 HG00108.lowcoverage.chr20.smallregion {file 103 is_mapped 1} {file 104 is_mapped 1}
   0.046 rule: <18> => __entry-call_foreign-trace 18
   0.046 rule: <19> => __entry-call_foreign-trace-1 19
   0.046 rule: => __entry-call_foreign-split {89.4} 90
   0.046 rule: => __entry-call_foreign-split-1 {89.0} 91
   0.046 rule: => __entry-call_foreign-split-2 {89.3} 92
   0.046 rule: => __entry-async_op-parse_float 92.0 91.0 18 19 94 23 HG00108.lowcoverage.chr20.smallregion 93 {file 102 is_mapped 1}
   0.046 rule: => __entry-async_op-parse_float-3 {90.0} 94
   0.046 rule: <109> => __entry-call_foreign-read-2 85 {file 109 is_mapped 0} 7 {0 {HG00108.lowcoverage.chr20.smallregion /home/azza/swift-project/Dataset/HG00108.lowcoverage.chr20.smallregion_1.fastq /home/azza/swift-project/Dataset/HG00108.lowcoverage.chr20.smallregion_2.fastq}} 98 {file 104 is_mapped 1} {file 101 is_mapped 1} 11 12
   0.046 rule: <8> => __entry-optmerged-5 82 81 83 84 85 20 88 8 HG00108.lowcoverage.chr20.smallregion 95 {file 99 is_mapped 1} {file 105 is_mapped 1} 24 {file 100 is_mapped 1} {file 102 is_mapped 1} {file 101 is_mapped 1} 89 12
   0.046 rule: <10> => __entry-optmerged-10 87 88 10 HG00108.lowcoverage.chr20.smallregion {file 106 is_mapped 1} {file 107 is_mapped 1} {file 108 is_mapped 1}
   0.046 exec: mkdir -p /home/azza/swift-project/Results/delivery/jointVCFs {}
   0.047 shell: mkdir -p /home/azza/swift-project/Results/delivery/jointVCFs 
   0.069 shell command duration: 0.022
   0.069 store: <87>="/home/azza/swift-project/tmp/align/HG00108.lowcoverage.chr20.smallregion.nodups.sam"
   0.069 store: <88>="/home/azza/swift-project/tmp/HG00108.lowcoverage.chr20.smallregion"
   0.069 store: <83>="/home/azza/swift-project/Results/align/HG00108.lowcoverage.chr20.smallregion.wdups.sorted.bam"
   0.069 store: <81>="/home/azza/swift-project/Results/HG00108.lowcoverage.chr20.smallregion/variant/"
   0.069 store: <85>="/home/azza/swift-project/Results/HG00108.lowcoverage.chr20.smallregion/variant/HG00108.lowcoverage.chr20.smallregion.GATKCombineGVCF.raw.vcf"
   0.070 store: <82>="/home/azza/swift-project/Results/HG00108.lowcoverage.chr20.smallregion/realign/"
   0.070 store: <84>="/home/azza/swift-project/Results/HG00108.lowcoverage.chr20.smallregion/realign/HG00108.lowcoverage.chr20.smallregion.recalibrated.bam"
   0.070 rule: <99> => __entry-optmerged-6 20 88 /home/azza/swift-project/Results/HG00108.lowcoverage.chr20.smallregion/realign/ /home/azza/swift-project/Results/HG00108.lowcoverage.chr20.smallregion/variant/ HG00108.lowcoverage.chr20.smallregion /home/azza/swift-project/Results/align/HG00108.lowcoverage.chr20.smallregion.wdups.sorted.bam /home/azza/swift-project/Results/align/HG00108.lowcoverage.chr20.smallregion.wdups.sorted.bam.flagstats 95 {file 99 is_mapped 1} {file 105 is_mapped 1} 24 {file 102 is_mapped 1} 89 12
trace: ########   QC rule2: mapped_reads cutoff >= ,95,           ###############
   0.070 exec: mkdir -p /home/azza/swift-project/Results/HG00108.lowcoverage.chr20.smallregion/variant/ {}
   0.070 shell: mkdir -p /home/azza/swift-project/Results/HG00108.lowcoverage.chr20.smallregion/variant/ 
   0.071 shell command duration: 0.001
trace: ########   QC rule1: duplication cutoff <= ,1,          ###############
   0.072 store: <86>="/home/azza/swift-project/Results/delivery/HG00108.lowcoverage.chr20.smallregion.recalibrated.bam"
   0.072 store: <97>="novosort command did not produce alignments for /home/azza/swift-project/Results/delivery/HG00108.lowcoverage.chr20.smallregion.recalibrated.bam"
   0.072 store: <80>="@RG	ID:HG00108.lowcoverage.chr20.smallregion	LB:synthetic	PL:illumina	PU:HG00108.lowcoverage.chr20.smallregion	SM:HG00108.lowcoverage.chr20.smallregion	CN:synthetic"
   0.072 build_rec: <24>
   0.072 store: <23>=1
   0.072 store: <22>=1
   0.073 allocated t:85=<110> t:90=<111> t:95=<112> t:97=<113> t:99=<114>
   0.073 allocated t:100=<115> t:102=<116> t:103=<117> t:126=<118> t:130=<119>
   0.073 allocated t:131=<120> t:140=<121>
   0.073 array_kv_build: <121> 2 elems, write_decr 1
trace: ##CASE1: dedup tool is ## SAMBLASTER ##. We use a single command for align-deduplication ##
   0.073 creating reference: <12>["BWADIR"] <- <*112> (string)
   0.073 creating reference: <12>["BWAINDEX"] <- <*113> (string)
   0.073 creating reference: <12>["BWAMEMPARAMS"] <- <*115> (string)
   0.073 creating reference: <12>["PBSCORES"] <- <*117> (string)
   0.073 function: bwa_mem
   0.073 rule: <113> <116> <112> <114> <78> <79> <80> => bwa_mem-app-leaf1 {113} {116} {106.0} 1 {112} {114} {file 106 is_mapped 1} {78} {79} {80}
   0.073 creating reference: <12>["NOVOCRAFTDIR"] <- <*120> (string)
   0.074 function: novosort
   0.074 rule: <123> <119> <121> <116> <10> => novosort-app-leaf1 {123.0} {99.0} 1 {file 123 is_mapped 1} {119} {file 99 is_mapped 1} {121} {116} {10}
   0.074 rule: <106> => __entry-chain1 116 118 20 87 110 111 HG00108.lowcoverage.chr20.smallregion {file 106 is_mapped 1} {file 123 is_mapped 1} {file 122 is_mapped 1} {file 102 is_mapped 1} 12
   0.074 rule: <10> => __entry-async_op-strcat 10 110 HG00108.lowcoverage.chr20.smallregion {file 122 is_mapped 1}
   0.074 rule: <8> => __entry-async_op-strcat-1 118 8 111 HG00108.lowcoverage.chr20.smallregion {file 123 is_mapped 1}
   0.074 rule: <115> => __entry-arr_copy_in_imm 115 114
   0.074 rule: <117> => __entry-async_op-parse_int 116 117
   0.074 rule: <120> => __entry-async_op-strcat-2 119 120
   0.074 rule: <83> <20> <99> => __entry-optmerged 83 20 HG00108.lowcoverage.chr20.smallregion {file 99 is_mapped 1} {file 102 is_mapped 1}
   0.074 store: <110>="/home/azza/swift-project/tmp/align/HG00108.lowcoverage.chr20.smallregion.wdups.sam"
   0.074 store: <119>="/usr/local/src/novocraft/novosort"
   0.074 store: <116>=2
   0.074 array_kv_build: <114> 1 elems, write_decr 1
   0.074 store: <111>="/home/azza/swift-project/Results/align/HG00108.lowcoverage.chr20.smallregion.wdups.bam"
   0.074 store: <118>="bwa mem command did not produce alignments for /home/azza/swift-project/Results/align/HG00108.lowcoverage.chr20.smallregion.wdups.bam alignment failed"
   0.075 exec: __v:bwadir mem -M {-k 32 -I 300,30} -t 2 -R {@RG	ID:HG00108.lowcoverage.chr20.smallregion	LB:synthetic	PL:illumina	PU:HG00108.lowcoverage.chr20.smallregion	SM:HG00108.lowcoverage.chr20.smallregion	CN:synthetic} /home/azza/swift-project/Workshop_low_pass/ref/human_g1k_v37_chr20.fa /home/azza/swift-project/Dataset/HG00108.lowcoverage.chr20.smallregion_1.fastq /home/azza/swift-project/Dataset/HG00108.lowcoverage.chr20.smallregion_2.fastq {stdout /home/azza/swift-project/tmp/align/HG00108.lowcoverage.chr20.smallregion.nodups.sam}
   0.075 shell: /usr/bin/bwa mem -M {-k 32 -I 300,30} -t 2 -R {@RG	ID:HG00108.lowcoverage.chr20.smallregion	LB:synthetic	PL:illumina	PU:HG00108.lowcoverage.chr20.smallregion	SM:HG00108.lowcoverage.chr20.smallregion	CN:synthetic} /home/azza/swift-project/Workshop_low_pass/ref/human_g1k_v37_chr20.fa /home/azza/swift-project/Dataset/HG00108.lowcoverage.chr20.smallregion_1.fastq /home/azza/swift-project/Dataset/HG00108.lowcoverage.chr20.smallregion_2.fastq {stdout /home/azza/swift-project/tmp/align/HG00108.lowcoverage.chr20.smallregion.nodups.sam}
[M::main_mem] read 60512 sequences (5506592 bp)...
[M::mem_pestat] # candidate unique pairs for (FF, FR, RF, RR): (2, 25851, 0, 0)
[M::mem_pestat] skip orientation FF as there are not enough pairs
[M::mem_pestat] analyzing insert size distribution for orientation FR...
[M::mem_pestat] (25, 50, 75) percentile: (458, 467, 475)
[M::mem_pestat] low and high boundaries for computing mean and std.dev: (424, 509)
[M::mem_pestat] mean and std.dev: (466.37, 12.53)
[M::mem_pestat] low and high boundaries for proper pairs: (407, 526)
[M::mem_pestat] skip orientation RF as there are not enough pairs
[M::mem_pestat] skip orientation RR as there are not enough pairs
[M::worker2@0] performed mate-SW for 7829 reads
[M::worker2@1] performed mate-SW for 7378 reads
[main] Version: 0.7.5a-r405
[main] CMD: /usr/bin/bwa mem -M -k 32 -I 300,30 -t 2 -R @RG	ID:HG00108.lowcoverage.chr20.smallregion	LB:synthetic	PL:illumina	PU:HG00108.lowcoverage.chr20.smallregion	SM:HG00108.lowcoverage.chr20.smallregion	CN:synthetic /home/azza/swift-project/Workshop_low_pass/ref/human_g1k_v37_chr20.fa /home/azza/swift-project/Dataset/HG00108.lowcoverage.chr20.smallregion_1.fastq /home/azza/swift-project/Dataset/HG00108.lowcoverage.chr20.smallregion_2.fastq
[main] Real time: 4.692 sec; CPU: 4.710 sec
   4.794 shell command duration: 4.719
   4.795 allocated t:105=<124>
   4.795 creating reference: <12>["SAMBLASTERDIR"] <- <*124> (string)
   4.795 rule: <124> <87> <110> => samblaster-app-leaf1 116 124 118 20 87 110 111 HG00108.lowcoverage.chr20.smallregion {file 106 is_mapped 1} {file 123 is_mapped 1} {file 122 is_mapped 1} {file 102 is_mapped 1}
   4.796 exec: __v:samblasterdir -M -i /home/azza/swift-project/tmp/align/HG00108.lowcoverage.chr20.smallregion.nodups.sam {stdout /home/azza/swift-project/tmp/align/HG00108.lowcoverage.chr20.smallregion.wdups.sam}
   4.796 shell: /usr/local/bin/samblaster -M -i /home/azza/swift-project/tmp/align/HG00108.lowcoverage.chr20.smallregion.nodups.sam {stdout /home/azza/swift-project/tmp/align/HG00108.lowcoverage.chr20.smallregion.wdups.sam}
samblaster: Version 0.1.22
samblaster: Opening /home/azza/swift-project/tmp/align/HG00108.lowcoverage.chr20.smallregion.nodups.sam for read.
samblaster: Outputting to stdout
samblaster: Loaded 1 header sequence entries.
samblaster: Marked 2743 of 30256 (9.07%) read ids as duplicates using 5388k memory in 0.065S CPU seconds and 0S wall time.
   4.938 shell command duration: 0.142
   4.938 rule: => __entry-chain2 116 118 20 111 HG00108.lowcoverage.chr20.smallregion {file 123 is_mapped 1} {file 122 is_mapped 1} {file 102 is_mapped 1}
   4.939 allocated t:112=<125>
   4.939 array_kv_build: <125> 1 elems, write_decr 1
   4.939 function: samtools_view
   4.939 rule: <125> <122> <20> <116> => samtools_view-app-leaf1 {122.0} {123.0} 1 {125} {file 122 is_mapped 1} {file 123 is_mapped 1} {20} {116}
   4.939 rule: <20> <111> <123> => __entry-chain3 118 20 111 HG00108.lowcoverage.chr20.smallregion {file 123 is_mapped 1} {file 102 is_mapped 1}
   4.940 exec: __v:samtoolsdir view -@ 2 -bS /home/azza/swift-project/tmp/align/HG00108.lowcoverage.chr20.smallregion.wdups.sam -u {stdout /home/azza/swift-project/Results/align/HG00108.lowcoverage.chr20.smallregion.wdups.bam}
   4.941 shell: /usr/local/bin/samtools view -@ 2 -bS /home/azza/swift-project/tmp/align/HG00108.lowcoverage.chr20.smallregion.wdups.sam -u {stdout /home/azza/swift-project/Results/align/HG00108.lowcoverage.chr20.smallregion.wdups.bam}
   5.496 shell command duration: 0.555
   5.498 exec: __v:novosortdir --index --tmpdir /home/azza/swift-project/tmp --threads 2 /home/azza/swift-project/Results/align/HG00108.lowcoverage.chr20.smallregion.wdups.bam -o /home/azza/swift-project/Results/align/HG00108.lowcoverage.chr20.smallregion.wdups.sorted.bam --compression 1 {}
   5.498 shell: /usr/local/src/novocraft/novosort --index --tmpdir /home/azza/swift-project/tmp --threads 2 /home/azza/swift-project/Results/align/HG00108.lowcoverage.chr20.smallregion.wdups.bam -o /home/azza/swift-project/Results/align/HG00108.lowcoverage.chr20.smallregion.wdups.sorted.bam --compression 1 
# novosort (V1.03.09) - Build May 18 2016 @ 16:23:46
# (C) 2012 NovoCraft Technologies Sdn Bhd.
# /usr/local/src/novocraft/novosort --index --tmpdir /home/azza/swift-project/tmp --threads 2 /home/azza/swift-project/Results/align/HG00108.lowcoverage.chr20.smallregion.wdups.bam -o /home/azza/swift-project/Results/align/HG00108.lowcoverage.chr20.smallregion.wdups.sorted.bam --compression 1
# License file: /usr/local/src/novocraft/novoalign.lic
# License expired on 28 Sep 2016.
# System Local time: Mon Nov 28 02:30:16 2016
# License file: /usr/local/src/novocraft/novoalign.lic
# Novosort license not found, using single threading mode.
# Worker Threads: 1
# Process Headers..
# File /home/azza/swift-project/Results/align/HG00108.lowcoverage.chr20.smallregion.wdups.bam
# Sort Phase..
#   Sort Buffers: 2
tcmalloc: large alloc 1397612544 bytes == 0x289a000 @  0x60d48a 0x41113a 0x4066f1 0x4040d6 0x55d0da 0x409f71
tcmalloc: large alloc 1397612544 bytes == 0x5c81e000 @  0x60d48a 0x41113a 0x4066f1 0x4040d6 0x55d0da 0x409f71
# File /home/azza/swift-project/Results/align/HG00108.lowcoverage.chr20.smallregion.wdups.bam, 60529 alignment records
# Merge Phase...
# 1 memory buffers
#  60529 alignments merged.
# Saving BAM index.
# Done.
#       Elapsed Time: 0.0 (min.)
#           CPU Time: 0.0 (min.)
   5.937 shell command duration: 0.439
   5.953 rule: <118> => __entry-async_op-assert 118 1
   6.039 assert passed: (novosort command did not produce alignments for /home/azza/swift-project/Results/align/HG00108.lowcoverage.chr20.smallregion.wdups.sorted.bam Sorting bam failed)
   6.040 assert passed: (bwa mem command did not produce alignments for /home/azza/swift-project/Results/align/HG00108.lowcoverage.chr20.smallregion.wdups.bam alignment failed)
   6.040 allocated t:505=<126> t:529=<127> t:531=<128> t:565=<129> t:569=<130>
   6.040 allocated t:575=<131> t:625=<132>
   6.040 creating reference: <12>["PBSCORES"] <- <*126> (string)
   6.040 creating reference: <12>["REFGENOMEDIR"] <- <*127> (string)
   6.040 creating reference: <12>["INDELDIR"] <- <*128> (string)
   6.040 creating reference: <12>["JAVADIR"] <- <*129> (string)
   6.040 creating reference: <12>["GATKDIR"] <- <*130> (string)
   6.040 creating reference: <12>["REFGENOME"] <- <*131> (string)
   6.040 creating reference: <12>["DBSNP"] <- <*132> (string)
   6.040 rule: <24> => __entry-explicit-wait2 20 126 127 128 129 130 131 132 88 /home/azza/swift-project/Results/HG00108.lowcoverage.chr20.smallregion/realign/ /home/azza/swift-project/Results/HG00108.lowcoverage.chr20.smallregion/variant/ HG00108.lowcoverage.chr20.smallregion {####   Realign-Vcall script for SAMPLE HG00108.lowcoverage.chr20.smallregion chr=} {#######   REALIGN-RECALIBRATION BLOCK STARTS HERE   HG00108.lowcoverage.chr20.smallregion} {#############    GATK VARIANT CALLING   FOR SAMPLE HG00108.lowcoverage.chr20.smallregion : } 95 {file 99 is_mapped 1} 24 {file 102 is_mapped 1}
   6.040 rule: <20> => samtools_flagstat-app-leaf1 20 /home/azza/swift-project/Results/align/HG00108.lowcoverage.chr20.smallregion.wdups.sorted.bam /home/azza/swift-project/Results/align/HG00108.lowcoverage.chr20.smallregion.wdups.sorted.bam.flagstats {file 99 is_mapped 1} {file 105 is_mapped 1} 89
   6.041 allocated t:504=<133> t:572=<134> t:622=<135> t:527=<136> t:567=<137>
   6.042 allocated u:ploidy=<138> t:507=<139> t:534=<140> u:recalparmsindels=<141> u:realparms=<142>
trace: ####   Realign-Vcall script for SAMPLE HG00108.lowcoverage.chr20.smallregion chr=20                             #######
trace: #######   REALIGN-RECALIBRATION BLOCK STARTS HERE   HG00108.lowcoverage.chr20.smallregion20        ######
   6.042 array_kv_build: <139> 1 elems, write_decr 1
   6.042 function: samtools_view
   6.042 rule: <139> <99> <20> <133> => samtools_view-app-leaf1 {99.0} {143.0} 1 {139} {file 99 is_mapped 1} {file 143 is_mapped 1} {20} {133}
   6.042 store: <140>="*20.vcf"
   6.042 function: find_files
   6.042 rule: <136> <140> => find_files-app-leaf1 {149.0} 1 {136} {file 149 is_mapped 1} {140}
   6.042 function: sed
   6.042 rule: <2> <149> => sed-app-leaf1 {149.0} {151.0} 0 {2} {file 149 is_mapped 1} {file 151 is_mapped 0}
   6.042 function: find_files
   6.042 rule: <136> <140> => find_files-app-leaf1 {150.0} 1 {136} {file 150 is_mapped 1} {140}
   6.042 function: sed
   6.084 rule: <3> <149> => sed-app-leaf1 {149.0} {152.0} 0 {3} {file 149 is_mapped 1} {file 152 is_mapped 0}
trace: #############    GATK VARIANT CALLING   FOR SAMPLE HG00108.lowcoverage.chr20.smallregion : 20   ###########
   6.084 store: <138>=2
   6.084 rule: <151> => __entry-call_foreign-read-3 {file 151 is_mapped 0} 141
   6.084 rule: <152> => __entry-call_foreign-read-4 20 133 {file 152 is_mapped 0} 129 137 134 135 /home/azza/swift-project/Results/HG00108.lowcoverage.chr20.smallregion/variant/ HG00108.lowcoverage.chr20.smallregion 20 /home/azza/swift-project/Results/HG00108.lowcoverage.chr20.smallregion/realign/HG00108.lowcoverage.chr20.smallregion.20.wdups.sorted.bam /home/azza/swift-project/Results/HG00108.lowcoverage.chr20.smallregion/realign/HG00108.lowcoverage.chr20.smallregion.20.realigned.bam /home/azza/swift-project/Results/HG00108.lowcoverage.chr20.smallregion/realign/HG00108.lowcoverage.chr20.smallregion.20.recalibrated.bam /home/azza/swift-project/Results/HG00108.lowcoverage.chr20.smallregion/realign/HG00108.lowcoverage.chr20.smallregion.20.realignTargetCreator.intervals /home/azza/swift-project/Results/HG00108.lowcoverage.chr20.smallregion/realign/HG00108.lowcoverage.chr20.smallregion.20.recal_report.grp /home/azza/swift-project/Results/HG00108.lowcoverage.chr20.smallregion/variant/HG00108.lowcoverage.chr20.smallregion.
   6.084 rule: <88> => __entry-optmerged-7 88 20 {file 150 is_mapped 1} {file 149 is_mapped 1}
   6.084 rule: <20> <143> => __entry-optmerged-8 20 HG00108.lowcoverage.chr20.smallregion /home/azza/swift-project/Results/HG00108.lowcoverage.chr20.smallregion/realign/HG00108.lowcoverage.chr20.smallregion.20.wdups.sorted.bam {samtools command did not produce alignments for /home/azza/swift-project/Results/HG00108.lowcoverage.chr20.smallregion/realign/HG00108.lowcoverage.chr20.smallregion.20.wdups.sorted.bamsplitting by chromosome failed} {file 143 is_mapped 1} {file 102 is_mapped 1}
   6.084 rule: <126> => __entry-async_op-parse_int-6 133 126
   6.084 rule: <130> => __entry-async_op-dircat-3 137 130
   6.084 rule: <127> => __entry-optmerged-9 136 127 128 134 131 135 132
   6.085 exec: __v:samtoolsdir:11 flagstat /home/azza/swift-project/Results/align/HG00108.lowcoverage.chr20.smallregion.wdups.sorted.bam {stdout /home/azza/swift-project/Results/align/HG00108.lowcoverage.chr20.smallregion.wdups.sorted.bam.flagstats}
   6.085 shell: /usr/local/bin/samtools flagstat /home/azza/swift-project/Results/align/HG00108.lowcoverage.chr20.smallregion.wdups.sorted.bam {stdout /home/azza/swift-project/Results/align/HG00108.lowcoverage.chr20.smallregion.wdups.sorted.bam.flagstats}
   6.177 shell command duration: 0.092
   6.178 build_rec: <89>
   6.178 rule: <128> => __entry-async_op-dircat-4 136 128 /home/azza/swift-project/Workshop_low_pass/ref
   6.178 rule: <131> => __entry-async_op-dircat-5 134 131 /home/azza/swift-project/Workshop_low_pass/ref
   6.178 rule: <132> => __entry-async_op-dircat-6 135 132 /home/azza/swift-project/Workshop_low_pass/ref
   6.178 build_rec: <92>
   6.178 store: <135>="/home/azza/swift-project/Workshop_low_pass/ref/dbsnp_135.b37.chr20.smallregion.vcf"
   6.178 store: <134>="/home/azza/swift-project/Workshop_low_pass/ref/human_g1k_v37_chr20.fa"
   6.178 store: <136>="/home/azza/swift-project/Workshop_low_pass/ref/IndelsByChr/"
   6.178 build_rec: <90>
   6.179 build_rec: <91>
   6.179 store: <94>=5865100.0
   6.179 rule: <94> => __entry-async_op-div_float 94 60529 93
   6.179 rule: <23> => __entry-async_op-parse_float-1 92.0 18 19 23 HG00108.lowcoverage.chr20.smallregion 60529 93 {file 102 is_mapped 1}
   6.179 store: <137>="/usr/local/src/gatk/GenomeAnalysisTK.jar"
   6.179 rule: <18> => __entry-async_op-strcat-12 18 {#####  HG00108.lowcoverage.chr20.smallregion DID NOT pass first filter percent_duplicates with value9.06342414379884, maximum cutoff is }
   6.179 store: <93>=96.8973549868658
trace: #####  HG00108.lowcoverage.chr20.smallregion DID NOT pass first filter percent_duplicates with value9.06342414379884, maximum cutoff is 1
   6.180 store: <133>=2
   6.180 exec: __v:samtoolsdir view -@ 2 -bS /home/azza/swift-project/Results/align/HG00108.lowcoverage.chr20.smallregion.wdups.sorted.bam 20 {stdout /home/azza/swift-project/Results/HG00108.lowcoverage.chr20.smallregion/realign/HG00108.lowcoverage.chr20.smallregion.20.wdups.sorted.bam}
   6.180 shell: /usr/local/bin/samtools view -@ 2 -bS /home/azza/swift-project/Results/align/HG00108.lowcoverage.chr20.smallregion.wdups.sorted.bam 20 {stdout /home/azza/swift-project/Results/HG00108.lowcoverage.chr20.smallregion/realign/HG00108.lowcoverage.chr20.smallregion.20.wdups.sorted.bam}
   6.794 shell command duration: 0.614
   6.795 exec: find /home/azza/swift-project/Workshop_low_pass/ref/IndelsByChr/ -name *20.vcf {stdout /home/azza/swift-project/tmp/HG00108.lowcoverage.chr20.smallregion.20.real_foundfiles.txt}
   6.795 shell: find /home/azza/swift-project/Workshop_low_pass/ref/IndelsByChr/ -name *20.vcf {stdout /home/azza/swift-project/tmp/HG00108.lowcoverage.chr20.smallregion.20.real_foundfiles.txt}
   6.797 shell command duration: 0.002
   6.798 exec: find /home/azza/swift-project/Workshop_low_pass/ref/IndelsByChr/ -name *20.vcf {stdout /home/azza/swift-project/tmp/HG00108.lowcoverage.chr20.smallregion.20.recal_foundfiles.txt}
   6.798 shell: find /home/azza/swift-project/Workshop_low_pass/ref/IndelsByChr/ -name *20.vcf {stdout /home/azza/swift-project/tmp/HG00108.lowcoverage.chr20.smallregion.20.recal_foundfiles.txt}
   6.803 shell command duration: 0.005
   6.803 exec: __v:samtoolsdir:6 index /home/azza/swift-project/Results/HG00108.lowcoverage.chr20.smallregion/realign/HG00108.lowcoverage.chr20.smallregion.20.wdups.sorted.bam {}
   6.803 shell: /usr/local/bin/samtools index /home/azza/swift-project/Results/HG00108.lowcoverage.chr20.smallregion/realign/HG00108.lowcoverage.chr20.smallregion.20.wdups.sorted.bam 
   6.890 shell command duration: 0.087
   6.891 exec: sed {s/^/-known /g} /home/azza/swift-project/tmp/HG00108.lowcoverage.chr20.smallregion.20.recal_foundfiles.txt {stdout /tmp/tcl_eMZcJk.turbine}
   6.891 shell: sed {s/^/-known /g} /home/azza/swift-project/tmp/HG00108.lowcoverage.chr20.smallregion.20.recal_foundfiles.txt {stdout /tmp/tcl_eMZcJk.turbine}
   6.892 shell command duration: 0.001
   6.893 store: <152>=path /tmp/tcl_eMZcJk.turbine
   6.893 exec: sed {s/^/--knownSites /g} /home/azza/swift-project/tmp/HG00108.lowcoverage.chr20.smallregion.20.recal_foundfiles.txt {stdout /tmp/tcl_5mpFRU.turbine}
   6.893 shell: sed {s/^/--knownSites /g} /home/azza/swift-project/tmp/HG00108.lowcoverage.chr20.smallregion.20.recal_foundfiles.txt {stdout /tmp/tcl_5mpFRU.turbine}
   6.896 shell command duration: 0.003
   6.896 store: <151>=path /tmp/tcl_5mpFRU.turbine
   6.897 build_rec: <142>
   6.897 rule: <133> <129> <137> <134> <143> => RealignerTargetCreator-app-leaf1 20 133 129 137 134 135 /home/azza/swift-project/Results/HG00108.lowcoverage.chr20.smallregion/variant/ HG00108.lowcoverage.chr20.smallregion 20 /home/azza/swift-project/Results/HG00108.lowcoverage.chr20.smallregion/realign/HG00108.lowcoverage.chr20.smallregion.20.wdups.sorted.bam /home/azza/swift-project/Results/HG00108.lowcoverage.chr20.smallregion/realign/HG00108.lowcoverage.chr20.smallregion.20.realigned.bam /home/azza/swift-project/Results/HG00108.lowcoverage.chr20.smallregion/realign/HG00108.lowcoverage.chr20.smallregion.20.recalibrated.bam /home/azza/swift-project/Results/HG00108.lowcoverage.chr20.smallregion/realign/HG00108.lowcoverage.chr20.smallregion.20.realignTargetCreator.intervals /home/azza/swift-project/Results/HG00108.lowcoverage.chr20.smallregion/realign/HG00108.lowcoverage.chr20.smallregion.20.recal_report.grp /home/azza/swift-project/Results/HG00108.lowcoverage.chr20.smallregion/variant/HG00108.lowcoverage.chr20.smallr
   6.898 build_rec: <141>
   6.899 exec: __v:javadir:1 -Xmx8g -jar /usr/local/src/gatk/GenomeAnalysisTK.jar -T RealignerTargetCreator -R /home/azza/swift-project/Workshop_low_pass/ref/human_g1k_v37_chr20.fa -I /home/azza/swift-project/Results/HG00108.lowcoverage.chr20.smallregion/realign/HG00108.lowcoverage.chr20.smallregion.20.wdups.sorted.bam -known /home/azza/swift-project/Workshop_low_pass/ref/IndelsByChr/1kg.pilot_release.merged.indels.sites.hg19.chr20.vcf -nt 2 -o /home/azza/swift-project/Results/HG00108.lowcoverage.chr20.smallregion/realign/HG00108.lowcoverage.chr20.smallregion.20.realignTargetCreator.intervals {}
   6.899 shell: /usr/bin/java -Xmx8g -jar /usr/local/src/gatk/GenomeAnalysisTK.jar -T RealignerTargetCreator -R /home/azza/swift-project/Workshop_low_pass/ref/human_g1k_v37_chr20.fa -I /home/azza/swift-project/Results/HG00108.lowcoverage.chr20.smallregion/realign/HG00108.lowcoverage.chr20.smallregion.20.wdups.sorted.bam -known /home/azza/swift-project/Workshop_low_pass/ref/IndelsByChr/1kg.pilot_release.merged.indels.sites.hg19.chr20.vcf -nt 2 -o /home/azza/swift-project/Results/HG00108.lowcoverage.chr20.smallregion/realign/HG00108.lowcoverage.chr20.smallregion.20.realignTargetCreator.intervals 
INFO  02:30:20,645 HelpFormatter - -------------------------------------------------------------------------------- 
INFO  02:30:20,650 HelpFormatter - The Genome Analysis Toolkit (GATK) v3.6-0-g89b7209, Compiled 2016/06/01 22:27:29 
INFO  02:30:20,650 HelpFormatter - Copyright (c) 2010-2016 The Broad Institute 
INFO  02:30:20,651 HelpFormatter - For support and documentation go to https://www.broadinstitute.org/gatk 
INFO  02:30:20,651 HelpFormatter - [Mon Nov 28 02:30:20 EAT 2016] Executing on Linux 3.16.0-60-generic amd64 
INFO  02:30:20,651 HelpFormatter - Java HotSpot(TM) 64-Bit Server VM 1.8.0_91-b14 JdkDeflater 
INFO  02:30:20,658 HelpFormatter - Program Args: -T RealignerTargetCreator -R /home/azza/swift-project/Workshop_low_pass/ref/human_g1k_v37_chr20.fa -I /home/azza/swift-project/Results/HG00108.lowcoverage.chr20.smallregion/realign/HG00108.lowcoverage.chr20.smallregion.20.wdups.sorted.bam -known /home/azza/swift-project/Workshop_low_pass/ref/IndelsByChr/1kg.pilot_release.merged.indels.sites.hg19.chr20.vcf -nt 2 -o /home/azza/swift-project/Results/HG00108.lowcoverage.chr20.smallregion/realign/HG00108.lowcoverage.chr20.smallregion.20.realignTargetCreator.intervals 
INFO  02:30:20,664 HelpFormatter - Executing as azza@azza-laptop on Linux 3.16.0-60-generic amd64; Java HotSpot(TM) 64-Bit Server VM 1.8.0_91-b14. 
INFO  02:30:20,665 HelpFormatter - Date/Time: 2016/11/28 02:30:20 
INFO  02:30:20,665 HelpFormatter - -------------------------------------------------------------------------------- 
INFO  02:30:20,665 HelpFormatter - -------------------------------------------------------------------------------- 
INFO  02:30:20,680 GenomeAnalysisEngine - Strictness is SILENT 
INFO  02:30:20,790 GenomeAnalysisEngine - Downsampling Settings: Method: BY_SAMPLE, Target Coverage: 1000 
INFO  02:30:20,801 SAMDataSource$SAMReaders - Initializing SAMRecords in serial 
INFO  02:30:20,826 SAMDataSource$SAMReaders - Done initializing BAM readers: total time 0.02 
INFO  02:30:20,913 MicroScheduler - Running the GATK in parallel mode with 2 total threads, 1 CPU thread(s) for each of 2 data thread(s), of 4 processors available on this machine 
INFO  02:30:21,003 GenomeAnalysisEngine - Preparing for traversal over 1 BAM files 
INFO  02:30:21,105 GenomeAnalysisEngine - Done preparing for traversal 
INFO  02:30:21,105 ProgressMeter - [INITIALIZATION COMPLETE; STARTING PROCESSING] 
INFO  02:30:21,106 ProgressMeter -                 | processed |    time |    per 1M |           |   total | remaining 
INFO  02:30:21,107 ProgressMeter -        Location |     sites | elapsed |     sites | completed | runtime |   runtime 
INFO  02:30:21,119 SAMDataSource$SAMReaders - Initializing SAMRecords in serial 
INFO  02:30:21,124 SAMDataSource$SAMReaders - Done initializing BAM readers: total time 0.01 
INFO  02:30:45,410 ProgressMeter -            done   6.302552E7    24.0 s       0.0 s      100.0%    24.0 s       0.0 s 
INFO  02:30:45,411 ProgressMeter - Total runtime 24.31 secs, 0.41 min, 0.01 hours 
INFO  02:30:45,417 MicroScheduler - 6648 reads were filtered out during the traversal out of approximately 60012 total reads (11.08%) 
INFO  02:30:45,417 MicroScheduler -   -> 0 reads (0.00% of total) failing BadCigarFilter 
INFO  02:30:45,418 MicroScheduler -   -> 0 reads (0.00% of total) failing BadMateFilter 
INFO  02:30:45,419 MicroScheduler -   -> 5486 reads (9.14% of total) failing DuplicateReadFilter 
INFO  02:30:45,419 MicroScheduler -   -> 0 reads (0.00% of total) failing FailsVendorQualityCheckFilter 
INFO  02:30:45,420 MicroScheduler -   -> 0 reads (0.00% of total) failing MalformedReadFilter 
INFO  02:30:45,420 MicroScheduler -   -> 0 reads (0.00% of total) failing MappingQualityUnavailableFilter 
INFO  02:30:45,421 MicroScheduler -   -> 1157 reads (1.93% of total) failing MappingQualityZeroFilter 
INFO  02:30:45,421 MicroScheduler -   -> 5 reads (0.01% of total) failing NotPrimaryAlignmentFilter 
INFO  02:30:45,422 MicroScheduler -   -> 0 reads (0.00% of total) failing Platform454Filter 
INFO  02:30:45,422 MicroScheduler -   -> 0 reads (0.00% of total) failing UnmappedReadFilter 
------------------------------------------------------------------------------------------
Done. There were no warn messages.
------------------------------------------------------------------------------------------
  34.417 shell command duration: 27.518
  34.497 assert passed: (samtools command did not produce alignments for /home/azza/swift-project/Results/HG00108.lowcoverage.chr20.smallregion/realign/HG00108.lowcoverage.chr20.smallregion.20.wdups.sorted.bamsplitting by chromosome failed)
  34.498 exec: __v:javadir:1 -Xmx8g -jar /usr/local/src/gatk/GenomeAnalysisTK.jar -T IndelRealigner -R /home/azza/swift-project/Workshop_low_pass/ref/human_g1k_v37_chr20.fa -I /home/azza/swift-project/Results/HG00108.lowcoverage.chr20.smallregion/realign/HG00108.lowcoverage.chr20.smallregion.20.wdups.sorted.bam -known /home/azza/swift-project/Workshop_low_pass/ref/IndelsByChr/1kg.pilot_release.merged.indels.sites.hg19.chr20.vcf --targetIntervals /home/azza/swift-project/Results/HG00108.lowcoverage.chr20.smallregion/realign/HG00108.lowcoverage.chr20.smallregion.20.realignTargetCreator.intervals -o /home/azza/swift-project/Results/HG00108.lowcoverage.chr20.smallregion/realign/HG00108.lowcoverage.chr20.smallregion.20.realigned.bam {}
  34.498 shell: /usr/bin/java -Xmx8g -jar /usr/local/src/gatk/GenomeAnalysisTK.jar -T IndelRealigner -R /home/azza/swift-project/Workshop_low_pass/ref/human_g1k_v37_chr20.fa -I /home/azza/swift-project/Results/HG00108.lowcoverage.chr20.smallregion/realign/HG00108.lowcoverage.chr20.smallregion.20.wdups.sorted.bam -known /home/azza/swift-project/Workshop_low_pass/ref/IndelsByChr/1kg.pilot_release.merged.indels.sites.hg19.chr20.vcf --targetIntervals /home/azza/swift-project/Results/HG00108.lowcoverage.chr20.smallregion/realign/HG00108.lowcoverage.chr20.smallregion.20.realignTargetCreator.intervals -o /home/azza/swift-project/Results/HG00108.lowcoverage.chr20.smallregion/realign/HG00108.lowcoverage.chr20.smallregion.20.realigned.bam 
INFO  02:30:48,433 HelpFormatter - -------------------------------------------------------------------------------- 
INFO  02:30:48,437 HelpFormatter - The Genome Analysis Toolkit (GATK) v3.6-0-g89b7209, Compiled 2016/06/01 22:27:29 
INFO  02:30:48,437 HelpFormatter - Copyright (c) 2010-2016 The Broad Institute 
INFO  02:30:48,438 HelpFormatter - For support and documentation go to https://www.broadinstitute.org/gatk 
INFO  02:30:48,438 HelpFormatter - [Mon Nov 28 02:30:48 EAT 2016] Executing on Linux 3.16.0-60-generic amd64 
INFO  02:30:48,438 HelpFormatter - Java HotSpot(TM) 64-Bit Server VM 1.8.0_91-b14 JdkDeflater 
INFO  02:30:48,443 HelpFormatter - Program Args: -T IndelRealigner -R /home/azza/swift-project/Workshop_low_pass/ref/human_g1k_v37_chr20.fa -I /home/azza/swift-project/Results/HG00108.lowcoverage.chr20.smallregion/realign/HG00108.lowcoverage.chr20.smallregion.20.wdups.sorted.bam -known /home/azza/swift-project/Workshop_low_pass/ref/IndelsByChr/1kg.pilot_release.merged.indels.sites.hg19.chr20.vcf --targetIntervals /home/azza/swift-project/Results/HG00108.lowcoverage.chr20.smallregion/realign/HG00108.lowcoverage.chr20.smallregion.20.realignTargetCreator.intervals -o /home/azza/swift-project/Results/HG00108.lowcoverage.chr20.smallregion/realign/HG00108.lowcoverage.chr20.smallregion.20.realigned.bam 
INFO  02:30:48,448 HelpFormatter - Executing as azza@azza-laptop on Linux 3.16.0-60-generic amd64; Java HotSpot(TM) 64-Bit Server VM 1.8.0_91-b14. 
INFO  02:30:48,449 HelpFormatter - Date/Time: 2016/11/28 02:30:48 
INFO  02:30:48,449 HelpFormatter - -------------------------------------------------------------------------------- 
INFO  02:30:48,449 HelpFormatter - -------------------------------------------------------------------------------- 
INFO  02:30:48,557 GenomeAnalysisEngine - Strictness is SILENT 
INFO  02:30:48,745 GenomeAnalysisEngine - Downsampling Settings: No downsampling 
INFO  02:30:48,753 SAMDataSource$SAMReaders - Initializing SAMRecords in serial 
INFO  02:30:48,776 SAMDataSource$SAMReaders - Done initializing BAM readers: total time 0.02 
INFO  02:30:48,943 GenomeAnalysisEngine - Preparing for traversal over 1 BAM files 
INFO  02:30:48,951 GenomeAnalysisEngine - Done preparing for traversal 
INFO  02:30:48,951 ProgressMeter - [INITIALIZATION COMPLETE; STARTING PROCESSING] 
INFO  02:30:48,952 ProgressMeter -                 | processed |    time |    per 1M |           |   total | remaining 
INFO  02:30:48,952 ProgressMeter -        Location |     reads | elapsed |     reads | completed | runtime |   runtime 
INFO  02:30:49,081 ReadShardBalancer$1 - Loading BAM index data 
INFO  02:30:49,082 ReadShardBalancer$1 - Done loading BAM index data 
DEBUG	2016-11-28 02:30:52	BlockCompressedOutputStream	Using deflater: Deflater
INFO  02:30:55,158 ProgressMeter -            done     59673.0     6.0 s     103.0 s       65.6%     9.0 s       3.0 s 
INFO  02:30:55,159 ProgressMeter - Total runtime 6.21 secs, 0.10 min, 0.00 hours 
INFO  02:30:55,166 MicroScheduler - 0 reads were filtered out during the traversal out of approximately 59673 total reads (0.00%) 
INFO  02:30:55,169 MicroScheduler -   -> 0 reads (0.00% of total) failing BadCigarFilter 
INFO  02:30:55,174 MicroScheduler -   -> 0 reads (0.00% of total) failing MalformedReadFilter 
------------------------------------------------------------------------------------------
Done. There were no warn messages.
------------------------------------------------------------------------------------------
  44.223 shell command duration: 9.725
  44.223 rule: <20> => __entry-chain13 20 HG00108.lowcoverage.chr20.smallregion /home/azza/swift-project/Results/HG00108.lowcoverage.chr20.smallregion/realign/HG00108.lowcoverage.chr20.smallregion.20.realigned.bam {GATK IndelRealigner command did not produce alignments for /home/azza/swift-project/Results/HG00108.lowcoverage.chr20.smallregion/realign/HG00108.lowcoverage.chr20.smallregion.20.realigned.bam} {file 102 is_mapped 1}
  44.223 rule: <135> <141> => BaseRecalibrator-app-leaf1 20 135 /home/azza/swift-project/Results/HG00108.lowcoverage.chr20.smallregion/variant/ HG00108.lowcoverage.chr20.smallregion 20 /usr/local/src/gatk/GenomeAnalysisTK.jar /usr/bin/java /home/azza/swift-project/Workshop_low_pass/ref/human_g1k_v37_chr20.fa /home/azza/swift-project/Results/HG00108.lowcoverage.chr20.smallregion/realign/HG00108.lowcoverage.chr20.smallregion.20.realigned.bam /home/azza/swift-project/Results/HG00108.lowcoverage.chr20.smallregion/realign/HG00108.lowcoverage.chr20.smallregion.20.recalibrated.bam /home/azza/swift-project/Results/HG00108.lowcoverage.chr20.smallregion/realign/HG00108.lowcoverage.chr20.smallregion.20.recal_report.grp /home/azza/swift-project/Results/HG00108.lowcoverage.chr20.smallregion/variant/HG00108.lowcoverage.chr20.smallregion.20.raw.g.vcf {GATK BQSR Recalibrator command did not produce alignments for /home/azza/swift-project/Results/HG00108.lowcoverage.chr20.smallregion/realign/HG00108.lowcoverage.chr20.smallregion.20.r
  44.224 exec: __v:javadir:1 -Xmx16g -jar /usr/local/src/gatk/GenomeAnalysisTK.jar -T BaseRecalibrator -R /home/azza/swift-project/Workshop_low_pass/ref/human_g1k_v37_chr20.fa -I /home/azza/swift-project/Results/HG00108.lowcoverage.chr20.smallregion/realign/HG00108.lowcoverage.chr20.smallregion.20.realigned.bam -knownSites /home/azza/swift-project/Workshop_low_pass/ref/dbsnp_135.b37.chr20.smallregion.vcf --knownSites /home/azza/swift-project/Workshop_low_pass/ref/IndelsByChr/1kg.pilot_release.merged.indels.sites.hg19.chr20.vcf -nct 2 -o /home/azza/swift-project/Results/HG00108.lowcoverage.chr20.smallregion/realign/HG00108.lowcoverage.chr20.smallregion.20.recal_report.grp {}
  44.224 shell: /usr/bin/java -Xmx16g -jar /usr/local/src/gatk/GenomeAnalysisTK.jar -T BaseRecalibrator -R /home/azza/swift-project/Workshop_low_pass/ref/human_g1k_v37_chr20.fa -I /home/azza/swift-project/Results/HG00108.lowcoverage.chr20.smallregion/realign/HG00108.lowcoverage.chr20.smallregion.20.realigned.bam -knownSites /home/azza/swift-project/Workshop_low_pass/ref/dbsnp_135.b37.chr20.smallregion.vcf --knownSites /home/azza/swift-project/Workshop_low_pass/ref/IndelsByChr/1kg.pilot_release.merged.indels.sites.hg19.chr20.vcf -nct 2 -o /home/azza/swift-project/Results/HG00108.lowcoverage.chr20.smallregion/realign/HG00108.lowcoverage.chr20.smallregion.20.recal_report.grp 
INFO  02:30:58,094 HelpFormatter - -------------------------------------------------------------------------------- 
INFO  02:30:58,099 HelpFormatter - The Genome Analysis Toolkit (GATK) v3.6-0-g89b7209, Compiled 2016/06/01 22:27:29 
INFO  02:30:58,100 HelpFormatter - Copyright (c) 2010-2016 The Broad Institute 
INFO  02:30:58,100 HelpFormatter - For support and documentation go to https://www.broadinstitute.org/gatk 
INFO  02:30:58,100 HelpFormatter - [Mon Nov 28 02:30:58 EAT 2016] Executing on Linux 3.16.0-60-generic amd64 
INFO  02:30:58,101 HelpFormatter - Java HotSpot(TM) 64-Bit Server VM 1.8.0_91-b14 JdkDeflater 
INFO  02:30:58,107 HelpFormatter - Program Args: -T BaseRecalibrator -R /home/azza/swift-project/Workshop_low_pass/ref/human_g1k_v37_chr20.fa -I /home/azza/swift-project/Results/HG00108.lowcoverage.chr20.smallregion/realign/HG00108.lowcoverage.chr20.smallregion.20.realigned.bam -knownSites /home/azza/swift-project/Workshop_low_pass/ref/dbsnp_135.b37.chr20.smallregion.vcf --knownSites /home/azza/swift-project/Workshop_low_pass/ref/IndelsByChr/1kg.pilot_release.merged.indels.sites.hg19.chr20.vcf -nct 2 -o /home/azza/swift-project/Results/HG00108.lowcoverage.chr20.smallregion/realign/HG00108.lowcoverage.chr20.smallregion.20.recal_report.grp 
INFO  02:30:58,114 HelpFormatter - Executing as azza@azza-laptop on Linux 3.16.0-60-generic amd64; Java HotSpot(TM) 64-Bit Server VM 1.8.0_91-b14. 
INFO  02:30:58,114 HelpFormatter - Date/Time: 2016/11/28 02:30:58 
INFO  02:30:58,115 HelpFormatter - -------------------------------------------------------------------------------- 
INFO  02:30:58,115 HelpFormatter - -------------------------------------------------------------------------------- 
INFO  02:30:58,134 GenomeAnalysisEngine - Strictness is SILENT 
INFO  02:30:58,259 GenomeAnalysisEngine - Downsampling Settings: No downsampling 
INFO  02:30:58,268 SAMDataSource$SAMReaders - Initializing SAMRecords in serial 
INFO  02:30:58,295 SAMDataSource$SAMReaders - Done initializing BAM readers: total time 0.03 
INFO  02:30:58,383 MicroScheduler - Running the GATK in parallel mode with 2 total threads, 2 CPU thread(s) for each of 1 data thread(s), of 4 processors available on this machine 
INFO  02:30:58,462 GenomeAnalysisEngine - Preparing for traversal over 1 BAM files 
INFO  02:30:58,468 GenomeAnalysisEngine - Done preparing for traversal 
INFO  02:30:58,468 ProgressMeter - [INITIALIZATION COMPLETE; STARTING PROCESSING] 
INFO  02:30:58,469 ProgressMeter -                 | processed |    time |    per 1M |           |   total | remaining 
INFO  02:30:58,469 ProgressMeter -        Location |     reads | elapsed |     reads | completed | runtime |   runtime 
INFO  02:30:58,522 BaseRecalibrator - The covariates being used here:  
INFO  02:30:58,522 BaseRecalibrator - 	ReadGroupCovariate 
INFO  02:30:58,523 BaseRecalibrator - 	QualityScoreCovariate 
INFO  02:30:58,523 BaseRecalibrator - 	ContextCovariate 
INFO  02:30:58,523 ContextCovariate - 		Context sizes: base substitution model 2, indel substitution model 3 
INFO  02:30:58,523 BaseRecalibrator - 	CycleCovariate 
INFO  02:30:58,526 ReadShardBalancer$1 - Loading BAM index data 
INFO  02:30:58,527 ReadShardBalancer$1 - Done loading BAM index data 
INFO  02:31:07,264 BaseRecalibrator - Calculating quantized quality scores... 
INFO  02:31:07,322 BaseRecalibrator - Writing recalibration report... 
INFO  02:31:09,384 BaseRecalibrator - ...done! 
INFO  02:31:09,385 BaseRecalibrator - BaseRecalibrator was able to recalibrate 53058 reads 
INFO  02:31:09,387 ProgressMeter -            done     53058.0    10.0 s       3.4 m       53.9%    18.0 s       8.0 s 
INFO  02:31:09,388 ProgressMeter - Total runtime 10.92 secs, 0.18 min, 0.00 hours 
INFO  02:31:09,388 MicroScheduler - 6615 reads were filtered out during the traversal out of approximately 59673 total reads (11.09%) 
INFO  02:31:09,389 MicroScheduler -   -> 0 reads (0.00% of total) failing BadCigarFilter 
INFO  02:31:09,389 MicroScheduler -   -> 5453 reads (9.14% of total) failing DuplicateReadFilter 
INFO  02:31:09,389 MicroScheduler -   -> 0 reads (0.00% of total) failing FailsVendorQualityCheckFilter 
INFO  02:31:09,389 MicroScheduler -   -> 0 reads (0.00% of total) failing MalformedReadFilter 
INFO  02:31:09,389 MicroScheduler -   -> 0 reads (0.00% of total) failing MappingQualityUnavailableFilter 
INFO  02:31:09,390 MicroScheduler -   -> 1157 reads (1.94% of total) failing MappingQualityZeroFilter 
INFO  02:31:09,390 MicroScheduler -   -> 5 reads (0.01% of total) failing NotPrimaryAlignmentFilter 
INFO  02:31:09,390 MicroScheduler -   -> 0 reads (0.00% of total) failing UnmappedReadFilter 
------------------------------------------------------------------------------------------
Done. There were no warn messages.
------------------------------------------------------------------------------------------
  58.404 shell command duration: 14.180
  58.492 assert passed: (GATK IndelRealigner command did not produce alignments for /home/azza/swift-project/Results/HG00108.lowcoverage.chr20.smallregion/realign/HG00108.lowcoverage.chr20.smallregion.20.realigned.bam)
  58.492 exec: __v:javadir:1 -Xmx16g -jar /usr/local/src/gatk/GenomeAnalysisTK.jar -T PrintReads -R /home/azza/swift-project/Workshop_low_pass/ref/human_g1k_v37_chr20.fa -I /home/azza/swift-project/Results/HG00108.lowcoverage.chr20.smallregion/realign/HG00108.lowcoverage.chr20.smallregion.20.realigned.bam -BQSR /home/azza/swift-project/Results/HG00108.lowcoverage.chr20.smallregion/realign/HG00108.lowcoverage.chr20.smallregion.20.recal_report.grp -nct 2 --out /home/azza/swift-project/Results/HG00108.lowcoverage.chr20.smallregion/realign/HG00108.lowcoverage.chr20.smallregion.20.recalibrated.bam {}
  58.492 shell: /usr/bin/java -Xmx16g -jar /usr/local/src/gatk/GenomeAnalysisTK.jar -T PrintReads -R /home/azza/swift-project/Workshop_low_pass/ref/human_g1k_v37_chr20.fa -I /home/azza/swift-project/Results/HG00108.lowcoverage.chr20.smallregion/realign/HG00108.lowcoverage.chr20.smallregion.20.realigned.bam -BQSR /home/azza/swift-project/Results/HG00108.lowcoverage.chr20.smallregion/realign/HG00108.lowcoverage.chr20.smallregion.20.recal_report.grp -nct 2 --out /home/azza/swift-project/Results/HG00108.lowcoverage.chr20.smallregion/realign/HG00108.lowcoverage.chr20.smallregion.20.recalibrated.bam 
INFO  02:31:12,304 HelpFormatter - -------------------------------------------------------------------------------- 
INFO  02:31:12,308 HelpFormatter - The Genome Analysis Toolkit (GATK) v3.6-0-g89b7209, Compiled 2016/06/01 22:27:29 
INFO  02:31:12,309 HelpFormatter - Copyright (c) 2010-2016 The Broad Institute 
INFO  02:31:12,309 HelpFormatter - For support and documentation go to https://www.broadinstitute.org/gatk 
INFO  02:31:12,309 HelpFormatter - [Mon Nov 28 02:31:12 EAT 2016] Executing on Linux 3.16.0-60-generic amd64 
INFO  02:31:12,309 HelpFormatter - Java HotSpot(TM) 64-Bit Server VM 1.8.0_91-b14 JdkDeflater 
INFO  02:31:12,317 HelpFormatter - Program Args: -T PrintReads -R /home/azza/swift-project/Workshop_low_pass/ref/human_g1k_v37_chr20.fa -I /home/azza/swift-project/Results/HG00108.lowcoverage.chr20.smallregion/realign/HG00108.lowcoverage.chr20.smallregion.20.realigned.bam -BQSR /home/azza/swift-project/Results/HG00108.lowcoverage.chr20.smallregion/realign/HG00108.lowcoverage.chr20.smallregion.20.recal_report.grp -nct 2 --out /home/azza/swift-project/Results/HG00108.lowcoverage.chr20.smallregion/realign/HG00108.lowcoverage.chr20.smallregion.20.recalibrated.bam 
INFO  02:31:12,322 HelpFormatter - Executing as azza@azza-laptop on Linux 3.16.0-60-generic amd64; Java HotSpot(TM) 64-Bit Server VM 1.8.0_91-b14. 
INFO  02:31:12,322 HelpFormatter - Date/Time: 2016/11/28 02:31:12 
INFO  02:31:12,322 HelpFormatter - -------------------------------------------------------------------------------- 
INFO  02:31:12,323 HelpFormatter - -------------------------------------------------------------------------------- 
INFO  02:31:12,391 GenomeAnalysisEngine - Strictness is SILENT 
INFO  02:31:13,474 ContextCovariate - 		Context sizes: base substitution model 2, indel substitution model 3 
INFO  02:31:13,542 GenomeAnalysisEngine - Downsampling Settings: No downsampling 
INFO  02:31:13,553 SAMDataSource$SAMReaders - Initializing SAMRecords in serial 
INFO  02:31:13,584 SAMDataSource$SAMReaders - Done initializing BAM readers: total time 0.03 
INFO  02:31:13,620 MicroScheduler - Running the GATK in parallel mode with 2 total threads, 2 CPU thread(s) for each of 1 data thread(s), of 4 processors available on this machine 
INFO  02:31:13,733 GenomeAnalysisEngine - Preparing for traversal over 1 BAM files 
INFO  02:31:13,741 GenomeAnalysisEngine - Done preparing for traversal 
INFO  02:31:13,742 ProgressMeter - [INITIALIZATION COMPLETE; STARTING PROCESSING] 
INFO  02:31:13,743 ProgressMeter -                 | processed |    time |    per 1M |           |   total | remaining 
INFO  02:31:13,743 ProgressMeter -        Location |     reads | elapsed |     reads | completed | runtime |   runtime 
INFO  02:31:13,752 ReadShardBalancer$1 - Loading BAM index data 
INFO  02:31:13,754 ReadShardBalancer$1 - Done loading BAM index data 
DEBUG	2016-11-28 02:31:15	BlockCompressedOutputStream	Using deflater: Deflater
INFO  02:31:20,840 Walker - [REDUCE RESULT] Traversal result is: org.broadinstitute.gatk.engine.io.stubs.SAMFileWriterStub@b9c9bf5 
INFO  02:31:20,962 ProgressMeter -            done     59673.0     7.0 s     120.0 s       65.6%    10.0 s       3.0 s 
INFO  02:31:20,963 ProgressMeter - Total runtime 7.22 secs, 0.12 min, 0.00 hours 
INFO  02:31:20,964 MicroScheduler - 0 reads were filtered out during the traversal out of approximately 59673 total reads (0.00%) 
INFO  02:31:20,965 MicroScheduler -   -> 0 reads (0.00% of total) failing BadCigarFilter 
INFO  02:31:20,965 MicroScheduler -   -> 0 reads (0.00% of total) failing MalformedReadFilter 
------------------------------------------------------------------------------------------
Done. There were no warn messages.
------------------------------------------------------------------------------------------
  69.975 shell command duration: 11.483
  69.975 rule: <20> => __entry-chain14 20 HG00108.lowcoverage.chr20.smallregion /home/azza/swift-project/Results/HG00108.lowcoverage.chr20.smallregion/realign/HG00108.lowcoverage.chr20.smallregion.20.recalibrated.bam {GATK BQSR Recalibrator command did not produce alignments for /home/azza/swift-project/Results/HG00108.lowcoverage.chr20.smallregion/realign/HG00108.lowcoverage.chr20.smallregion.20.recalibrated.bam} {file 102 is_mapped 1}
  69.975 allocated t:688=<153> t:689=<154>
  69.975 exec: __v:javadir:1 -Xmx8g -jar /usr/local/src/gatk/GenomeAnalysisTK.jar -T HaplotypeCaller -R /home/azza/swift-project/Workshop_low_pass/ref/human_g1k_v37_chr20.fa -I /home/azza/swift-project/Results/HG00108.lowcoverage.chr20.smallregion/realign/HG00108.lowcoverage.chr20.smallregion.20.recalibrated.bam --dbsnp /home/azza/swift-project/Workshop_low_pass/ref/dbsnp_135.b37.chr20.smallregion.vcf -o /home/azza/swift-project/Results/HG00108.lowcoverage.chr20.smallregion/variant/HG00108.lowcoverage.chr20.smallregion.20.raw.g.vcf --emitRefConfidence GVCF -gt_mode DISCOVERY -A Coverage -A FisherStrand -A StrandOddsRatio -A HaplotypeScore -A MappingQualityRankSumTest -A QualByDepth -A RMSMappingQuality -A ReadPosRankSumTest -stand_call_conf 30 -stand_emit_conf 30 --sample_ploidy 2 -nt 1 -nct 2 -L 20 {}
  69.976 shell: /usr/bin/java -Xmx8g -jar /usr/local/src/gatk/GenomeAnalysisTK.jar -T HaplotypeCaller -R /home/azza/swift-project/Workshop_low_pass/ref/human_g1k_v37_chr20.fa -I /home/azza/swift-project/Results/HG00108.lowcoverage.chr20.smallregion/realign/HG00108.lowcoverage.chr20.smallregion.20.recalibrated.bam --dbsnp /home/azza/swift-project/Workshop_low_pass/ref/dbsnp_135.b37.chr20.smallregion.vcf -o /home/azza/swift-project/Results/HG00108.lowcoverage.chr20.smallregion/variant/HG00108.lowcoverage.chr20.smallregion.20.raw.g.vcf --emitRefConfidence GVCF -gt_mode DISCOVERY -A Coverage -A FisherStrand -A StrandOddsRatio -A HaplotypeScore -A MappingQualityRankSumTest -A QualByDepth -A RMSMappingQuality -A ReadPosRankSumTest -stand_call_conf 30 -stand_emit_conf 30 --sample_ploidy 2 -nt 1 -nct 2 -L 20 
INFO  02:31:23,830 HelpFormatter - -------------------------------------------------------------------------------- 
INFO  02:31:23,834 HelpFormatter - The Genome Analysis Toolkit (GATK) v3.6-0-g89b7209, Compiled 2016/06/01 22:27:29 
INFO  02:31:23,834 HelpFormatter - Copyright (c) 2010-2016 The Broad Institute 
INFO  02:31:23,835 HelpFormatter - For support and documentation go to https://www.broadinstitute.org/gatk 
INFO  02:31:23,835 HelpFormatter - [Mon Nov 28 02:31:23 EAT 2016] Executing on Linux 3.16.0-60-generic amd64 
INFO  02:31:23,835 HelpFormatter - Java HotSpot(TM) 64-Bit Server VM 1.8.0_91-b14 JdkDeflater 
INFO  02:31:23,842 HelpFormatter - Program Args: -T HaplotypeCaller -R /home/azza/swift-project/Workshop_low_pass/ref/human_g1k_v37_chr20.fa -I /home/azza/swift-project/Results/HG00108.lowcoverage.chr20.smallregion/realign/HG00108.lowcoverage.chr20.smallregion.20.recalibrated.bam --dbsnp /home/azza/swift-project/Workshop_low_pass/ref/dbsnp_135.b37.chr20.smallregion.vcf -o /home/azza/swift-project/Results/HG00108.lowcoverage.chr20.smallregion/variant/HG00108.lowcoverage.chr20.smallregion.20.raw.g.vcf --emitRefConfidence GVCF -gt_mode DISCOVERY -A Coverage -A FisherStrand -A StrandOddsRatio -A HaplotypeScore -A MappingQualityRankSumTest -A QualByDepth -A RMSMappingQuality -A ReadPosRankSumTest -stand_call_conf 30 -stand_emit_conf 30 --sample_ploidy 2 -nt 1 -nct 2 -L 20 
INFO  02:31:23,848 HelpFormatter - Executing as azza@azza-laptop on Linux 3.16.0-60-generic amd64; Java HotSpot(TM) 64-Bit Server VM 1.8.0_91-b14. 
INFO  02:31:23,849 HelpFormatter - Date/Time: 2016/11/28 02:31:23 
INFO  02:31:23,849 HelpFormatter - -------------------------------------------------------------------------------- 
INFO  02:31:23,849 HelpFormatter - -------------------------------------------------------------------------------- 
INFO  02:31:23,884 GenomeAnalysisEngine - Strictness is SILENT 
INFO  02:31:23,974 GenomeAnalysisEngine - Downsampling Settings: Method: BY_SAMPLE, Target Coverage: 500 
INFO  02:31:23,983 SAMDataSource$SAMReaders - Initializing SAMRecords in serial 
INFO  02:31:24,009 SAMDataSource$SAMReaders - Done initializing BAM readers: total time 0.03 
INFO  02:31:24,025 HCMappingQualityFilter - Filtering out reads with MAPQ < 20 
INFO  02:31:24,084 IntervalUtils - Processing 63025520 bp from intervals 
INFO  02:31:24,098 MicroScheduler - Running the GATK in parallel mode with 2 total threads, 2 CPU thread(s) for each of 1 data thread(s), of 4 processors available on this machine 
INFO  02:31:24,187 GenomeAnalysisEngine - Preparing for traversal over 1 BAM files 
INFO  02:31:24,280 GenomeAnalysisEngine - Done preparing for traversal 
INFO  02:31:24,281 ProgressMeter - [INITIALIZATION COMPLETE; STARTING PROCESSING] 
INFO  02:31:24,282 ProgressMeter -                 |      processed |    time |         per 1M |           |   total | remaining 
INFO  02:31:24,282 ProgressMeter -        Location | active regions | elapsed | active regions | completed | runtime |   runtime 
INFO  02:31:24,287 HaplotypeCaller - Standard Emitting and Calling confidence set to 0.0 for reference-model confidence output 
INFO  02:31:24,287 HaplotypeCaller - All sites annotated with PLs forced to true for reference-model confidence output 
WARN  02:31:24,343 InbreedingCoeff - Annotation will not be calculated. InbreedingCoeff requires at least 10 unrelated samples. 
INFO  02:31:24,436 HaplotypeCaller - Using global mismapping rate of 45 => -4.5 in log10 likelihood units 
INFO  02:31:24,437 PairHMM - Performance profiling for PairHMM is disabled because the program is being run with multiple threads (-nct>1) option
Profiling is enabled only when running in single thread mode
 
INFO  02:31:54,356 ProgressMeter -     20:21992306              0.0    30.0 s           49.6 w       34.9%    85.0 s      55.0 s 
Using AVX accelerated implementation of PairHMM
INFO  02:32:06,413 VectorLoglessPairHMM - libVectorLoglessPairHMM unpacked successfully from GATK jar file 
INFO  02:32:06,419 VectorLoglessPairHMM - Using vectorized implementation of PairHMM 
WARN  02:32:06,609 HaplotypeScore - Annotation will not be calculated, must be called from UnifiedGenotyper 
WARN  02:32:21,895 AnnotationUtils - Annotation will not be calculated, genotype is not called 
WARN  02:32:21,896 AnnotationUtils - Annotation will not be calculated, genotype is not called 
INFO  02:32:24,358 ProgressMeter -     20:33682749              0.0    60.0 s           99.3 w       53.4%   112.0 s      52.0 s 
INFO  02:32:54,359 ProgressMeter -     20:58024605              0.0    90.0 s          148.9 w       92.1%    97.0 s       7.0 s 
INFO  02:32:59,719 HaplotypeCaller - Ran local assembly on 211274 active regions 
INFO  02:32:59,770 ProgressMeter -            done       6.302552E7    95.0 s            1.0 s      100.0%    95.0 s       0.0 s 
INFO  02:32:59,770 ProgressMeter - Total runtime 95.49 secs, 1.59 min, 0.03 hours 
INFO  02:32:59,771 MicroScheduler - 6782 reads were filtered out during the traversal out of approximately 59673 total reads (11.37%) 
INFO  02:32:59,771 MicroScheduler -   -> 0 reads (0.00% of total) failing BadCigarFilter 
INFO  02:32:59,771 MicroScheduler -   -> 5443 reads (9.12% of total) failing DuplicateReadFilter 
INFO  02:32:59,772 MicroScheduler -   -> 0 reads (0.00% of total) failing FailsVendorQualityCheckFilter 
INFO  02:32:59,772 MicroScheduler -   -> 1337 reads (2.24% of total) failing HCMappingQualityFilter 
INFO  02:32:59,772 MicroScheduler -   -> 0 reads (0.00% of total) failing MalformedReadFilter 
INFO  02:32:59,772 MicroScheduler -   -> 0 reads (0.00% of total) failing MappingQualityUnavailableFilter 
INFO  02:32:59,773 MicroScheduler -   -> 2 reads (0.00% of total) failing NotPrimaryAlignmentFilter 
INFO  02:32:59,773 MicroScheduler -   -> 0 reads (0.00% of total) failing UnmappedReadFilter 
------------------------------------------------------------------------------------------
Done. There were 4 WARN messages, the first 4 are repeated below.
WARN  02:31:24,343 InbreedingCoeff - Annotation will not be calculated. InbreedingCoeff requires at least 10 unrelated samples. 
WARN  02:32:06,609 HaplotypeScore - Annotation will not be calculated, must be called from UnifiedGenotyper 
WARN  02:32:21,895 AnnotationUtils - Annotation will not be calculated, genotype is not called 
WARN  02:32:21,896 AnnotationUtils - Annotation will not be calculated, genotype is not called 
------------------------------------------------------------------------------------------
 168.832 shell command duration: 98.857
 168.832 rule: <154> => glob_body 153 154
 168.832 store: <154>="/home/azza/swift-project/Results/HG00108.lowcoverage.chr20.smallregion/variant/HG00108.lowcoverage.chr20.smallregion.*.raw.g.vcf"
 168.832 rule: <153> => __entry-call_foreign-size-1 153 1 95
 168.977 assert passed: (GATK BQSR Recalibrator command did not produce alignments for /home/azza/swift-project/Results/HG00108.lowcoverage.chr20.smallregion/realign/HG00108.lowcoverage.chr20.smallregion.20.recalibrated.bam)
 168.977 glob: /home/azza/swift-project/Results/HG00108.lowcoverage.chr20.smallregion/variant/HG00108.lowcoverage.chr20.smallregion.*.raw.g.vcf
 168.977 allocated file: <153>[0]=<155>
 168.977 insert: <153>["0"]=<file 155 is_mapped 1>
 168.978 store: <95>=1
 168.978 allocated t:691=<156> t:693=<157>
 168.978 store: <156>="HG00108.lowcoverage.chr20.smallregion.*.recalibrated.bam"
 168.978 function: find_files
 168.978 rule: <82> <156> => find_files-app-leaf1 {107.0} 1 {82} {file 107 is_mapped 1} {156}
 168.978 store: <157>="HG00108.lowcoverage.chr20.smallregion.*.raw.g.vcf"
 168.978 function: find_files
 168.978 rule: <81> <157> => find_files-app-leaf1 {108.0} 1 {81} {file 108 is_mapped 1} {157}
 168.978 rule: <107> => __entry-call_foreign-read-1 84 20 86 97 10 HG00108.lowcoverage.chr20.smallregion 96 {file 107 is_mapped 1} {file 103 is_mapped 1} {file 100 is_mapped 1} {file 102 is_mapped 1} 12
 168.979 exec: find /home/azza/swift-project/Results/HG00108.lowcoverage.chr20.smallregion/realign/ -name HG00108.lowcoverage.chr20.smallregion.*.recalibrated.bam {stdout /home/azza/swift-project/tmp/HG00108.lowcoverage.chr20.smallregion.chr_bamList.txt}
 168.979 shell: find /home/azza/swift-project/Results/HG00108.lowcoverage.chr20.smallregion/realign/ -name HG00108.lowcoverage.chr20.smallregion.*.recalibrated.bam {stdout /home/azza/swift-project/tmp/HG00108.lowcoverage.chr20.smallregion.chr_bamList.txt}
 168.992 shell command duration: 0.013
 168.992 exec: find /home/azza/swift-project/Results/HG00108.lowcoverage.chr20.smallregion/variant/ -name HG00108.lowcoverage.chr20.smallregion.*.raw.g.vcf {stdout /home/azza/swift-project/tmp/HG00108.lowcoverage.chr20.smallregion.chr_vcfList.txt}
 168.992 shell: find /home/azza/swift-project/Results/HG00108.lowcoverage.chr20.smallregion/variant/ -name HG00108.lowcoverage.chr20.smallregion.*.raw.g.vcf {stdout /home/azza/swift-project/tmp/HG00108.lowcoverage.chr20.smallregion.chr_vcfList.txt}
 168.994 shell command duration: 0.002
 168.995 allocated t:708=<158> t:715=<159>
 168.995 build_rec: <96>
 168.995 creating reference: <12>["NOVOCRAFTDIR"] <- <*158> (string)
 168.995 creating reference: <12>["PBSCORES"] <- <*159> (string)
 168.995 rule: <84> <158> <159> <10> => __entry-async_op-parse_int-5 84 20 86 158 159 97 10 HG00108.lowcoverage.chr20.smallregion 96 {file 103 is_mapped 1} {file 100 is_mapped 1} {file 102 is_mapped 1}
 168.995 exec: sed {s/^/--variant /g} /home/azza/swift-project/tmp/HG00108.lowcoverage.chr20.smallregion.chr_vcfList.txt {stdout /tmp/tcl_E6nmDF.turbine}
 168.995 shell: sed {s/^/--variant /g} /home/azza/swift-project/tmp/HG00108.lowcoverage.chr20.smallregion.chr_vcfList.txt {stdout /tmp/tcl_E6nmDF.turbine}
 169.043 shell command duration: 0.048
 169.044 store: <109>=path /tmp/tcl_E6nmDF.turbine
 169.044 exec: __v:t:707 --index --tmpdir /home/azza/swift-project/tmp --threads 2 /home/azza/swift-project/Results/HG00108.lowcoverage.chr20.smallregion/realign/HG00108.lowcoverage.chr20.smallregion.20.recalibrated.bam -o /home/azza/swift-project/Results/HG00108.lowcoverage.chr20.smallregion/realign/HG00108.lowcoverage.chr20.smallregion.recalibrated.bam {}
 169.044 shell: /usr/local/src/novocraft/novosort --index --tmpdir /home/azza/swift-project/tmp --threads 2 /home/azza/swift-project/Results/HG00108.lowcoverage.chr20.smallregion/realign/HG00108.lowcoverage.chr20.smallregion.20.recalibrated.bam -o /home/azza/swift-project/Results/HG00108.lowcoverage.chr20.smallregion/realign/HG00108.lowcoverage.chr20.smallregion.recalibrated.bam 
# novosort (V1.03.09) - Build May 18 2016 @ 16:23:46
# (C) 2012 NovoCraft Technologies Sdn Bhd.
# /usr/local/src/novocraft/novosort --index --tmpdir /home/azza/swift-project/tmp --threads 2 /home/azza/swift-project/Results/HG00108.lowcoverage.chr20.smallregion/realign/HG00108.lowcoverage.chr20.smallregion.20.recalibrated.bam -o /home/azza/swift-project/Results/HG00108.lowcoverage.chr20.smallregion/realign/HG00108.lowcoverage.chr20.smallregion.recalibrated.bam
# License file: /usr/local/src/novocraft/novoalign.lic
# License expired on 28 Sep 2016.
# System Local time: Mon Nov 28 02:33:00 2016
# License file: /usr/local/src/novocraft/novoalign.lic
# Novosort license not found, using single threading mode.
# Worker Threads: 1
# Process Headers..
# File /home/azza/swift-project/Results/HG00108.lowcoverage.chr20.smallregion/realign/HG00108.lowcoverage.chr20.smallregion.20.recalibrated.bam
#         is already sorted.
# Merge Phase...
#  59673 alignments merged.
# Saving BAM index.
# Done.
#       Elapsed Time: 0.0 (min.)
#           CPU Time: 0.0 (min.)
 170.512 shell command duration: 1.468
 170.512 rule: => __entry-chain17 20 86 97 HG00108.lowcoverage.chr20.smallregion {file 103 is_mapped 1} {file 100 is_mapped 1} {file 102 is_mapped 1}
 170.513 allocated t:747=<160> t:751=<161> t:755=<162> t:757=<163> t:759=<164>
 170.513 allocated t:762=<165>
 170.513 build_rec: <98>
 170.513 creating reference: <12>["JAVADIR"] <- <*160> (string)
 170.513 creating reference: <12>["GATKDIR"] <- <*161> (string)
 170.513 creating reference: <12>["REFGENOMEDIR"] <- <*162> (string)
 170.513 creating reference: <12>["REFGENOME"] <- <*163> (string)
 170.513 creating reference: <12>["DBSNP"] <- <*165> (string)
 170.513 rule: <162> <165> => __entry-optmerged-4 85 160 161 162 163 164 165 7 {0 {HG00108.lowcoverage.chr20.smallregion /home/azza/swift-project/Dataset/HG00108.lowcoverage.chr20.smallregion_1.fastq /home/azza/swift-project/Dataset/HG00108.lowcoverage.chr20.smallregion_2.fastq}} {--variant /home/azza/swift-project/Results/HG00108.lowcoverage.chr20.smallregion/variant/HG00108.lowcoverage.chr20.smallregion.20.raw.g.vcf} {file 104 is_mapped 1} {file 101 is_mapped 1} 11
 170.514 function: cp
 170.514 rule: <100> => cp-app-leaf1 {100.0} {103.0} 1 {file 100 is_mapped 1} {file 103 is_mapped 1}
 170.514 rule: <20> <86> <103> => __entry-chain18 20 86 97 HG00108.lowcoverage.chr20.smallregion {file 103 is_mapped 1} {file 102 is_mapped 1}
 170.514 store: <164>="/home/azza/swift-project/Workshop_low_pass/ref/dbsnp_135.b37.chr20.smallregion.vcf"
 170.514 rule: <85> <160> <161> <163> <164> => __entry-async_op-dircat-2 85 160 161 163 164 7 {0 {HG00108.lowcoverage.chr20.smallregion /home/azza/swift-project/Dataset/HG00108.lowcoverage.chr20.smallregion_1.fastq /home/azza/swift-project/Dataset/HG00108.lowcoverage.chr20.smallregion_2.fastq}} /home/azza/swift-project/Workshop_low_pass/ref {--variant /home/azza/swift-project/Results/HG00108.lowcoverage.chr20.smallregion/variant/HG00108.lowcoverage.chr20.smallregion.20.raw.g.vcf} {file 104 is_mapped 1} {file 101 is_mapped 1} 11
 170.515 exec: cp /home/azza/swift-project/Results/HG00108.lowcoverage.chr20.smallregion/realign/HG00108.lowcoverage.chr20.smallregion.recalibrated.bam /home/azza/swift-project/Results/delivery/HG00108.lowcoverage.chr20.smallregion.recalibrated.bam {}
 170.515 shell: cp /home/azza/swift-project/Results/HG00108.lowcoverage.chr20.smallregion/realign/HG00108.lowcoverage.chr20.smallregion.recalibrated.bam /home/azza/swift-project/Results/delivery/HG00108.lowcoverage.chr20.smallregion.recalibrated.bam 
 170.666 shell command duration: 0.150
 170.666 exec: __v:javadir:6 -Xmx8g -jar /usr/local/src/gatk/GenomeAnalysisTK.jar -T CombineGVCFs -R /home/azza/swift-project/Workshop_low_pass/ref/human_g1k_v37_chr20.fa --dbsnp /home/azza/swift-project/Workshop_low_pass/ref/dbsnp_135.b37.chr20.smallregion.vcf --variant /home/azza/swift-project/Results/HG00108.lowcoverage.chr20.smallregion/variant/HG00108.lowcoverage.chr20.smallregion.20.raw.g.vcf -o /home/azza/swift-project/Results/HG00108.lowcoverage.chr20.smallregion/variant/HG00108.lowcoverage.chr20.smallregion.GATKCombineGVCF.raw.vcf {}
 170.666 shell: /usr/bin/java -Xmx8g -jar /usr/local/src/gatk/GenomeAnalysisTK.jar -T CombineGVCFs -R /home/azza/swift-project/Workshop_low_pass/ref/human_g1k_v37_chr20.fa --dbsnp /home/azza/swift-project/Workshop_low_pass/ref/dbsnp_135.b37.chr20.smallregion.vcf --variant /home/azza/swift-project/Results/HG00108.lowcoverage.chr20.smallregion/variant/HG00108.lowcoverage.chr20.smallregion.20.raw.g.vcf -o /home/azza/swift-project/Results/HG00108.lowcoverage.chr20.smallregion/variant/HG00108.lowcoverage.chr20.smallregion.GATKCombineGVCF.raw.vcf 
INFO  02:33:05,803 HelpFormatter - -------------------------------------------------------------------------------- 
INFO  02:33:05,808 HelpFormatter - The Genome Analysis Toolkit (GATK) v3.6-0-g89b7209, Compiled 2016/06/01 22:27:29 
INFO  02:33:05,808 HelpFormatter - Copyright (c) 2010-2016 The Broad Institute 
INFO  02:33:05,809 HelpFormatter - For support and documentation go to https://www.broadinstitute.org/gatk 
INFO  02:33:05,809 HelpFormatter - [Mon Nov 28 02:33:05 EAT 2016] Executing on Linux 3.16.0-60-generic amd64 
INFO  02:33:05,809 HelpFormatter - Java HotSpot(TM) 64-Bit Server VM 1.8.0_91-b14 JdkDeflater 
INFO  02:33:05,815 HelpFormatter - Program Args: -T CombineGVCFs -R /home/azza/swift-project/Workshop_low_pass/ref/human_g1k_v37_chr20.fa --dbsnp /home/azza/swift-project/Workshop_low_pass/ref/dbsnp_135.b37.chr20.smallregion.vcf --variant /home/azza/swift-project/Results/HG00108.lowcoverage.chr20.smallregion/variant/HG00108.lowcoverage.chr20.smallregion.20.raw.g.vcf -o /home/azza/swift-project/Results/HG00108.lowcoverage.chr20.smallregion/variant/HG00108.lowcoverage.chr20.smallregion.GATKCombineGVCF.raw.vcf 
INFO  02:33:05,821 HelpFormatter - Executing as azza@azza-laptop on Linux 3.16.0-60-generic amd64; Java HotSpot(TM) 64-Bit Server VM 1.8.0_91-b14. 
INFO  02:33:05,821 HelpFormatter - Date/Time: 2016/11/28 02:33:05 
INFO  02:33:05,822 HelpFormatter - -------------------------------------------------------------------------------- 
INFO  02:33:05,822 HelpFormatter - -------------------------------------------------------------------------------- 
INFO  02:33:05,859 GenomeAnalysisEngine - Strictness is SILENT 
INFO  02:33:06,003 GenomeAnalysisEngine - Downsampling Settings: Method: BY_SAMPLE, Target Coverage: 1000 
INFO  02:33:06,226 GenomeAnalysisEngine - Preparing for traversal 
INFO  02:33:06,228 GenomeAnalysisEngine - Done preparing for traversal 
INFO  02:33:06,228 ProgressMeter - [INITIALIZATION COMPLETE; STARTING PROCESSING] 
INFO  02:33:06,229 ProgressMeter -                 | processed |    time |    per 1M |           |   total | remaining 
INFO  02:33:06,229 ProgressMeter -        Location |     sites | elapsed |     sites | completed | runtime |   runtime 
WARN  02:33:06,342 StrandBiasTest - StrandBiasBySample annotation exists in input VCF header. Attempting to use StrandBiasBySample values to calculate strand bias annotation values. If no sample has the SB genotype annotation, annotation may still fail. 
WARN  02:33:06,342 InbreedingCoeff - Annotation will not be calculated. InbreedingCoeff requires at least 10 unrelated samples. 
WARN  02:33:06,343 StrandBiasTest - StrandBiasBySample annotation exists in input VCF header. Attempting to use StrandBiasBySample values to calculate strand bias annotation values. If no sample has the SB genotype annotation, annotation may still fail. 
INFO  02:33:36,233 ProgressMeter -     20:33739501       3.3E7    30.0 s       0.0 s       53.5%    56.0 s      26.0 s 
INFO  02:34:04,352 ProgressMeter -            done   6.302552E7    58.0 s       0.0 s      100.0%    58.0 s       0.0 s 
INFO  02:34:04,353 ProgressMeter - Total runtime 58.12 secs, 0.97 min, 0.02 hours 
------------------------------------------------------------------------------------------
Done. There were 3 WARN messages, the first 3 are repeated below.
WARN  02:33:06,342 StrandBiasTest - StrandBiasBySample annotation exists in input VCF header. Attempting to use StrandBiasBySample values to calculate strand bias annotation values. If no sample has the SB genotype annotation, annotation may still fail. 
WARN  02:33:06,342 InbreedingCoeff - Annotation will not be calculated. InbreedingCoeff requires at least 10 unrelated samples. 
WARN  02:33:06,343 StrandBiasTest - StrandBiasBySample annotation exists in input VCF header. Attempting to use StrandBiasBySample values to calculate strand bias annotation values. If no sample has the SB genotype annotation, annotation may still fail. 
------------------------------------------------------------------------------------------
 233.349 shell command duration: 62.683
 233.349 rule: => __entry-chain20 7 {0 {HG00108.lowcoverage.chr20.smallregion /home/azza/swift-project/Dataset/HG00108.lowcoverage.chr20.smallregion_1.fastq /home/azza/swift-project/Dataset/HG00108.lowcoverage.chr20.smallregion_2.fastq}} {file 104 is_mapped 1} {file 101 is_mapped 1} 11
 233.447 rule: <97> => __entry-async_op-assert-3 97 1
 233.447 function: cp
 233.448 rule: <101> => cp-app-leaf1 {101.0} {104.0} 1 {file 101 is_mapped 1} {file 104 is_mapped 1}
 233.448 rule: <104> => __entry-chain21 7 {0 {HG00108.lowcoverage.chr20.smallregion /home/azza/swift-project/Dataset/HG00108.lowcoverage.chr20.smallregion_1.fastq /home/azza/swift-project/Dataset/HG00108.lowcoverage.chr20.smallregion_2.fastq}} {file 104 is_mapped 1} 11
 233.448 assert passed: (novosort command did not produce alignments for /home/azza/swift-project/Results/delivery/HG00108.lowcoverage.chr20.smallregion.recalibrated.bam)
 233.448 exec: cp /home/azza/swift-project/Results/HG00108.lowcoverage.chr20.smallregion/variant/HG00108.lowcoverage.chr20.smallregion.GATKCombineGVCF.raw.vcf /home/azza/swift-project/Results/delivery/HG00108.lowcoverage.chr20.smallregion.GATKCombineGVCF.raw.vcf {}
 233.448 shell: cp /home/azza/swift-project/Results/HG00108.lowcoverage.chr20.smallregion/variant/HG00108.lowcoverage.chr20.smallregion.GATKCombineGVCF.raw.vcf /home/azza/swift-project/Results/delivery/HG00108.lowcoverage.chr20.smallregion.GATKCombineGVCF.raw.vcf 
 233.464 shell command duration: 0.016
 233.465 allocated t:767=<166> t:768=<167>
 233.465 rule: <167> => glob_body 166 167
 233.465 rule: <7> => __entry-async_op-strcat-13 167 7
 233.465 rule: <166> => __entry-call_foreign-size 166 1 11
 233.465 store: <167>="/home/azza/swift-project/Results/delivery/*.GATKCombineGVCF.raw.vcf"
 233.466 glob: /home/azza/swift-project/Results/delivery/*.GATKCombineGVCF.raw.vcf
 233.466 allocated file: <166>[0]=<168>
 233.466 insert: <166>["0"]=<file 168 is_mapped 1>
 233.466 store: <11>=1
 233.466 allocated u:varlist=<169>
 233.466 function: find_files
 233.466 rule: <7> <1> => find_files-app-leaf1 {28.0} 1 {7} {file 28 is_mapped 1} {1}
 233.466 rule: <28> => __entry-chain22 6 {file 25 is_mapped 1} {file 28 is_mapped 1} 169 12
 233.466 exec: find /home/azza/swift-project/Results/delivery -name *.GATKCombineGVCF.raw.vcf {stdout /home/azza/swift-project/tmp/variantFiles.txt}
 233.466 shell: find /home/azza/swift-project/Results/delivery -name *.GATKCombineGVCF.raw.vcf {stdout /home/azza/swift-project/tmp/variantFiles.txt}
 233.468 shell command duration: 0.002
 233.468 function: sed
 233.469 rule: <4> <28> => sed-app-leaf1 {28.0} {170.0} 0 {4} {file 28 is_mapped 1} {file 170 is_mapped 0}
 233.469 rule: <170> => __entry-call_foreign-read 6 {file 170 is_mapped 0} {file 25 is_mapped 1} 169 12
 233.469 exec: sed {s/^/--variant /g} /home/azza/swift-project/tmp/variantFiles.txt {stdout /tmp/tcl_8CSROg.turbine}
 233.469 shell: sed {s/^/--variant /g} /home/azza/swift-project/tmp/variantFiles.txt {stdout /tmp/tcl_8CSROg.turbine}
 233.470 shell command duration: 0.001
 233.470 store: <170>=path /tmp/tcl_8CSROg.turbine
 233.471 allocated t:813=<171> t:817=<172> t:821=<173> t:823=<174>
 233.471 build_rec: <169>
 233.471 creating reference: <12>["JAVADIR"] <- <*171> (string)
 233.471 creating reference: <12>["GATKDIR"] <- <*172> (string)
 233.471 creating reference: <12>["REFGENOMEDIR"] <- <*173> (string)
 233.471 creating reference: <12>["REFGENOME"] <- <*174> (string)
 233.471 rule: <6> <171> <172> <173> <174> => __entry-async_op-dircat 6 171 172 173 174 {--variant /home/azza/swift-project/Results/delivery/HG00108.lowcoverage.chr20.smallregion.GATKCombineGVCF.raw.vcf} {file 25 is_mapped 1}
 233.471 exec: __v:javadir:7 -Xmx8g -jar /usr/local/src/gatk/GenomeAnalysisTK.jar -T GenotypeGVCFs -R /home/azza/swift-project/Workshop_low_pass/ref/human_g1k_v37_chr20.fa --variant /home/azza/swift-project/Results/delivery/HG00108.lowcoverage.chr20.smallregion.GATKCombineGVCF.raw.vcf -o /home/azza/swift-project/Results/delivery/jointVCFs/jointVCFcalled.vcf {}
 233.471 shell: /usr/bin/java -Xmx8g -jar /usr/local/src/gatk/GenomeAnalysisTK.jar -T GenotypeGVCFs -R /home/azza/swift-project/Workshop_low_pass/ref/human_g1k_v37_chr20.fa --variant /home/azza/swift-project/Results/delivery/HG00108.lowcoverage.chr20.smallregion.GATKCombineGVCF.raw.vcf -o /home/azza/swift-project/Results/delivery/jointVCFs/jointVCFcalled.vcf 
INFO  02:34:07,590 HelpFormatter - -------------------------------------------------------------------------------- 
INFO  02:34:07,594 HelpFormatter - The Genome Analysis Toolkit (GATK) v3.6-0-g89b7209, Compiled 2016/06/01 22:27:29 
INFO  02:34:07,595 HelpFormatter - Copyright (c) 2010-2016 The Broad Institute 
INFO  02:34:07,595 HelpFormatter - For support and documentation go to https://www.broadinstitute.org/gatk 
INFO  02:34:07,595 HelpFormatter - [Mon Nov 28 02:34:07 EAT 2016] Executing on Linux 3.16.0-60-generic amd64 
INFO  02:34:07,596 HelpFormatter - Java HotSpot(TM) 64-Bit Server VM 1.8.0_91-b14 JdkDeflater 
INFO  02:34:07,602 HelpFormatter - Program Args: -T GenotypeGVCFs -R /home/azza/swift-project/Workshop_low_pass/ref/human_g1k_v37_chr20.fa --variant /home/azza/swift-project/Results/delivery/HG00108.lowcoverage.chr20.smallregion.GATKCombineGVCF.raw.vcf -o /home/azza/swift-project/Results/delivery/jointVCFs/jointVCFcalled.vcf 
INFO  02:34:07,609 HelpFormatter - Executing as azza@azza-laptop on Linux 3.16.0-60-generic amd64; Java HotSpot(TM) 64-Bit Server VM 1.8.0_91-b14. 
INFO  02:34:07,609 HelpFormatter - Date/Time: 2016/11/28 02:34:07 
INFO  02:34:07,610 HelpFormatter - -------------------------------------------------------------------------------- 
INFO  02:34:07,610 HelpFormatter - -------------------------------------------------------------------------------- 
INFO  02:34:07,638 GenomeAnalysisEngine - Strictness is SILENT 
INFO  02:34:07,895 GenomeAnalysisEngine - Downsampling Settings: Method: BY_SAMPLE, Target Coverage: 1000 
WARN  02:34:07,941 RMDTrackBuilder - Index file /home/azza/swift-project/Results/delivery/HG00108.lowcoverage.chr20.smallregion.GATKCombineGVCF.raw.vcf.idx is out of date (index older than input file), deleting and updating the index file 
INFO  02:34:09,207 RMDTrackBuilder - Writing Tribble index to disk for file /home/azza/swift-project/Results/delivery/HG00108.lowcoverage.chr20.smallregion.GATKCombineGVCF.raw.vcf.idx 
INFO  02:34:09,402 GenomeAnalysisEngine - Preparing for traversal 
INFO  02:34:09,404 GenomeAnalysisEngine - Done preparing for traversal 
INFO  02:34:09,404 ProgressMeter - [INITIALIZATION COMPLETE; STARTING PROCESSING] 
INFO  02:34:09,405 ProgressMeter -                 | processed |    time |    per 1M |           |   total | remaining 
INFO  02:34:09,405 ProgressMeter -        Location |     sites | elapsed |     sites | completed | runtime |   runtime 
WARN  02:34:09,548 StrandBiasTest - StrandBiasBySample annotation exists in input VCF header. Attempting to use StrandBiasBySample values to calculate strand bias annotation values. If no sample has the SB genotype annotation, annotation may still fail. 
WARN  02:34:09,548 InbreedingCoeff - Annotation will not be calculated. InbreedingCoeff requires at least 10 unrelated samples. 
WARN  02:34:09,550 StrandBiasTest - StrandBiasBySample annotation exists in input VCF header. Attempting to use StrandBiasBySample values to calculate strand bias annotation values. If no sample has the SB genotype annotation, annotation may still fail. 
INFO  02:34:09,550 GenotypeGVCFs - Notice that the -ploidy parameter is ignored in GenotypeGVCFs tool as this is automatically determined by the input variant files 
WARN  02:34:29,865 HaplotypeScore - Annotation will not be calculated, must be called from UnifiedGenotyper, not org.broadinstitute.gatk.tools.walkers.variantutils.GenotypeGVCFs 
INFO  02:34:39,410 ProgressMeter -     20:35673801       3.5E7    30.0 s       0.0 s       56.6%    53.0 s      23.0 s 
INFO  02:34:55,599 ProgressMeter -            done   6.302552E7    46.0 s       0.0 s      100.0%    46.0 s       0.0 s 
INFO  02:34:55,600 ProgressMeter - Total runtime 46.20 secs, 0.77 min, 0.01 hours 
------------------------------------------------------------------------------------------
Done. There were 5 WARN messages, the first 5 are repeated below.
WARN  02:34:07,941 RMDTrackBuilder - Index file /home/azza/swift-project/Results/delivery/HG00108.lowcoverage.chr20.smallregion.GATKCombineGVCF.raw.vcf.idx is out of date (index older than input file), deleting and updating the index file 
WARN  02:34:09,548 StrandBiasTest - StrandBiasBySample annotation exists in input VCF header. Attempting to use StrandBiasBySample values to calculate strand bias annotation values. If no sample has the SB genotype annotation, annotation may still fail. 
WARN  02:34:09,548 InbreedingCoeff - Annotation will not be calculated. InbreedingCoeff requires at least 10 unrelated samples. 
WARN  02:34:09,550 StrandBiasTest - StrandBiasBySample annotation exists in input VCF header. Attempting to use StrandBiasBySample values to calculate strand bias annotation values. If no sample has the SB genotype annotation, annotation may still fail. 
WARN  02:34:29,865 HaplotypeScore - Annotation will not be calculated, must be called from UnifiedGenotyper, not org.broadinstitute.gatk.tools.walkers.variantutils.GenotypeGVCFs 
------------------------------------------------------------------------------------------
 284.600 shell command duration: 51.129
 284.700 turbine finalizing
 284.693 turbine finalizing
