2016-09-28 15:31:50,910 WARNING  No calls for location chr4 in truth!
2016-09-28 15:31:50,914 WARNING  No calls for location chr5 in truth!
2016-09-28 15:31:50,914 WARNING  No calls for location chr6 in truth!
2016-09-28 15:31:50,914 WARNING  No calls for location chr7 in truth!
2016-09-28 15:31:50,915 WARNING  No calls for location chr8 in truth!
2016-09-28 15:31:50,915 WARNING  No calls for location chr9 in truth!
2016-09-28 15:31:50,915 WARNING  No calls for location chr10 in truth!
2016-09-28 15:31:50,915 WARNING  No calls for location chr11 in truth!
2016-09-28 15:31:50,915 WARNING  No calls for location chr12 in truth!
2016-09-28 15:31:50,916 WARNING  No calls for location chr13 in truth!
2016-09-28 15:31:50,916 WARNING  No calls for location chr14 in truth!
2016-09-28 15:31:50,916 WARNING  No calls for location chr15 in truth!
2016-09-28 15:31:50,916 WARNING  No calls for location chr16 in truth!
2016-09-28 15:31:50,916 WARNING  No calls for location chr17 in truth!
2016-09-28 15:31:50,916 WARNING  No calls for location chr18 in truth!
2016-09-28 15:31:50,917 WARNING  No calls for location chr19 in truth!
2016-09-28 15:31:50,917 WARNING  No calls for location chr20 in truth!
2016-09-28 15:31:50,917 WARNING  No calls for location chr21 in truth!
2016-09-28 15:31:50,917 WARNING  No calls for location chr22 in truth!
2016-09-28 15:32:03,283 WARNING  [W::vcf_parse] INFO 'WP' is not defined in the header, assuming Type=String
2016-09-28 15:32:03,284 WARNING  [W::vcf_parse] FILTER 'P' is not defined in the header
2016-09-28 15:32:04,833 WARNING  [W::vcf_parse] INFO 'WP' is not defined in the header, assuming Type=String
2016-09-28 15:32:06,006 WARNING  [W::vcf_parse] INFO 'WP' is not defined in the header, assuming Type=String
2016-09-28 15:32:06,099 ERROR    Cannot read sample names from truth VCF file
2016-09-28 15:32:06,099 ERROR    Traceback (most recent call last):
2016-09-28 15:32:06,100 ERROR      File "/home/apps/hap.py/hap.py-0.3.0/bin/hap.py", line 638, in <module>
2016-09-28 15:32:06,100 ERROR        main()
2016-09-28 15:32:06,101 ERROR      File "/home/apps/hap.py/hap.py-0.3.0/bin/hap.py", line 570, in main
2016-09-28 15:32:06,101 ERROR        raise Exception("Cannot read sample names from truth VCF file")
2016-09-28 15:32:06,101 ERROR    Exception: Cannot read sample names from truth VCF file
2016-09-28 15:37:57,417 WARNING  No calls for location chr4 in truth!
2016-09-28 15:37:57,417 WARNING  No calls for location chr5 in truth!
2016-09-28 15:37:57,417 WARNING  No calls for location chr6 in truth!
2016-09-28 15:37:57,417 WARNING  No calls for location chr7 in truth!
2016-09-28 15:37:57,418 WARNING  No calls for location chr8 in truth!
2016-09-28 15:37:57,418 WARNING  No calls for location chr9 in truth!
2016-09-28 15:37:57,418 WARNING  No calls for location chr10 in truth!
2016-09-28 15:37:57,418 WARNING  No calls for location chr11 in truth!
2016-09-28 15:37:57,418 WARNING  No calls for location chr12 in truth!
2016-09-28 15:37:57,419 WARNING  No calls for location chr13 in truth!
2016-09-28 15:37:57,419 WARNING  No calls for location chr14 in truth!
2016-09-28 15:37:57,419 WARNING  No calls for location chr15 in truth!
2016-09-28 15:37:57,419 WARNING  No calls for location chr16 in truth!
2016-09-28 15:37:57,419 WARNING  No calls for location chr17 in truth!
2016-09-28 15:37:57,419 WARNING  No calls for location chr18 in truth!
2016-09-28 15:37:57,420 WARNING  No calls for location chr19 in truth!
2016-09-28 15:37:57,420 WARNING  No calls for location chr20 in truth!
2016-09-28 15:37:57,420 WARNING  No calls for location chr21 in truth!
2016-09-28 15:37:57,420 WARNING  No calls for location chr22 in truth!
2016-09-28 15:38:09,913 WARNING  [W::vcf_parse] INFO 'WP' is not defined in the header, assuming Type=String
2016-09-28 15:38:09,914 WARNING  [W::vcf_parse] FILTER 'P' is not defined in the header
2016-09-28 15:38:11,152 WARNING  [W::vcf_parse] INFO 'WP' is not defined in the header, assuming Type=String
2016-09-28 15:38:12,025 WARNING  [W::vcf_parse] INFO 'WP' is not defined in the header, assuming Type=String
2016-09-28 15:38:12,073 ERROR    Cannot read sample names from truth VCF file
2016-09-28 15:38:12,073 ERROR    Traceback (most recent call last):
2016-09-28 15:38:12,073 ERROR      File "/home/apps/hap.py/hap.py-0.3.0/bin/hap.py", line 638, in <module>
2016-09-28 15:38:12,073 ERROR        main()
2016-09-28 15:38:12,074 ERROR      File "/home/apps/hap.py/hap.py-0.3.0/bin/hap.py", line 570, in main
2016-09-28 15:38:12,074 ERROR        raise Exception("Cannot read sample names from truth VCF file")
2016-09-28 15:38:12,074 ERROR    Exception: Cannot read sample names from truth VCF file
2016-09-28 15:43:08,410 WARNING  No calls for location chr4 in truth!
2016-09-28 15:43:08,413 WARNING  No calls for location chr5 in truth!
2016-09-28 15:43:08,413 WARNING  No calls for location chr6 in truth!
2016-09-28 15:43:08,413 WARNING  No calls for location chr7 in truth!
2016-09-28 15:43:08,413 WARNING  No calls for location chr8 in truth!
2016-09-28 15:43:08,414 WARNING  No calls for location chr9 in truth!
2016-09-28 15:43:08,414 WARNING  No calls for location chr10 in truth!
2016-09-28 15:43:08,414 WARNING  No calls for location chr11 in truth!
2016-09-28 15:43:08,414 WARNING  No calls for location chr12 in truth!
2016-09-28 15:43:08,414 WARNING  No calls for location chr13 in truth!
2016-09-28 15:43:08,415 WARNING  No calls for location chr14 in truth!
2016-09-28 15:43:08,415 WARNING  No calls for location chr15 in truth!
2016-09-28 15:43:08,415 WARNING  No calls for location chr16 in truth!
2016-09-28 15:43:08,415 WARNING  No calls for location chr17 in truth!
2016-09-28 15:43:08,415 WARNING  No calls for location chr18 in truth!
2016-09-28 15:43:08,415 WARNING  No calls for location chr19 in truth!
2016-09-28 15:43:08,416 WARNING  No calls for location chr20 in truth!
2016-09-28 15:43:08,416 WARNING  No calls for location chr21 in truth!
2016-09-28 15:43:08,416 WARNING  No calls for location chr22 in truth!
2016-09-28 15:43:20,567 WARNING  [W::vcf_parse] INFO 'WP' is not defined in the header, assuming Type=String
2016-09-28 15:43:20,570 WARNING  [W::vcf_parse] FILTER 'P' is not defined in the header
2016-09-28 15:43:22,262 WARNING  [W::vcf_parse] INFO 'WP' is not defined in the header, assuming Type=String
2016-09-28 15:43:23,437 WARNING  [W::vcf_parse] INFO 'WP' is not defined in the header, assuming Type=String
2016-09-28 15:43:23,460 ERROR    Cannot read sample names from truth VCF file
2016-09-28 15:43:23,460 ERROR    Traceback (most recent call last):
2016-09-28 15:43:23,460 ERROR      File "/home/apps/hap.py/hap.py-0.3.0/bin/hap.py", line 638, in <module>
2016-09-28 15:43:23,461 ERROR        main()
2016-09-28 15:43:23,461 ERROR      File "/home/apps/hap.py/hap.py-0.3.0/bin/hap.py", line 570, in main
2016-09-28 15:43:23,461 ERROR        raise Exception("Cannot read sample names from truth VCF file")
2016-09-28 15:43:23,461 ERROR    Exception: Cannot read sample names from truth VCF file
2016-09-28 16:36:16,512 WARNING  No calls for location chr4 in truth!
2016-09-28 16:36:16,515 WARNING  No calls for location chr5 in truth!
2016-09-28 16:36:16,515 WARNING  No calls for location chr6 in truth!
2016-09-28 16:36:16,515 WARNING  No calls for location chr7 in truth!
2016-09-28 16:36:16,515 WARNING  No calls for location chr8 in truth!
2016-09-28 16:36:16,515 WARNING  No calls for location chr9 in truth!
2016-09-28 16:36:16,516 WARNING  No calls for location chr10 in truth!
2016-09-28 16:36:16,516 WARNING  No calls for location chr11 in truth!
2016-09-28 16:36:16,516 WARNING  No calls for location chr12 in truth!
2016-09-28 16:36:16,516 WARNING  No calls for location chr13 in truth!
2016-09-28 16:36:16,516 WARNING  No calls for location chr14 in truth!
2016-09-28 16:36:16,516 WARNING  No calls for location chr15 in truth!
2016-09-28 16:36:16,517 WARNING  No calls for location chr16 in truth!
2016-09-28 16:36:16,517 WARNING  No calls for location chr17 in truth!
2016-09-28 16:36:16,517 WARNING  No calls for location chr18 in truth!
2016-09-28 16:36:16,517 WARNING  No calls for location chr19 in truth!
2016-09-28 16:36:16,517 WARNING  No calls for location chr20 in truth!
2016-09-28 16:36:16,517 WARNING  No calls for location chr21 in truth!
2016-09-28 16:36:16,518 WARNING  No calls for location chr22 in truth!
2016-09-28 16:36:28,588 WARNING  [W::vcf_parse] INFO 'WP' is not defined in the header, assuming Type=String
2016-09-28 16:36:28,588 WARNING  [W::vcf_parse] FILTER 'P' is not defined in the header
2016-09-28 16:36:30,727 WARNING  [W::vcf_parse] INFO 'WP' is not defined in the header, assuming Type=String
2016-09-28 16:36:30,851 WARNING  [W::vcf_parse] INFO 'WP' is not defined in the header, assuming Type=String
2016-09-28 16:36:30,873 ERROR    Cannot read sample names from truth VCF file
2016-09-28 16:36:30,873 ERROR    Traceback (most recent call last):
2016-09-28 16:36:30,874 ERROR      File "/home/apps/hap.py/hap.py-0.3.0/bin/hap.py", line 638, in <module>
2016-09-28 16:36:30,874 ERROR        main()
2016-09-28 16:36:30,874 ERROR      File "/home/apps/hap.py/hap.py-0.3.0/bin/hap.py", line 570, in main
2016-09-28 16:36:30,874 ERROR        raise Exception("Cannot read sample names from truth VCF file")
2016-09-28 16:36:30,874 ERROR    Exception: Cannot read sample names from truth VCF file
